{"D:\\bookcrossing\\front\\src\\axios.tsx": {"path":"D:\\bookcrossing\\front\\src\\axios.tsx","statementMap":{"0":{"start":{"line":1,"column":0},"end":{"line":1,"column":25}},"1":{"start":{"line":3,"column":16},"end":{"line":6,"column":2}},"2":{"start":{"line":9,"column":0},"end":{"line":22,"column":null}},"3":{"start":{"line":11,"column":18},"end":{"line":11,"column":47}},"4":{"start":{"line":13,"column":4},"end":{"line":15,"column":5}},"5":{"start":{"line":14,"column":6},"end":{"line":14,"column":null}},"6":{"start":{"line":17,"column":4},"end":{"line":17,"column":null}},"7":{"start":{"line":20,"column":4},"end":{"line":20,"column":null}},"8":{"start":{"line":25,"column":0},"end":{"line":37,"column":null}},"9":{"start":{"line":27,"column":4},"end":{"line":27,"column":null}},"10":{"start":{"line":31,"column":4},"end":{"line":33,"column":5}},"11":{"start":{"line":32,"column":6},"end":{"line":32,"column":null}},"12":{"start":{"line":35,"column":4},"end":{"line":35,"column":null}},"13":{"start":{"line":39,"column":0},"end":{"line":39,"column":null}}},"fnMap":{"0":{"name":"(anonymous_1)","decl":{"start":{"line":10,"column":2},"end":{"line":10,"column":3}},"loc":{"start":{"line":10,"column":13},"end":{"line":18,"column":3}}},"1":{"name":"(anonymous_2)","decl":{"start":{"line":19,"column":2},"end":{"line":19,"column":3}},"loc":{"start":{"line":19,"column":12},"end":{"line":21,"column":3}}},"2":{"name":"(anonymous_3)","decl":{"start":{"line":26,"column":2},"end":{"line":26,"column":3}},"loc":{"start":{"line":26,"column":15},"end":{"line":28,"column":3}}},"3":{"name":"(anonymous_4)","decl":{"start":{"line":29,"column":2},"end":{"line":29,"column":3}},"loc":{"start":{"line":29,"column":12},"end":{"line":36,"column":3}}}},"branchMap":{"0":{"loc":{"start":{"line":13,"column":4},"end":{"line":15,"column":5}},"type":"if","locations":[{"start":{"line":13,"column":4},"end":{"line":15,"column":5}},{"start":{},"end":{}}]},"1":{"loc":{"start":{"line":31,"column":4},"end":{"line":33,"column":5}},"type":"if","locations":[{"start":{"line":31,"column":4},"end":{"line":33,"column":5}},{"start":{},"end":{}}]}},"s":{"0":2,"1":2,"2":2,"3":0,"4":0,"5":0,"6":0,"7":0,"8":2,"9":0,"10":0,"11":0,"12":0,"13":2},"f":{"0":0,"1":0,"2":0,"3":0},"b":{"0":[0,0],"1":[0,0]}}
,"D:\\bookcrossing\\front\\src\\test-utils.tsx": {"path":"D:\\bookcrossing\\front\\src\\test-utils.tsx","statementMap":{"0":{"start":{"line":2,"column":0},"end":{"line":2,"column":48}},"1":{"start":{"line":4,"column":0},"end":{"line":4,"column":72}},"2":{"start":{"line":5,"column":0},"end":{"line":5,"column":62}},"3":{"start":{"line":7,"column":30},"end":{"line":12,"column":4}},"4":{"start":{"line":8,"column":2},"end":{"line":12,"column":4}},"5":{"start":{"line":14,"column":35},"end":{"line":23,"column":1}},"6":{"start":{"line":15,"column":22},"end":{"line":15,"column":45}},"7":{"start":{"line":17,"column":2},"end":{"line":22,"column":null}},"8":{"start":{"line":14,"column":13},"end":{"line":14,"column":35}}},"fnMap":{"0":{"name":"(anonymous_0)","decl":{"start":{"line":7,"column":30},"end":{"line":7,"column":33}},"loc":{"start":{"line":8,"column":2},"end":{"line":12,"column":4}}},"1":{"name":"(anonymous_1)","decl":{"start":{"line":14,"column":35},"end":{"line":14,"column":36}},"loc":{"start":{"line":14,"column":98},"end":{"line":23,"column":1}}}},"branchMap":{},"s":{"0":7,"1":7,"2":7,"3":7,"4":30,"5":7,"6":30,"7":30,"8":7},"f":{"0":30,"1":30},"b":{}}
,"D:\\bookcrossing\\front\\src\\api\\functions.ts": {"path":"D:\\bookcrossing\\front\\src\\api\\functions.ts","statementMap":{"0":{"start":{"line":1,"column":0},"end":{"line":1,"column":16}},"1":{"start":{"line":2,"column":15},"end":{"line":2,"column":32}},"2":{"start":{"line":3,"column":13},"end":{"line":3,"column":22}},"3":{"start":{"line":5,"column":2},"end":{"line":5,"column":null}},"4":{"start":{"line":5,"column":30},"end":{"line":5,"column":null}},"5":{"start":{"line":6,"column":2},"end":{"line":6,"column":null}},"6":{"start":{"line":6,"column":16},"end":{"line":6,"column":null}},"7":{"start":{"line":7,"column":2},"end":{"line":7,"column":null}},"8":{"start":{"line":7,"column":26},"end":{"line":7,"column":null}},"9":{"start":{"line":9,"column":2},"end":{"line":9,"column":null}}},"fnMap":{"0":{"name":"pluralize","decl":{"start":{"line":1,"column":16},"end":{"line":1,"column":25}},"loc":{"start":{"line":1,"column":44},"end":{"line":10,"column":1}}}},"branchMap":{"0":{"loc":{"start":{"line":5,"column":2},"end":{"line":5,"column":null}},"type":"if","locations":[{"start":{"line":5,"column":2},"end":{"line":5,"column":null}},{"start":{},"end":{}}]},"1":{"loc":{"start":{"line":5,"column":6},"end":{"line":5,"column":28}},"type":"binary-expr","locations":[{"start":{"line":5,"column":6},"end":{"line":5,"column":15}},{"start":{"line":5,"column":19},"end":{"line":5,"column":28}}]},"2":{"loc":{"start":{"line":6,"column":2},"end":{"line":6,"column":null}},"type":"if","locations":[{"start":{"line":6,"column":2},"end":{"line":6,"column":null}},{"start":{},"end":{}}]},"3":{"loc":{"start":{"line":7,"column":2},"end":{"line":7,"column":null}},"type":"if","locations":[{"start":{"line":7,"column":2},"end":{"line":7,"column":null}},{"start":{},"end":{}}]},"4":{"loc":{"start":{"line":7,"column":6},"end":{"line":7,"column":24}},"type":"binary-expr","locations":[{"start":{"line":7,"column":6},"end":{"line":7,"column":13}},{"start":{"line":7,"column":17},"end":{"line":7,"column":24}}]}},"s":{"0":2,"1":12,"2":12,"3":12,"4":1,"5":11,"6":2,"7":9,"8":8,"9":1},"f":{"0":12},"b":{"0":[1,11],"1":[12,2],"2":[2,9],"3":[8,1],"4":[9,9]}}
,"D:\\bookcrossing\\front\\src\\api\\hooks.ts": {"path":"D:\\bookcrossing\\front\\src\\api\\hooks.ts","statementMap":{"0":{"start":{"line":1,"column":0},"end":{"line":1,"column":33}},"1":{"start":{"line":2,"column":0},"end":{"line":2,"column":46}},"2":{"start":{"line":4,"column":0},"end":{"line":4,"column":77}},"3":{"start":{"line":6,"column":0},"end":{"line":6,"column":44}},"4":{"start":{"line":8,"column":0},"end":{"line":8,"column":30}},"5":{"start":{"line":9,"column":0},"end":{"line":9,"column":44}},"6":{"start":{"line":29,"column":27},"end":{"line":30,"column":113}},"7":{"start":{"line":30,"column":2},"end":{"line":30,"column":113}},"8":{"start":{"line":30,"column":48},"end":{"line":30,"column":61}},"9":{"start":{"line":29,"column":13},"end":{"line":29,"column":27}},"10":{"start":{"line":32,"column":20},"end":{"line":32,"column":84}},"11":{"start":{"line":32,"column":55},"end":{"line":32,"column":84}},"12":{"start":{"line":34,"column":31},"end":{"line":45,"column":1}},"13":{"start":{"line":35,"column":19},"end":{"line":35,"column":32}},"14":{"start":{"line":37,"column":2},"end":{"line":44,"column":null}},"15":{"start":{"line":38,"column":40},"end":{"line":38,"column":58}},"16":{"start":{"line":40,"column":6},"end":{"line":40,"column":null}},"17":{"start":{"line":41,"column":6},"end":{"line":41,"column":null}},"18":{"start":{"line":42,"column":6},"end":{"line":42,"column":null}},"19":{"start":{"line":34,"column":13},"end":{"line":34,"column":31}},"20":{"start":{"line":47,"column":21},"end":{"line":47,"column":117}},"21":{"start":{"line":47,"column":74},"end":{"line":47,"column":117}},"22":{"start":{"line":49,"column":24},"end":{"line":60,"column":1}},"23":{"start":{"line":50,"column":19},"end":{"line":50,"column":32}},"24":{"start":{"line":52,"column":2},"end":{"line":59,"column":null}},"25":{"start":{"line":53,"column":33},"end":{"line":53,"column":44}},"26":{"start":{"line":55,"column":6},"end":{"line":55,"column":null}},"27":{"start":{"line":56,"column":6},"end":{"line":56,"column":null}},"28":{"start":{"line":57,"column":6},"end":{"line":57,"column":null}},"29":{"start":{"line":49,"column":13},"end":{"line":49,"column":24}},"30":{"start":{"line":62,"column":14},"end":{"line":62,"column":97}},"31":{"start":{"line":62,"column":60},"end":{"line":62,"column":97}},"32":{"start":{"line":64,"column":32},"end":{"line":79,"column":1}},"33":{"start":{"line":65,"column":19},"end":{"line":65,"column":32}},"34":{"start":{"line":66,"column":22},"end":{"line":66,"column":38}},"35":{"start":{"line":68,"column":2},"end":{"line":78,"column":null}},"36":{"start":{"line":69,"column":40},"end":{"line":69,"column":63}},"37":{"start":{"line":71,"column":6},"end":{"line":71,"column":null}},"38":{"start":{"line":72,"column":6},"end":{"line":72,"column":null}},"39":{"start":{"line":73,"column":6},"end":{"line":73,"column":null}},"40":{"start":{"line":76,"column":6},"end":{"line":76,"column":null}},"41":{"start":{"line":64,"column":13},"end":{"line":64,"column":32}},"42":{"start":{"line":81,"column":22},"end":{"line":84,"column":4}},"43":{"start":{"line":82,"column":2},"end":{"line":84,"column":4}},"44":{"start":{"line":86,"column":29},"end":{"line":87,"column":112}},"45":{"start":{"line":87,"column":2},"end":{"line":87,"column":112}},"46":{"start":{"line":87,"column":55},"end":{"line":87,"column":69}},"47":{"start":{"line":86,"column":13},"end":{"line":86,"column":29}},"48":{"start":{"line":89,"column":19},"end":{"line":90,"column":67}},"49":{"start":{"line":90,"column":2},"end":{"line":90,"column":67}},"50":{"start":{"line":92,"column":34},"end":{"line":92,"column":115}},"51":{"start":{"line":92,"column":40},"end":{"line":92,"column":115}},"52":{"start":{"line":92,"column":95},"end":{"line":92,"column":112}},"53":{"start":{"line":92,"column":13},"end":{"line":92,"column":34}},"54":{"start":{"line":94,"column":24},"end":{"line":94,"column":93}},"55":{"start":{"line":94,"column":55},"end":{"line":94,"column":93}},"56":{"start":{"line":96,"column":41},"end":{"line":106,"column":1}},"57":{"start":{"line":97,"column":22},"end":{"line":97,"column":38}},"58":{"start":{"line":99,"column":2},"end":{"line":105,"column":null}},"59":{"start":{"line":100,"column":44},"end":{"line":100,"column":107}},"60":{"start":{"line":102,"column":6},"end":{"line":102,"column":null}},"61":{"start":{"line":103,"column":6},"end":{"line":103,"column":null}},"62":{"start":{"line":96,"column":13},"end":{"line":96,"column":41}},"63":{"start":{"line":109,"column":28},"end":{"line":109,"column":96}},"64":{"start":{"line":109,"column":34},"end":{"line":109,"column":96}},"65":{"start":{"line":109,"column":82},"end":{"line":109,"column":93}},"66":{"start":{"line":109,"column":13},"end":{"line":109,"column":28}},"67":{"start":{"line":111,"column":18},"end":{"line":111,"column":95}},"68":{"start":{"line":111,"column":69},"end":{"line":111,"column":95}},"69":{"start":{"line":114,"column":27},"end":{"line":115,"column":78}},"70":{"start":{"line":115,"column":2},"end":{"line":115,"column":78}},"71":{"start":{"line":115,"column":58},"end":{"line":115,"column":75}},"72":{"start":{"line":114,"column":13},"end":{"line":114,"column":27}},"73":{"start":{"line":117,"column":17},"end":{"line":117,"column":102}},"74":{"start":{"line":117,"column":67},"end":{"line":117,"column":102}},"75":{"start":{"line":119,"column":30},"end":{"line":129,"column":1}},"76":{"start":{"line":120,"column":22},"end":{"line":120,"column":38}},"77":{"start":{"line":122,"column":2},"end":{"line":128,"column":null}},"78":{"start":{"line":123,"column":36},"end":{"line":123,"column":81}},"79":{"start":{"line":125,"column":6},"end":{"line":125,"column":null}},"80":{"start":{"line":126,"column":6},"end":{"line":126,"column":null}},"81":{"start":{"line":119,"column":13},"end":{"line":119,"column":30}},"82":{"start":{"line":131,"column":20},"end":{"line":131,"column":106}},"83":{"start":{"line":131,"column":65},"end":{"line":131,"column":106}},"84":{"start":{"line":133,"column":33},"end":{"line":143,"column":1}},"85":{"start":{"line":134,"column":22},"end":{"line":134,"column":38}},"86":{"start":{"line":136,"column":2},"end":{"line":142,"column":null}},"87":{"start":{"line":137,"column":36},"end":{"line":137,"column":83}},"88":{"start":{"line":139,"column":6},"end":{"line":139,"column":null}},"89":{"start":{"line":140,"column":6},"end":{"line":140,"column":null}},"90":{"start":{"line":133,"column":13},"end":{"line":133,"column":33}},"91":{"start":{"line":145,"column":26},"end":{"line":146,"column":82}},"92":{"start":{"line":146,"column":2},"end":{"line":146,"column":82}},"93":{"start":{"line":146,"column":53},"end":{"line":146,"column":64}},"94":{"start":{"line":145,"column":13},"end":{"line":145,"column":26}},"95":{"start":{"line":148,"column":16},"end":{"line":148,"column":78}},"96":{"start":{"line":148,"column":47},"end":{"line":148,"column":78}},"97":{"start":{"line":150,"column":26},"end":{"line":154,"column":1}},"98":{"start":{"line":151,"column":2},"end":{"line":153,"column":null}},"99":{"start":{"line":152,"column":36},"end":{"line":152,"column":49}},"100":{"start":{"line":150,"column":13},"end":{"line":150,"column":26}},"101":{"start":{"line":156,"column":16},"end":{"line":156,"column":86}},"102":{"start":{"line":156,"column":51},"end":{"line":156,"column":86}},"103":{"start":{"line":158,"column":29},"end":{"line":162,"column":1}},"104":{"start":{"line":159,"column":2},"end":{"line":161,"column":null}},"105":{"start":{"line":160,"column":66},"end":{"line":160,"column":86}},"106":{"start":{"line":158,"column":13},"end":{"line":158,"column":29}},"107":{"start":{"line":164,"column":19},"end":{"line":164,"column":109}},"108":{"start":{"line":164,"column":66},"end":{"line":164,"column":109}},"109":{"start":{"line":166,"column":29},"end":{"line":173,"column":1}},"110":{"start":{"line":167,"column":22},"end":{"line":167,"column":38}},"111":{"start":{"line":169,"column":2},"end":{"line":172,"column":null}},"112":{"start":{"line":170,"column":44},"end":{"line":170,"column":58}},"113":{"start":{"line":171,"column":21},"end":{"line":171,"column":98}},"114":{"start":{"line":166,"column":13},"end":{"line":166,"column":29}},"115":{"start":{"line":175,"column":19},"end":{"line":175,"column":91}},"116":{"start":{"line":175,"column":50},"end":{"line":175,"column":91}},"117":{"start":{"line":179,"column":30},"end":{"line":183,"column":1}},"118":{"start":{"line":180,"column":2},"end":{"line":182,"column":null}},"119":{"start":{"line":181,"column":44},"end":{"line":181,"column":65}},"120":{"start":{"line":179,"column":13},"end":{"line":179,"column":30}},"121":{"start":{"line":185,"column":20},"end":{"line":187,"column":1}},"122":{"start":{"line":186,"column":2},"end":{"line":186,"column":null}},"123":{"start":{"line":189,"column":28},"end":{"line":196,"column":1}},"124":{"start":{"line":190,"column":22},"end":{"line":190,"column":38}},"125":{"start":{"line":192,"column":2},"end":{"line":195,"column":null}},"126":{"start":{"line":193,"column":36},"end":{"line":193,"column":53}},"127":{"start":{"line":194,"column":21},"end":{"line":194,"column":79}},"128":{"start":{"line":189,"column":13},"end":{"line":189,"column":28}},"129":{"start":{"line":198,"column":18},"end":{"line":200,"column":1}},"130":{"start":{"line":199,"column":2},"end":{"line":199,"column":null}},"131":{"start":{"line":202,"column":39},"end":{"line":203,"column":79}},"132":{"start":{"line":203,"column":2},"end":{"line":203,"column":79}},"133":{"start":{"line":203,"column":62},"end":{"line":203,"column":76}},"134":{"start":{"line":202,"column":13},"end":{"line":202,"column":39}},"135":{"start":{"line":205,"column":21},"end":{"line":205,"column":98}},"136":{"start":{"line":205,"column":60},"end":{"line":205,"column":98}},"137":{"start":{"line":207,"column":30},"end":{"line":213,"column":1}},"138":{"start":{"line":208,"column":2},"end":{"line":212,"column":null}},"139":{"start":{"line":210,"column":19},"end":{"line":210,"column":40}},"140":{"start":{"line":207,"column":13},"end":{"line":207,"column":30}},"141":{"start":{"line":215,"column":20},"end":{"line":216,"column":60}},"142":{"start":{"line":216,"column":2},"end":{"line":216,"column":60}},"143":{"start":{"line":218,"column":31},"end":{"line":225,"column":1}},"144":{"start":{"line":219,"column":22},"end":{"line":219,"column":38}},"145":{"start":{"line":221,"column":2},"end":{"line":224,"column":null}},"146":{"start":{"line":222,"column":44},"end":{"line":222,"column":70}},"147":{"start":{"line":223,"column":21},"end":{"line":223,"column":99}},"148":{"start":{"line":218,"column":13},"end":{"line":218,"column":31}},"149":{"start":{"line":227,"column":21},"end":{"line":229,"column":1}},"150":{"start":{"line":228,"column":2},"end":{"line":228,"column":null}},"151":{"start":{"line":231,"column":28},"end":{"line":238,"column":1}},"152":{"start":{"line":232,"column":22},"end":{"line":232,"column":38}},"153":{"start":{"line":234,"column":2},"end":{"line":237,"column":null}},"154":{"start":{"line":235,"column":22},"end":{"line":235,"column":35}},"155":{"start":{"line":236,"column":21},"end":{"line":236,"column":108}},"156":{"start":{"line":231,"column":13},"end":{"line":231,"column":28}},"157":{"start":{"line":240,"column":18},"end":{"line":242,"column":1}},"158":{"start":{"line":241,"column":2},"end":{"line":241,"column":null}},"159":{"start":{"line":244,"column":33},"end":{"line":254,"column":1}},"160":{"start":{"line":245,"column":40},"end":{"line":245,"column":53}},"161":{"start":{"line":246,"column":21},"end":{"line":246,"column":62}},"162":{"start":{"line":246,"column":45},"end":{"line":246,"column":61}},"163":{"start":{"line":247,"column":27},"end":{"line":247,"column":74}},"164":{"start":{"line":247,"column":51},"end":{"line":247,"column":73}},"165":{"start":{"line":249,"column":2},"end":{"line":253,"column":null}},"166":{"start":{"line":250,"column":4},"end":{"line":252,"column":5}},"167":{"start":{"line":251,"column":6},"end":{"line":251,"column":null}},"168":{"start":{"line":244,"column":13},"end":{"line":244,"column":33}}},"fnMap":{"0":{"name":"(anonymous_1)","decl":{"start":{"line":29,"column":27},"end":{"line":29,"column":30}},"loc":{"start":{"line":30,"column":2},"end":{"line":30,"column":113}}},"1":{"name":"(anonymous_2)","decl":{"start":{"line":30,"column":42},"end":{"line":30,"column":45}},"loc":{"start":{"line":30,"column":48},"end":{"line":30,"column":61}}},"2":{"name":"(anonymous_3)","decl":{"start":{"line":32,"column":20},"end":{"line":32,"column":52}},"loc":{"start":{"line":32,"column":55},"end":{"line":32,"column":84}}},"3":{"name":"(anonymous_4)","decl":{"start":{"line":34,"column":31},"end":{"line":34,"column":34}},"loc":{"start":{"line":34,"column":36},"end":{"line":45,"column":1}}},"4":{"name":"(anonymous_5)","decl":{"start":{"line":38,"column":16},"end":{"line":38,"column":17}},"loc":{"start":{"line":38,"column":40},"end":{"line":38,"column":58}}},"5":{"name":"(anonymous_6)","decl":{"start":{"line":39,"column":15},"end":{"line":39,"column":16}},"loc":{"start":{"line":39,"column":24},"end":{"line":43,"column":5}}},"6":{"name":"(anonymous_7)","decl":{"start":{"line":47,"column":21},"end":{"line":47,"column":22}},"loc":{"start":{"line":47,"column":74},"end":{"line":47,"column":117}}},"7":{"name":"(anonymous_8)","decl":{"start":{"line":49,"column":24},"end":{"line":49,"column":27}},"loc":{"start":{"line":49,"column":29},"end":{"line":60,"column":1}}},"8":{"name":"(anonymous_9)","decl":{"start":{"line":53,"column":16},"end":{"line":53,"column":17}},"loc":{"start":{"line":53,"column":33},"end":{"line":53,"column":44}}},"9":{"name":"(anonymous_10)","decl":{"start":{"line":54,"column":15},"end":{"line":54,"column":16}},"loc":{"start":{"line":54,"column":24},"end":{"line":58,"column":5}}},"10":{"name":"(anonymous_11)","decl":{"start":{"line":62,"column":14},"end":{"line":62,"column":15}},"loc":{"start":{"line":62,"column":60},"end":{"line":62,"column":97}}},"11":{"name":"(anonymous_12)","decl":{"start":{"line":64,"column":32},"end":{"line":64,"column":35}},"loc":{"start":{"line":64,"column":37},"end":{"line":79,"column":1}}},"12":{"name":"(anonymous_13)","decl":{"start":{"line":69,"column":16},"end":{"line":69,"column":17}},"loc":{"start":{"line":69,"column":40},"end":{"line":69,"column":63}}},"13":{"name":"(anonymous_14)","decl":{"start":{"line":70,"column":15},"end":{"line":70,"column":16}},"loc":{"start":{"line":70,"column":29},"end":{"line":74,"column":5}}},"14":{"name":"(anonymous_15)","decl":{"start":{"line":75,"column":13},"end":{"line":75,"column":14}},"loc":{"start":{"line":75,"column":28},"end":{"line":77,"column":5}}},"15":{"name":"(anonymous_16)","decl":{"start":{"line":81,"column":22},"end":{"line":81,"column":23}},"loc":{"start":{"line":82,"column":2},"end":{"line":84,"column":4}}},"16":{"name":"(anonymous_17)","decl":{"start":{"line":86,"column":29},"end":{"line":86,"column":30}},"loc":{"start":{"line":87,"column":2},"end":{"line":87,"column":112}}},"17":{"name":"(anonymous_18)","decl":{"start":{"line":87,"column":49},"end":{"line":87,"column":52}},"loc":{"start":{"line":87,"column":55},"end":{"line":87,"column":69}}},"18":{"name":"(anonymous_19)","decl":{"start":{"line":89,"column":19},"end":{"line":89,"column":20}},"loc":{"start":{"line":90,"column":2},"end":{"line":90,"column":67}}},"19":{"name":"(anonymous_20)","decl":{"start":{"line":92,"column":34},"end":{"line":92,"column":37}},"loc":{"start":{"line":92,"column":40},"end":{"line":92,"column":115}}},"20":{"name":"(anonymous_21)","decl":{"start":{"line":92,"column":89},"end":{"line":92,"column":92}},"loc":{"start":{"line":92,"column":95},"end":{"line":92,"column":112}}},"21":{"name":"(anonymous_22)","decl":{"start":{"line":94,"column":24},"end":{"line":94,"column":52}},"loc":{"start":{"line":94,"column":55},"end":{"line":94,"column":93}}},"22":{"name":"(anonymous_23)","decl":{"start":{"line":96,"column":41},"end":{"line":96,"column":44}},"loc":{"start":{"line":96,"column":46},"end":{"line":106,"column":1}}},"23":{"name":"(anonymous_24)","decl":{"start":{"line":100,"column":16},"end":{"line":100,"column":17}},"loc":{"start":{"line":100,"column":44},"end":{"line":100,"column":107}}},"24":{"name":"(anonymous_25)","decl":{"start":{"line":101,"column":15},"end":{"line":101,"column":18}},"loc":{"start":{"line":101,"column":20},"end":{"line":104,"column":5}}},"25":{"name":"(anonymous_26)","decl":{"start":{"line":109,"column":28},"end":{"line":109,"column":31}},"loc":{"start":{"line":109,"column":34},"end":{"line":109,"column":96}}},"26":{"name":"(anonymous_27)","decl":{"start":{"line":109,"column":76},"end":{"line":109,"column":79}},"loc":{"start":{"line":109,"column":82},"end":{"line":109,"column":93}}},"27":{"name":"(anonymous_28)","decl":{"start":{"line":111,"column":18},"end":{"line":111,"column":66}},"loc":{"start":{"line":111,"column":69},"end":{"line":111,"column":95}}},"28":{"name":"(anonymous_29)","decl":{"start":{"line":114,"column":27},"end":{"line":114,"column":28}},"loc":{"start":{"line":115,"column":2},"end":{"line":115,"column":78}}},"29":{"name":"(anonymous_30)","decl":{"start":{"line":115,"column":52},"end":{"line":115,"column":55}},"loc":{"start":{"line":115,"column":58},"end":{"line":115,"column":75}}},"30":{"name":"(anonymous_31)","decl":{"start":{"line":117,"column":17},"end":{"line":117,"column":18}},"loc":{"start":{"line":117,"column":67},"end":{"line":117,"column":102}}},"31":{"name":"(anonymous_32)","decl":{"start":{"line":119,"column":30},"end":{"line":119,"column":33}},"loc":{"start":{"line":119,"column":35},"end":{"line":129,"column":1}}},"32":{"name":"(anonymous_33)","decl":{"start":{"line":123,"column":16},"end":{"line":123,"column":17}},"loc":{"start":{"line":123,"column":36},"end":{"line":123,"column":81}}},"33":{"name":"(anonymous_34)","decl":{"start":{"line":124,"column":15},"end":{"line":124,"column":18}},"loc":{"start":{"line":124,"column":20},"end":{"line":127,"column":5}}},"34":{"name":"(anonymous_35)","decl":{"start":{"line":131,"column":20},"end":{"line":131,"column":21}},"loc":{"start":{"line":131,"column":65},"end":{"line":131,"column":106}}},"35":{"name":"(anonymous_36)","decl":{"start":{"line":133,"column":33},"end":{"line":133,"column":36}},"loc":{"start":{"line":133,"column":38},"end":{"line":143,"column":1}}},"36":{"name":"(anonymous_37)","decl":{"start":{"line":137,"column":16},"end":{"line":137,"column":17}},"loc":{"start":{"line":137,"column":36},"end":{"line":137,"column":83}}},"37":{"name":"(anonymous_38)","decl":{"start":{"line":138,"column":15},"end":{"line":138,"column":18}},"loc":{"start":{"line":138,"column":20},"end":{"line":141,"column":5}}},"38":{"name":"(anonymous_39)","decl":{"start":{"line":145,"column":26},"end":{"line":145,"column":27}},"loc":{"start":{"line":146,"column":2},"end":{"line":146,"column":82}}},"39":{"name":"(anonymous_40)","decl":{"start":{"line":146,"column":47},"end":{"line":146,"column":50}},"loc":{"start":{"line":146,"column":53},"end":{"line":146,"column":64}}},"40":{"name":"(anonymous_41)","decl":{"start":{"line":148,"column":16},"end":{"line":148,"column":17}},"loc":{"start":{"line":148,"column":47},"end":{"line":148,"column":78}}},"41":{"name":"(anonymous_42)","decl":{"start":{"line":150,"column":26},"end":{"line":150,"column":29}},"loc":{"start":{"line":150,"column":31},"end":{"line":154,"column":1}}},"42":{"name":"(anonymous_43)","decl":{"start":{"line":152,"column":16},"end":{"line":152,"column":17}},"loc":{"start":{"line":152,"column":36},"end":{"line":152,"column":49}}},"43":{"name":"(anonymous_44)","decl":{"start":{"line":156,"column":16},"end":{"line":156,"column":17}},"loc":{"start":{"line":156,"column":51},"end":{"line":156,"column":86}}},"44":{"name":"(anonymous_45)","decl":{"start":{"line":158,"column":29},"end":{"line":158,"column":32}},"loc":{"start":{"line":158,"column":34},"end":{"line":162,"column":1}}},"45":{"name":"(anonymous_46)","decl":{"start":{"line":160,"column":16},"end":{"line":160,"column":17}},"loc":{"start":{"line":160,"column":66},"end":{"line":160,"column":86}}},"46":{"name":"(anonymous_47)","decl":{"start":{"line":164,"column":19},"end":{"line":164,"column":20}},"loc":{"start":{"line":164,"column":66},"end":{"line":164,"column":109}}},"47":{"name":"(anonymous_48)","decl":{"start":{"line":166,"column":29},"end":{"line":166,"column":32}},"loc":{"start":{"line":166,"column":34},"end":{"line":173,"column":1}}},"48":{"name":"(anonymous_49)","decl":{"start":{"line":170,"column":16},"end":{"line":170,"column":17}},"loc":{"start":{"line":170,"column":44},"end":{"line":170,"column":58}}},"49":{"name":"(anonymous_50)","decl":{"start":{"line":171,"column":15},"end":{"line":171,"column":18}},"loc":{"start":{"line":171,"column":21},"end":{"line":171,"column":98}}},"50":{"name":"(anonymous_51)","decl":{"start":{"line":175,"column":19},"end":{"line":175,"column":20}},"loc":{"start":{"line":175,"column":50},"end":{"line":175,"column":91}}},"51":{"name":"(anonymous_52)","decl":{"start":{"line":179,"column":30},"end":{"line":179,"column":33}},"loc":{"start":{"line":179,"column":35},"end":{"line":183,"column":1}}},"52":{"name":"(anonymous_53)","decl":{"start":{"line":181,"column":16},"end":{"line":181,"column":17}},"loc":{"start":{"line":181,"column":44},"end":{"line":181,"column":65}}},"53":{"name":"(anonymous_54)","decl":{"start":{"line":185,"column":20},"end":{"line":185,"column":21}},"loc":{"start":{"line":185,"column":62},"end":{"line":187,"column":1}}},"54":{"name":"(anonymous_55)","decl":{"start":{"line":189,"column":28},"end":{"line":189,"column":31}},"loc":{"start":{"line":189,"column":33},"end":{"line":196,"column":1}}},"55":{"name":"(anonymous_56)","decl":{"start":{"line":193,"column":16},"end":{"line":193,"column":17}},"loc":{"start":{"line":193,"column":36},"end":{"line":193,"column":53}}},"56":{"name":"(anonymous_57)","decl":{"start":{"line":194,"column":15},"end":{"line":194,"column":18}},"loc":{"start":{"line":194,"column":21},"end":{"line":194,"column":79}}},"57":{"name":"(anonymous_58)","decl":{"start":{"line":198,"column":18},"end":{"line":198,"column":19}},"loc":{"start":{"line":198,"column":52},"end":{"line":200,"column":1}}},"58":{"name":"(anonymous_59)","decl":{"start":{"line":202,"column":39},"end":{"line":202,"column":42}},"loc":{"start":{"line":203,"column":2},"end":{"line":203,"column":79}}},"59":{"name":"(anonymous_60)","decl":{"start":{"line":203,"column":56},"end":{"line":203,"column":59}},"loc":{"start":{"line":203,"column":62},"end":{"line":203,"column":76}}},"60":{"name":"(anonymous_61)","decl":{"start":{"line":205,"column":21},"end":{"line":205,"column":57}},"loc":{"start":{"line":205,"column":60},"end":{"line":205,"column":98}}},"61":{"name":"(anonymous_62)","decl":{"start":{"line":207,"column":30},"end":{"line":207,"column":31}},"loc":{"start":{"line":207,"column":116},"end":{"line":213,"column":1}}},"62":{"name":"(anonymous_63)","decl":{"start":{"line":210,"column":13},"end":{"line":210,"column":16}},"loc":{"start":{"line":210,"column":19},"end":{"line":210,"column":40}}},"63":{"name":"(anonymous_64)","decl":{"start":{"line":215,"column":20},"end":{"line":215,"column":21}},"loc":{"start":{"line":216,"column":2},"end":{"line":216,"column":60}}},"64":{"name":"(anonymous_65)","decl":{"start":{"line":218,"column":31},"end":{"line":218,"column":32}},"loc":{"start":{"line":218,"column":46},"end":{"line":225,"column":1}}},"65":{"name":"(anonymous_66)","decl":{"start":{"line":222,"column":16},"end":{"line":222,"column":17}},"loc":{"start":{"line":222,"column":44},"end":{"line":222,"column":70}}},"66":{"name":"(anonymous_67)","decl":{"start":{"line":223,"column":15},"end":{"line":223,"column":18}},"loc":{"start":{"line":223,"column":21},"end":{"line":223,"column":99}}},"67":{"name":"(anonymous_68)","decl":{"start":{"line":227,"column":21},"end":{"line":227,"column":22}},"loc":{"start":{"line":227,"column":75},"end":{"line":229,"column":1}}},"68":{"name":"(anonymous_69)","decl":{"start":{"line":231,"column":28},"end":{"line":231,"column":29}},"loc":{"start":{"line":231,"column":43},"end":{"line":238,"column":1}}},"69":{"name":"(anonymous_70)","decl":{"start":{"line":235,"column":16},"end":{"line":235,"column":19}},"loc":{"start":{"line":235,"column":22},"end":{"line":235,"column":35}}},"70":{"name":"(anonymous_71)","decl":{"start":{"line":236,"column":15},"end":{"line":236,"column":18}},"loc":{"start":{"line":236,"column":21},"end":{"line":236,"column":108}}},"71":{"name":"(anonymous_72)","decl":{"start":{"line":240,"column":18},"end":{"line":240,"column":19}},"loc":{"start":{"line":240,"column":48},"end":{"line":242,"column":1}}},"72":{"name":"(anonymous_73)","decl":{"start":{"line":244,"column":33},"end":{"line":244,"column":36}},"loc":{"start":{"line":244,"column":38},"end":{"line":254,"column":1}}},"73":{"name":"(anonymous_74)","decl":{"start":{"line":246,"column":34},"end":{"line":246,"column":35}},"loc":{"start":{"line":246,"column":45},"end":{"line":246,"column":61}}},"74":{"name":"(anonymous_75)","decl":{"start":{"line":247,"column":40},"end":{"line":247,"column":41}},"loc":{"start":{"line":247,"column":51},"end":{"line":247,"column":73}}},"75":{"name":"(anonymous_76)","decl":{"start":{"line":249,"column":12},"end":{"line":249,"column":15}},"loc":{"start":{"line":249,"column":17},"end":{"line":253,"column":3}}}},"branchMap":{"0":{"loc":{"start":{"line":76,"column":20},"end":{"line":76,"column":80}},"type":"binary-expr","locations":[{"start":{"line":76,"column":20},"end":{"line":76,"column":49}},{"start":{"line":76,"column":53},"end":{"line":76,"column":80}}]},"1":{"loc":{"start":{"line":87,"column":80},"end":{"line":87,"column":109}},"type":"binary-expr","locations":[{"start":{"line":87,"column":80},"end":{"line":87,"column":96}},{"start":{"line":87,"column":100},"end":{"line":87,"column":109}}]},"2":{"loc":{"start":{"line":90,"column":14},"end":{"line":90,"column":66}},"type":"cond-expr","locations":[{"start":{"line":90,"column":19},"end":{"line":90,"column":44}},{"start":{"line":90,"column":47},"end":{"line":90,"column":66}}]},"3":{"loc":{"start":{"line":207,"column":98},"end":{"line":207,"column":112}},"type":"default-arg","locations":[{"start":{"line":207,"column":108},"end":{"line":207,"column":112}}]},"4":{"loc":{"start":{"line":211,"column":13},"end":{"line":211,"column":30}},"type":"binary-expr","locations":[{"start":{"line":211,"column":13},"end":{"line":211,"column":20}},{"start":{"line":211,"column":24},"end":{"line":211,"column":30}}]},"5":{"loc":{"start":{"line":216,"column":39},"end":{"line":216,"column":57}},"type":"cond-expr","locations":[{"start":{"line":216,"column":44},"end":{"line":216,"column":52}},{"start":{"line":216,"column":55},"end":{"line":216,"column":57}}]},"6":{"loc":{"start":{"line":250,"column":4},"end":{"line":252,"column":5}},"type":"if","locations":[{"start":{"line":250,"column":4},"end":{"line":252,"column":5}},{"start":{},"end":{}}]},"7":{"loc":{"start":{"line":250,"column":8},"end":{"line":250,"column":77}},"type":"binary-expr","locations":[{"start":{"line":250,"column":8},"end":{"line":250,"column":18}},{"start":{"line":250,"column":22},"end":{"line":250,"column":30}},{"start":{"line":250,"column":34},"end":{"line":250,"column":58}},{"start":{"line":250,"column":62},"end":{"line":250,"column":77}}]}},"s":{"0":2,"1":2,"2":2,"3":2,"4":2,"5":2,"6":2,"7":0,"8":0,"9":2,"10":2,"11":0,"12":2,"13":0,"14":0,"15":0,"16":0,"17":0,"18":0,"19":2,"20":2,"21":0,"22":2,"23":75,"24":75,"25":4,"26":2,"27":1,"28":1,"29":2,"30":2,"31":4,"32":2,"33":0,"34":0,"35":0,"36":0,"37":0,"38":0,"39":0,"40":0,"41":2,"42":2,"43":0,"44":2,"45":0,"46":0,"47":2,"48":2,"49":0,"50":2,"51":0,"52":0,"53":2,"54":2,"55":0,"56":2,"57":0,"58":0,"59":0,"60":0,"61":0,"62":2,"63":2,"64":0,"65":0,"66":2,"67":2,"68":0,"69":2,"70":0,"71":0,"72":2,"73":2,"74":0,"75":2,"76":0,"77":0,"78":0,"79":0,"80":0,"81":2,"82":2,"83":0,"84":2,"85":0,"86":0,"87":0,"88":0,"89":0,"90":2,"91":2,"92":0,"93":0,"94":2,"95":2,"96":0,"97":2,"98":0,"99":0,"100":2,"101":2,"102":0,"103":2,"104":0,"105":0,"106":2,"107":2,"108":0,"109":2,"110":0,"111":0,"112":0,"113":0,"114":2,"115":2,"116":0,"117":2,"118":0,"119":0,"120":2,"121":2,"122":0,"123":2,"124":0,"125":0,"126":0,"127":0,"128":2,"129":2,"130":0,"131":2,"132":0,"133":0,"134":2,"135":2,"136":0,"137":2,"138":0,"139":0,"140":2,"141":2,"142":0,"143":2,"144":0,"145":0,"146":0,"147":0,"148":2,"149":2,"150":0,"151":2,"152":0,"153":0,"154":0,"155":0,"156":2,"157":2,"158":0,"159":2,"160":0,"161":0,"162":0,"163":0,"164":0,"165":0,"166":0,"167":0,"168":2},"f":{"0":0,"1":0,"2":0,"3":0,"4":0,"5":0,"6":0,"7":75,"8":4,"9":2,"10":4,"11":0,"12":0,"13":0,"14":0,"15":0,"16":0,"17":0,"18":0,"19":0,"20":0,"21":0,"22":0,"23":0,"24":0,"25":0,"26":0,"27":0,"28":0,"29":0,"30":0,"31":0,"32":0,"33":0,"34":0,"35":0,"36":0,"37":0,"38":0,"39":0,"40":0,"41":0,"42":0,"43":0,"44":0,"45":0,"46":0,"47":0,"48":0,"49":0,"50":0,"51":0,"52":0,"53":0,"54":0,"55":0,"56":0,"57":0,"58":0,"59":0,"60":0,"61":0,"62":0,"63":0,"64":0,"65":0,"66":0,"67":0,"68":0,"69":0,"70":0,"71":0,"72":0,"73":0,"74":0,"75":0},"b":{"0":[0,0],"1":[0,0],"2":[0,0],"3":[0],"4":[0,0],"5":[0,0],"6":[0,0],"7":[0,0,0,0]}}
,"D:\\bookcrossing\\front\\src\\api\\models.ts": {"path":"D:\\bookcrossing\\front\\src\\api\\models.ts","statementMap":{"0":{"start":{"line":124,"column":13},"end":{"line":128,"column":null}},"1":{"start":{"line":131,"column":13},"end":{"line":136,"column":null}},"2":{"start":{"line":140,"column":13},"end":{"line":144,"column":null}},"3":{"start":{"line":148,"column":13},"end":{"line":151,"column":null}},"4":{"start":{"line":155,"column":13},"end":{"line":159,"column":null}},"5":{"start":{"line":179,"column":13},"end":{"line":183,"column":null}},"6":{"start":{"line":229,"column":13},"end":{"line":240,"column":null}}},"fnMap":{},"branchMap":{},"s":{"0":4,"1":4,"2":4,"3":4,"4":4,"5":4,"6":4},"f":{},"b":{}}
,"D:\\bookcrossing\\front\\src\\components\\bookCard\\index.tsx": {"path":"D:\\bookcrossing\\front\\src\\components\\bookCard\\index.tsx","statementMap":{"0":{"start":{"line":1,"column":0},"end":{"line":1,"column":46}},"1":{"start":{"line":3,"column":0},"end":{"line":3,"column":70}},"2":{"start":{"line":5,"column":0},"end":{"line":5,"column":47}},"3":{"start":{"line":7,"column":0},"end":{"line":7,"column":67}},"4":{"start":{"line":9,"column":0},"end":{"line":9,"column":55}},"5":{"start":{"line":10,"column":0},"end":{"line":10,"column":42}},"6":{"start":{"line":12,"column":24},"end":{"line":65,"column":1}},"7":{"start":{"line":13,"column":19},"end":{"line":13,"column":32}},"8":{"start":{"line":14,"column":22},"end":{"line":14,"column":38}},"9":{"start":{"line":15,"column":25},"end":{"line":15,"column":44}},"10":{"start":{"line":17,"column":25},"end":{"line":26,"column":3}},"11":{"start":{"line":18,"column":4},"end":{"line":18,"column":null}},"12":{"start":{"line":19,"column":4},"end":{"line":19,"column":null}},"13":{"start":{"line":21,"column":4},"end":{"line":25,"column":5}},"14":{"start":{"line":22,"column":6},"end":{"line":22,"column":null}},"15":{"start":{"line":24,"column":6},"end":{"line":24,"column":null}},"16":{"start":{"line":28,"column":19},"end":{"line":28,"column":80}},"17":{"start":{"line":30,"column":2},"end":{"line":64,"column":null}},"18":{"start":{"line":31,"column":67},"end":{"line":31,"column":95}},"19":{"start":{"line":54,"column":10},"end":{"line":54,"column":null}},"20":{"start":{"line":12,"column":13},"end":{"line":12,"column":24}}},"fnMap":{"0":{"name":"(anonymous_1)","decl":{"start":{"line":12,"column":24},"end":{"line":12,"column":25}},"loc":{"start":{"line":12,"column":64},"end":{"line":65,"column":1}}},"1":{"name":"(anonymous_2)","decl":{"start":{"line":17,"column":25},"end":{"line":17,"column":26}},"loc":{"start":{"line":17,"column":49},"end":{"line":26,"column":3}}},"2":{"name":"(anonymous_3)","decl":{"start":{"line":31,"column":61},"end":{"line":31,"column":64}},"loc":{"start":{"line":31,"column":67},"end":{"line":31,"column":95}}},"3":{"name":"(anonymous_4)","decl":{"start":{"line":53,"column":17},"end":{"line":53,"column":18}},"loc":{"start":{"line":53,"column":23},"end":{"line":55,"column":9}}}},"branchMap":{"0":{"loc":{"start":{"line":21,"column":4},"end":{"line":25,"column":5}},"type":"if","locations":[{"start":{"line":21,"column":4},"end":{"line":25,"column":5}},{"start":{"line":23,"column":11},"end":{"line":25,"column":5}}]},"1":{"loc":{"start":{"line":28,"column":19},"end":{"line":28,"column":80}},"type":"cond-expr","locations":[{"start":{"line":28,"column":30},"end":{"line":28,"column":70}},{"start":{"line":28,"column":73},"end":{"line":28,"column":80}}]},"2":{"loc":{"start":{"line":41,"column":22},"end":{"line":41,"column":61}},"type":"cond-expr","locations":[{"start":{"line":41,"column":40},"end":{"line":41,"column":49}},{"start":{"line":41,"column":52},"end":{"line":41,"column":61}}]}},"s":{"0":3,"1":3,"2":3,"3":3,"4":3,"5":3,"6":3,"7":15,"8":15,"9":15,"10":15,"11":2,"12":2,"13":2,"14":1,"15":1,"16":15,"17":15,"18":1,"19":0,"20":3},"f":{"0":15,"1":2,"2":1,"3":0},"b":{"0":[1,1],"1":[5,10],"2":[1,14]}}
,"D:\\bookcrossing\\front\\src\\components\\bookDeliveryInfo.tsx\\index.tsx": {"path":"D:\\bookcrossing\\front\\src\\components\\bookDeliveryInfo.tsx\\index.tsx","statementMap":{"0":{"start":{"line":1,"column":0},"end":{"line":1,"column":46}},"1":{"start":{"line":3,"column":0},"end":{"line":3,"column":77}},"2":{"start":{"line":5,"column":0},"end":{"line":5,"column":75}},"3":{"start":{"line":6,"column":0},"end":{"line":6,"column":25}},"4":{"start":{"line":8,"column":0},"end":{"line":8,"column":82}},"5":{"start":{"line":11,"column":32},"end":{"line":97,"column":1}},"6":{"start":{"line":12,"column":22},"end":{"line":12,"column":38}},"7":{"start":{"line":13,"column":25},"end":{"line":13,"column":44}},"8":{"start":{"line":14,"column":19},"end":{"line":14,"column":32}},"9":{"start":{"line":15,"column":26},"end":{"line":15,"column":41}},"10":{"start":{"line":17,"column":37},"end":{"line":17,"column":41}},"11":{"start":{"line":19,"column":4},"end":{"line":23,"column":88}},"12":{"start":{"line":25,"column":19},"end":{"line":27,"column":3}},"13":{"start":{"line":26,"column":4},"end":{"line":26,"column":null}},"14":{"start":{"line":26,"column":51},"end":{"line":26,"column":71}},"15":{"start":{"line":29,"column":25},"end":{"line":35,"column":3}},"16":{"start":{"line":30,"column":4},"end":{"line":34,"column":5}},"17":{"start":{"line":31,"column":6},"end":{"line":31,"column":null}},"18":{"start":{"line":33,"column":6},"end":{"line":33,"column":null}},"19":{"start":{"line":37,"column":2},"end":{"line":37,"column":null}},"20":{"start":{"line":39,"column":2},"end":{"line":96,"column":null}},"21":{"start":{"line":49,"column":73},"end":{"line":49,"column":86}},"22":{"start":{"line":66,"column":69},"end":{"line":66,"column":101}},"23":{"start":{"line":69,"column":72},"end":{"line":69,"column":82}},"24":{"start":{"line":75,"column":62},"end":{"line":75,"column":106}},"25":{"start":{"line":11,"column":13},"end":{"line":11,"column":32}}},"fnMap":{"0":{"name":"(anonymous_1)","decl":{"start":{"line":11,"column":32},"end":{"line":11,"column":33}},"loc":{"start":{"line":11,"column":104},"end":{"line":97,"column":1}}},"1":{"name":"(anonymous_2)","decl":{"start":{"line":25,"column":19},"end":{"line":25,"column":22}},"loc":{"start":{"line":25,"column":24},"end":{"line":27,"column":3}}},"2":{"name":"(anonymous_3)","decl":{"start":{"line":26,"column":45},"end":{"line":26,"column":48}},"loc":{"start":{"line":26,"column":51},"end":{"line":26,"column":71}}},"3":{"name":"(anonymous_4)","decl":{"start":{"line":29,"column":25},"end":{"line":29,"column":28}},"loc":{"start":{"line":29,"column":30},"end":{"line":35,"column":3}}},"4":{"name":"(anonymous_5)","decl":{"start":{"line":49,"column":67},"end":{"line":49,"column":70}},"loc":{"start":{"line":49,"column":73},"end":{"line":49,"column":86}}},"5":{"name":"(anonymous_6)","decl":{"start":{"line":66,"column":63},"end":{"line":66,"column":66}},"loc":{"start":{"line":66,"column":69},"end":{"line":66,"column":101}}},"6":{"name":"(anonymous_7)","decl":{"start":{"line":69,"column":66},"end":{"line":69,"column":69}},"loc":{"start":{"line":69,"column":72},"end":{"line":69,"column":82}}},"7":{"name":"(anonymous_8)","decl":{"start":{"line":75,"column":56},"end":{"line":75,"column":59}},"loc":{"start":{"line":75,"column":62},"end":{"line":75,"column":106}}}},"branchMap":{"0":{"loc":{"start":{"line":19,"column":4},"end":{"line":23,"column":88}},"type":"cond-expr","locations":[{"start":{"line":20,"column":8},"end":{"line":20,"column":66}},{"start":{"line":21,"column":8},"end":{"line":23,"column":88}}]},"1":{"loc":{"start":{"line":21,"column":8},"end":{"line":23,"column":88}},"type":"cond-expr","locations":[{"start":{"line":22,"column":10},"end":{"line":22,"column":27}},{"start":{"line":23,"column":10},"end":{"line":23,"column":88}}]},"2":{"loc":{"start":{"line":30,"column":4},"end":{"line":34,"column":5}},"type":"if","locations":[{"start":{"line":30,"column":4},"end":{"line":34,"column":5}},{"start":{"line":32,"column":11},"end":{"line":34,"column":5}}]},"3":{"loc":{"start":{"line":43,"column":11},"end":{"line":56,"column":null}},"type":"binary-expr","locations":[{"start":{"line":43,"column":11},"end":{"line":43,"column":16}},{"start":{"line":44,"column":12},"end":{"line":55,"column":null}}]},"4":{"loc":{"start":{"line":50,"column":21},"end":{"line":50,"column":90}},"type":"cond-expr","locations":[{"start":{"line":50,"column":52},"end":{"line":50,"column":69}},{"start":{"line":50,"column":72},"end":{"line":50,"column":90}}]},"5":{"loc":{"start":{"line":64,"column":11},"end":{"line":91,"column":null}},"type":"cond-expr","locations":[{"start":{"line":65,"column":12},"end":{"line":71,"column":null}},{"start":{"line":74,"column":12},"end":{"line":90,"column":null}}]}},"s":{"0":1,"1":1,"2":1,"3":1,"4":1,"5":1,"6":5,"7":5,"8":5,"9":5,"10":5,"11":5,"12":5,"13":1,"14":1,"15":5,"16":0,"17":0,"18":0,"19":5,"20":5,"21":0,"22":0,"23":1,"24":0,"25":1},"f":{"0":5,"1":1,"2":1,"3":0,"4":0,"5":0,"6":1,"7":0},"b":{"0":[5,0],"1":[0,0],"2":[0,0],"3":[5,3],"4":[0,3],"5":[2,3]}}
,"D:\\bookcrossing\\front\\src\\components\\bookInfo\\index.tsx": {"path":"D:\\bookcrossing\\front\\src\\components\\bookInfo\\index.tsx","statementMap":{"0":{"start":{"line":1,"column":0},"end":{"line":1,"column":44}},"1":{"start":{"line":3,"column":0},"end":{"line":3,"column":72}},"2":{"start":{"line":4,"column":0},"end":{"line":4,"column":42}},"3":{"start":{"line":6,"column":24},"end":{"line":42,"column":null}},"4":{"start":{"line":7,"column":2},"end":{"line":41,"column":null}},"5":{"start":{"line":6,"column":13},"end":{"line":6,"column":24}}},"fnMap":{"0":{"name":"(anonymous_0)","decl":{"start":{"line":6,"column":24},"end":{"line":6,"column":25}},"loc":{"start":{"line":7,"column":2},"end":{"line":41,"column":null}}}},"branchMap":{},"s":{"0":1,"1":1,"2":1,"3":1,"4":5,"5":1},"f":{"0":5},"b":{}}
,"D:\\bookcrossing\\front\\src\\components\\bookStatus\\index.tsx": {"path":"D:\\bookcrossing\\front\\src\\components\\bookStatus\\index.tsx","statementMap":{"0":{"start":{"line":3,"column":0},"end":{"line":3,"column":49}},"1":{"start":{"line":5,"column":0},"end":{"line":5,"column":41}},"2":{"start":{"line":9,"column":15},"end":{"line":13,"column":null}},"3":{"start":{"line":15,"column":26},"end":{"line":34,"column":1}},"4":{"start":{"line":16,"column":32},"end":{"line":16,"column":46}},"5":{"start":{"line":18,"column":2},"end":{"line":23,"column":null}},"6":{"start":{"line":19,"column":4},"end":{"line":23,"column":null}},"7":{"start":{"line":25,"column":2},"end":{"line":33,"column":null}},"8":{"start":{"line":15,"column":13},"end":{"line":15,"column":26}}},"fnMap":{"0":{"name":"(anonymous_0)","decl":{"start":{"line":15,"column":26},"end":{"line":15,"column":27}},"loc":{"start":{"line":15,"column":99},"end":{"line":34,"column":1}}}},"branchMap":{"0":{"loc":{"start":{"line":18,"column":2},"end":{"line":23,"column":null}},"type":"if","locations":[{"start":{"line":18,"column":2},"end":{"line":23,"column":null}},{"start":{},"end":{}}]}},"s":{"0":3,"1":3,"2":3,"3":3,"4":20,"5":20,"6":15,"7":5,"8":3},"f":{"0":20},"b":{"0":[15,5]}}
,"D:\\bookcrossing\\front\\src\\components\\common\\container\\index.tsx": {"path":"D:\\bookcrossing\\front\\src\\components\\common\\container\\index.tsx","statementMap":{"0":{"start":{"line":1,"column":0},"end":{"line":1,"column":46}},"1":{"start":{"line":3,"column":0},"end":{"line":3,"column":93}},"2":{"start":{"line":5,"column":0},"end":{"line":5,"column":79}},"3":{"start":{"line":6,"column":0},"end":{"line":6,"column":44}},"4":{"start":{"line":8,"column":0},"end":{"line":8,"column":68}},"5":{"start":{"line":9,"column":0},"end":{"line":9,"column":57}},"6":{"start":{"line":10,"column":0},"end":{"line":10,"column":43}},"7":{"start":{"line":11,"column":0},"end":{"line":11,"column":45}},"8":{"start":{"line":12,"column":0},"end":{"line":12,"column":50}},"9":{"start":{"line":13,"column":0},"end":{"line":13,"column":46}},"10":{"start":{"line":15,"column":0},"end":{"line":15,"column":40}},"11":{"start":{"line":17,"column":36},"end":{"line":17,"column":42}},"12":{"start":{"line":19,"column":25},"end":{"line":134,"column":1}},"13":{"start":{"line":20,"column":2},"end":{"line":20,"column":null}},"14":{"start":{"line":22,"column":19},"end":{"line":22,"column":32}},"15":{"start":{"line":23,"column":17},"end":{"line":23,"column":31}},"16":{"start":{"line":25,"column":39},"end":{"line":26,"column":null}},"17":{"start":{"line":26,"column":51},"end":{"line":26,"column":79}},"18":{"start":{"line":29,"column":21},"end":{"line":29,"column":62}},"19":{"start":{"line":29,"column":45},"end":{"line":29,"column":61}},"20":{"start":{"line":30,"column":27},"end":{"line":30,"column":74}},"21":{"start":{"line":30,"column":51},"end":{"line":30,"column":73}},"22":{"start":{"line":32,"column":2},"end":{"line":133,"column":null}},"23":{"start":{"line":38,"column":75},"end":{"line":38,"column":95}},"24":{"start":{"line":46,"column":70},"end":{"line":46,"column":100}},"25":{"start":{"line":57,"column":33},"end":{"line":57,"column":61}},"26":{"start":{"line":60,"column":78},"end":{"line":60,"column":98}},"27":{"start":{"line":69,"column":77},"end":{"line":69,"column":103}},"28":{"start":{"line":72,"column":75},"end":{"line":72,"column":95}},"29":{"start":{"line":75,"column":49},"end":{"line":75,"column":67}},"30":{"start":{"line":19,"column":13},"end":{"line":19,"column":25}}},"fnMap":{"0":{"name":"(anonymous_1)","decl":{"start":{"line":19,"column":25},"end":{"line":19,"column":26}},"loc":{"start":{"line":19,"column":73},"end":{"line":134,"column":1}}},"1":{"name":"(anonymous_2)","decl":{"start":{"line":26,"column":15},"end":{"line":26,"column":16}},"loc":{"start":{"line":26,"column":51},"end":{"line":26,"column":79}}},"2":{"name":"(anonymous_3)","decl":{"start":{"line":29,"column":34},"end":{"line":29,"column":35}},"loc":{"start":{"line":29,"column":45},"end":{"line":29,"column":61}}},"3":{"name":"(anonymous_4)","decl":{"start":{"line":30,"column":40},"end":{"line":30,"column":41}},"loc":{"start":{"line":30,"column":51},"end":{"line":30,"column":73}}},"4":{"name":"(anonymous_5)","decl":{"start":{"line":38,"column":69},"end":{"line":38,"column":72}},"loc":{"start":{"line":38,"column":75},"end":{"line":38,"column":95}}},"5":{"name":"(anonymous_6)","decl":{"start":{"line":46,"column":47},"end":{"line":46,"column":48}},"loc":{"start":{"line":46,"column":70},"end":{"line":46,"column":100}}},"6":{"name":"(anonymous_7)","decl":{"start":{"line":57,"column":26},"end":{"line":57,"column":27}},"loc":{"start":{"line":57,"column":33},"end":{"line":57,"column":61}}},"7":{"name":"(anonymous_8)","decl":{"start":{"line":60,"column":72},"end":{"line":60,"column":75}},"loc":{"start":{"line":60,"column":78},"end":{"line":60,"column":98}}},"8":{"name":"(anonymous_9)","decl":{"start":{"line":69,"column":71},"end":{"line":69,"column":74}},"loc":{"start":{"line":69,"column":77},"end":{"line":69,"column":103}}},"9":{"name":"(anonymous_10)","decl":{"start":{"line":72,"column":69},"end":{"line":72,"column":72}},"loc":{"start":{"line":72,"column":75},"end":{"line":72,"column":95}}},"10":{"name":"(anonymous_11)","decl":{"start":{"line":75,"column":43},"end":{"line":75,"column":46}},"loc":{"start":{"line":75,"column":49},"end":{"line":75,"column":67}}}},"branchMap":{"0":{"loc":{"start":{"line":46,"column":24},"end":{"line":46,"column":41}},"type":"binary-expr","locations":[{"start":{"line":46,"column":24},"end":{"line":46,"column":35}},{"start":{"line":46,"column":39},"end":{"line":46,"column":41}}]},"1":{"loc":{"start":{"line":65,"column":13},"end":{"line":77,"column":null}},"type":"cond-expr","locations":[{"start":{"line":66,"column":14},"end":{"line":72,"column":null}},{"start":{"line":75,"column":14},"end":{"line":75,"column":null}}]},"2":{"loc":{"start":{"line":70,"column":37},"end":{"line":70,"column":66}},"type":"binary-expr","locations":[{"start":{"line":70,"column":37},"end":{"line":70,"column":61}},{"start":{"line":70,"column":65},"end":{"line":70,"column":66}}]}},"s":{"0":5,"1":5,"2":5,"3":5,"4":5,"5":5,"6":5,"7":5,"8":5,"9":5,"10":5,"11":5,"12":5,"13":76,"14":76,"15":76,"16":76,"17":76,"18":76,"19":76,"20":76,"21":76,"22":76,"23":0,"24":7,"25":0,"26":0,"27":0,"28":0,"29":0,"30":5},"f":{"0":76,"1":76,"2":76,"3":76,"4":0,"5":7,"6":0,"7":0,"8":0,"9":0,"10":0},"b":{"0":[76,0],"1":[4,72],"2":[4,4]}}
,"D:\\bookcrossing\\front\\src\\components\\exchangeCard\\cancelModal.tsx": {"path":"D:\\bookcrossing\\front\\src\\components\\exchangeCard\\cancelModal.tsx","statementMap":{"0":{"start":{"line":1,"column":0},"end":{"line":1,"column":32}},"1":{"start":{"line":3,"column":0},"end":{"line":3,"column":54}},"2":{"start":{"line":5,"column":27},"end":{"line":42,"column":1}},"3":{"start":{"line":6,"column":36},"end":{"line":6,"column":51}},"4":{"start":{"line":8,"column":23},"end":{"line":12,"column":3}},"5":{"start":{"line":9,"column":4},"end":{"line":9,"column":null}},"6":{"start":{"line":10,"column":4},"end":{"line":10,"column":null}},"7":{"start":{"line":11,"column":4},"end":{"line":11,"column":null}},"8":{"start":{"line":14,"column":2},"end":{"line":41,"column":null}},"9":{"start":{"line":15,"column":32},"end":{"line":15,"column":46}},"10":{"start":{"line":35,"column":33},"end":{"line":35,"column":47}},"11":{"start":{"line":5,"column":13},"end":{"line":5,"column":27}}},"fnMap":{"0":{"name":"(anonymous_0)","decl":{"start":{"line":5,"column":27},"end":{"line":5,"column":28}},"loc":{"start":{"line":5,"column":109},"end":{"line":42,"column":1}}},"1":{"name":"(anonymous_1)","decl":{"start":{"line":8,"column":23},"end":{"line":8,"column":28}},"loc":{"start":{"line":8,"column":34},"end":{"line":12,"column":3}}},"2":{"name":"(anonymous_2)","decl":{"start":{"line":15,"column":26},"end":{"line":15,"column":29}},"loc":{"start":{"line":15,"column":32},"end":{"line":15,"column":46}}},"3":{"name":"(anonymous_3)","decl":{"start":{"line":35,"column":27},"end":{"line":35,"column":30}},"loc":{"start":{"line":35,"column":33},"end":{"line":35,"column":47}}}},"branchMap":{},"s":{"0":1,"1":1,"2":1,"3":0,"4":0,"5":0,"6":0,"7":0,"8":0,"9":0,"10":0,"11":1},"f":{"0":0,"1":0,"2":0,"3":0},"b":{}}
,"D:\\bookcrossing\\front\\src\\components\\exchangeCard\\index.tsx": {"path":"D:\\bookcrossing\\front\\src\\components\\exchangeCard\\index.tsx","statementMap":{"0":{"start":{"line":1,"column":0},"end":{"line":1,"column":32}},"1":{"start":{"line":3,"column":0},"end":{"line":3,"column":89}},"2":{"start":{"line":5,"column":0},"end":{"line":5,"column":63}},"3":{"start":{"line":7,"column":0},"end":{"line":7,"column":44}},"4":{"start":{"line":8,"column":0},"end":{"line":8,"column":40}},"5":{"start":{"line":9,"column":0},"end":{"line":9,"column":43}},"6":{"start":{"line":10,"column":0},"end":{"line":10,"column":43}},"7":{"start":{"line":11,"column":0},"end":{"line":11,"column":39}},"8":{"start":{"line":13,"column":0},"end":{"line":13,"column":41}},"9":{"start":{"line":15,"column":28},"end":{"line":291,"column":1}},"10":{"start":{"line":22,"column":21},"end":{"line":22,"column":45}},"11":{"start":{"line":23,"column":35},"end":{"line":23,"column":49}},"12":{"start":{"line":24,"column":34},"end":{"line":24,"column":56}},"13":{"start":{"line":25,"column":48},"end":{"line":25,"column":63}},"14":{"start":{"line":26,"column":48},"end":{"line":26,"column":63}},"15":{"start":{"line":28,"column":17},"end":{"line":28,"column":49}},"16":{"start":{"line":30,"column":27},"end":{"line":40,"column":3}},"17":{"start":{"line":31,"column":4},"end":{"line":39,"column":5}},"18":{"start":{"line":32,"column":6},"end":{"line":32,"column":null}},"19":{"start":{"line":34,"column":6},"end":{"line":38,"column":7}},"20":{"start":{"line":35,"column":8},"end":{"line":35,"column":null}},"21":{"start":{"line":37,"column":8},"end":{"line":37,"column":null}},"22":{"start":{"line":37,"column":43},"end":{"line":37,"column":51}},"23":{"start":{"line":42,"column":19},"end":{"line":49,"column":3}},"24":{"start":{"line":43,"column":4},"end":{"line":45,"column":5}},"25":{"start":{"line":44,"column":6},"end":{"line":44,"column":null}},"26":{"start":{"line":46,"column":4},"end":{"line":48,"column":5}},"27":{"start":{"line":47,"column":6},"end":{"line":47,"column":null}},"28":{"start":{"line":51,"column":24},"end":{"line":68,"column":3}},"29":{"start":{"line":52,"column":4},"end":{"line":58,"column":5}},"30":{"start":{"line":53,"column":6},"end":{"line":57,"column":7}},"31":{"start":{"line":54,"column":8},"end":{"line":54,"column":null}},"32":{"start":{"line":55,"column":13},"end":{"line":57,"column":7}},"33":{"start":{"line":56,"column":8},"end":{"line":56,"column":null}},"34":{"start":{"line":59,"column":4},"end":{"line":65,"column":5}},"35":{"start":{"line":60,"column":6},"end":{"line":64,"column":7}},"36":{"start":{"line":61,"column":8},"end":{"line":61,"column":null}},"37":{"start":{"line":62,"column":13},"end":{"line":64,"column":7}},"38":{"start":{"line":63,"column":8},"end":{"line":63,"column":null}},"39":{"start":{"line":67,"column":4},"end":{"line":67,"column":null}},"40":{"start":{"line":70,"column":23},"end":{"line":80,"column":3}},"41":{"start":{"line":71,"column":4},"end":{"line":79,"column":5}},"42":{"start":{"line":72,"column":6},"end":{"line":72,"column":null}},"43":{"start":{"line":73,"column":11},"end":{"line":79,"column":5}},"44":{"start":{"line":74,"column":6},"end":{"line":74,"column":null}},"45":{"start":{"line":75,"column":11},"end":{"line":79,"column":5}},"46":{"start":{"line":76,"column":6},"end":{"line":76,"column":null}},"47":{"start":{"line":78,"column":6},"end":{"line":78,"column":null}},"48":{"start":{"line":82,"column":30},"end":{"line":85,"column":62}},"49":{"start":{"line":83,"column":4},"end":{"line":85,"column":62}},"50":{"start":{"line":87,"column":28},"end":{"line":100,"column":3}},"51":{"start":{"line":88,"column":75},"end":{"line":88,"column":79}},"52":{"start":{"line":90,"column":4},"end":{"line":90,"column":null}},"53":{"start":{"line":90,"column":81},"end":{"line":90,"column":null}},"54":{"start":{"line":92,"column":4},"end":{"line":94,"column":5}},"55":{"start":{"line":93,"column":6},"end":{"line":93,"column":null}},"56":{"start":{"line":95,"column":4},"end":{"line":97,"column":5}},"57":{"start":{"line":96,"column":6},"end":{"line":96,"column":null}},"58":{"start":{"line":99,"column":4},"end":{"line":99,"column":null}},"59":{"start":{"line":102,"column":28},"end":{"line":118,"column":3}},"60":{"start":{"line":103,"column":69},"end":{"line":103,"column":73}},"61":{"start":{"line":105,"column":4},"end":{"line":109,"column":5}},"62":{"start":{"line":106,"column":6},"end":{"line":106,"column":null}},"63":{"start":{"line":106,"column":59},"end":{"line":106,"column":null}},"64":{"start":{"line":107,"column":6},"end":{"line":107,"column":null}},"65":{"start":{"line":107,"column":45},"end":{"line":107,"column":null}},"66":{"start":{"line":108,"column":6},"end":{"line":108,"column":null}},"67":{"start":{"line":108,"column":49},"end":{"line":108,"column":null}},"68":{"start":{"line":111,"column":4},"end":{"line":115,"column":5}},"69":{"start":{"line":112,"column":6},"end":{"line":112,"column":null}},"70":{"start":{"line":112,"column":55},"end":{"line":112,"column":null}},"71":{"start":{"line":113,"column":6},"end":{"line":113,"column":null}},"72":{"start":{"line":113,"column":41},"end":{"line":113,"column":null}},"73":{"start":{"line":114,"column":6},"end":{"line":114,"column":null}},"74":{"start":{"line":114,"column":45},"end":{"line":114,"column":null}},"75":{"start":{"line":117,"column":4},"end":{"line":117,"column":null}},"76":{"start":{"line":120,"column":17},"end":{"line":127,"column":null}},"77":{"start":{"line":121,"column":4},"end":{"line":127,"column":null}},"78":{"start":{"line":125,"column":10},"end":{"line":125,"column":null}},"79":{"start":{"line":130,"column":20},"end":{"line":135,"column":6}},"80":{"start":{"line":131,"column":4},"end":{"line":135,"column":6}},"81":{"start":{"line":133,"column":8},"end":{"line":133,"column":null}},"82":{"start":{"line":137,"column":2},"end":{"line":290,"column":null}},"83":{"start":{"line":166,"column":14},"end":{"line":171,"column":null}},"84":{"start":{"line":167,"column":31},"end":{"line":167,"column":115}},"85":{"start":{"line":190,"column":16},"end":{"line":190,"column":null}},"86":{"start":{"line":221,"column":31},"end":{"line":221,"column":61}},"87":{"start":{"line":226,"column":92},"end":{"line":226,"column":116}},"88":{"start":{"line":244,"column":31},"end":{"line":244,"column":84}},"89":{"start":{"line":250,"column":69},"end":{"line":250,"column":99}},"90":{"start":{"line":254,"column":69},"end":{"line":254,"column":77}},"91":{"start":{"line":267,"column":29},"end":{"line":267,"column":82}},"92":{"start":{"line":271,"column":69},"end":{"line":271,"column":77}},"93":{"start":{"line":281,"column":69},"end":{"line":281,"column":93}},"94":{"start":{"line":15,"column":13},"end":{"line":15,"column":28}}},"fnMap":{"0":{"name":"(anonymous_1)","decl":{"start":{"line":15,"column":28},"end":{"line":15,"column":29}},"loc":{"start":{"line":21,"column":5},"end":{"line":291,"column":1}}},"1":{"name":"(anonymous_2)","decl":{"start":{"line":30,"column":27},"end":{"line":30,"column":28}},"loc":{"start":{"line":30,"column":42},"end":{"line":40,"column":3}}},"2":{"name":"(anonymous_3)","decl":{"start":{"line":37,"column":36},"end":{"line":37,"column":37}},"loc":{"start":{"line":37,"column":43},"end":{"line":37,"column":51}}},"3":{"name":"(anonymous_4)","decl":{"start":{"line":42,"column":19},"end":{"line":42,"column":22}},"loc":{"start":{"line":42,"column":24},"end":{"line":49,"column":3}}},"4":{"name":"(anonymous_5)","decl":{"start":{"line":51,"column":24},"end":{"line":51,"column":27}},"loc":{"start":{"line":51,"column":29},"end":{"line":68,"column":3}}},"5":{"name":"(anonymous_6)","decl":{"start":{"line":70,"column":23},"end":{"line":70,"column":26}},"loc":{"start":{"line":70,"column":28},"end":{"line":80,"column":3}}},"6":{"name":"(anonymous_7)","decl":{"start":{"line":82,"column":30},"end":{"line":82,"column":33}},"loc":{"start":{"line":83,"column":4},"end":{"line":85,"column":62}}},"7":{"name":"(anonymous_8)","decl":{"start":{"line":87,"column":28},"end":{"line":87,"column":31}},"loc":{"start":{"line":87,"column":33},"end":{"line":100,"column":3}}},"8":{"name":"(anonymous_9)","decl":{"start":{"line":102,"column":28},"end":{"line":102,"column":31}},"loc":{"start":{"line":102,"column":33},"end":{"line":118,"column":3}}},"9":{"name":"(anonymous_10)","decl":{"start":{"line":120,"column":17},"end":{"line":120,"column":20}},"loc":{"start":{"line":121,"column":4},"end":{"line":127,"column":null}}},"10":{"name":"(anonymous_11)","decl":{"start":{"line":124,"column":19},"end":{"line":124,"column":22}},"loc":{"start":{"line":124,"column":24},"end":{"line":126,"column":9}}},"11":{"name":"(anonymous_12)","decl":{"start":{"line":130,"column":20},"end":{"line":130,"column":23}},"loc":{"start":{"line":131,"column":4},"end":{"line":135,"column":6}}},"12":{"name":"(anonymous_13)","decl":{"start":{"line":132,"column":17},"end":{"line":132,"column":20}},"loc":{"start":{"line":132,"column":22},"end":{"line":134,"column":7}}},"13":{"name":"(anonymous_14)","decl":{"start":{"line":165,"column":36},"end":{"line":165,"column":37}},"loc":{"start":{"line":166,"column":14},"end":{"line":171,"column":null}}},"14":{"name":"(anonymous_15)","decl":{"start":{"line":167,"column":25},"end":{"line":167,"column":28}},"loc":{"start":{"line":167,"column":31},"end":{"line":167,"column":115}}},"15":{"name":"(anonymous_16)","decl":{"start":{"line":189,"column":39},"end":{"line":189,"column":40}},"loc":{"start":{"line":190,"column":16},"end":{"line":190,"column":null}}},"16":{"name":"(anonymous_17)","decl":{"start":{"line":221,"column":25},"end":{"line":221,"column":28}},"loc":{"start":{"line":221,"column":31},"end":{"line":221,"column":61}}},"17":{"name":"(anonymous_18)","decl":{"start":{"line":226,"column":86},"end":{"line":226,"column":89}},"loc":{"start":{"line":226,"column":92},"end":{"line":226,"column":116}}},"18":{"name":"(anonymous_19)","decl":{"start":{"line":244,"column":25},"end":{"line":244,"column":28}},"loc":{"start":{"line":244,"column":31},"end":{"line":244,"column":84}}},"19":{"name":"(anonymous_20)","decl":{"start":{"line":250,"column":63},"end":{"line":250,"column":66}},"loc":{"start":{"line":250,"column":69},"end":{"line":250,"column":99}}},"20":{"name":"(anonymous_21)","decl":{"start":{"line":254,"column":63},"end":{"line":254,"column":66}},"loc":{"start":{"line":254,"column":69},"end":{"line":254,"column":77}}},"21":{"name":"(anonymous_22)","decl":{"start":{"line":267,"column":23},"end":{"line":267,"column":26}},"loc":{"start":{"line":267,"column":29},"end":{"line":267,"column":82}}},"22":{"name":"(anonymous_23)","decl":{"start":{"line":271,"column":63},"end":{"line":271,"column":66}},"loc":{"start":{"line":271,"column":69},"end":{"line":271,"column":77}}},"23":{"name":"(anonymous_24)","decl":{"start":{"line":281,"column":63},"end":{"line":281,"column":66}},"loc":{"start":{"line":281,"column":69},"end":{"line":281,"column":93}}}},"branchMap":{"0":{"loc":{"start":{"line":31,"column":4},"end":{"line":39,"column":5}},"type":"if","locations":[{"start":{"line":31,"column":4},"end":{"line":39,"column":5}},{"start":{"line":33,"column":11},"end":{"line":39,"column":5}}]},"1":{"loc":{"start":{"line":34,"column":6},"end":{"line":38,"column":7}},"type":"if","locations":[{"start":{"line":34,"column":6},"end":{"line":38,"column":7}},{"start":{"line":36,"column":13},"end":{"line":38,"column":7}}]},"2":{"loc":{"start":{"line":43,"column":4},"end":{"line":45,"column":5}},"type":"if","locations":[{"start":{"line":43,"column":4},"end":{"line":45,"column":5}},{"start":{},"end":{}}]},"3":{"loc":{"start":{"line":44,"column":13},"end":{"line":44,"column":96}},"type":"cond-expr","locations":[{"start":{"line":44,"column":22},"end":{"line":44,"column":62}},{"start":{"line":44,"column":65},"end":{"line":44,"column":96}}]},"4":{"loc":{"start":{"line":46,"column":4},"end":{"line":48,"column":5}},"type":"if","locations":[{"start":{"line":46,"column":4},"end":{"line":48,"column":5}},{"start":{},"end":{}}]},"5":{"loc":{"start":{"line":47,"column":13},"end":{"line":47,"column":102}},"type":"cond-expr","locations":[{"start":{"line":47,"column":22},"end":{"line":47,"column":57}},{"start":{"line":47,"column":60},"end":{"line":47,"column":102}}]},"6":{"loc":{"start":{"line":52,"column":4},"end":{"line":58,"column":5}},"type":"if","locations":[{"start":{"line":52,"column":4},"end":{"line":58,"column":5}},{"start":{},"end":{}}]},"7":{"loc":{"start":{"line":53,"column":6},"end":{"line":57,"column":7}},"type":"if","locations":[{"start":{"line":53,"column":6},"end":{"line":57,"column":7}},{"start":{"line":55,"column":13},"end":{"line":57,"column":7}}]},"8":{"loc":{"start":{"line":55,"column":13},"end":{"line":57,"column":7}},"type":"if","locations":[{"start":{"line":55,"column":13},"end":{"line":57,"column":7}},{"start":{},"end":{}}]},"9":{"loc":{"start":{"line":59,"column":4},"end":{"line":65,"column":5}},"type":"if","locations":[{"start":{"line":59,"column":4},"end":{"line":65,"column":5}},{"start":{},"end":{}}]},"10":{"loc":{"start":{"line":60,"column":6},"end":{"line":64,"column":7}},"type":"if","locations":[{"start":{"line":60,"column":6},"end":{"line":64,"column":7}},{"start":{"line":62,"column":13},"end":{"line":64,"column":7}}]},"11":{"loc":{"start":{"line":62,"column":13},"end":{"line":64,"column":7}},"type":"if","locations":[{"start":{"line":62,"column":13},"end":{"line":64,"column":7}},{"start":{},"end":{}}]},"12":{"loc":{"start":{"line":71,"column":4},"end":{"line":79,"column":5}},"type":"if","locations":[{"start":{"line":71,"column":4},"end":{"line":79,"column":5}},{"start":{"line":73,"column":11},"end":{"line":79,"column":5}}]},"13":{"loc":{"start":{"line":72,"column":42},"end":{"line":72,"column":62}},"type":"binary-expr","locations":[{"start":{"line":72,"column":42},"end":{"line":72,"column":56}},{"start":{"line":72,"column":60},"end":{"line":72,"column":62}}]},"14":{"loc":{"start":{"line":73,"column":11},"end":{"line":79,"column":5}},"type":"if","locations":[{"start":{"line":73,"column":11},"end":{"line":79,"column":5}},{"start":{"line":75,"column":11},"end":{"line":79,"column":5}}]},"15":{"loc":{"start":{"line":74,"column":43},"end":{"line":74,"column":63}},"type":"binary-expr","locations":[{"start":{"line":74,"column":43},"end":{"line":74,"column":57}},{"start":{"line":74,"column":61},"end":{"line":74,"column":63}}]},"16":{"loc":{"start":{"line":75,"column":11},"end":{"line":79,"column":5}},"type":"if","locations":[{"start":{"line":75,"column":11},"end":{"line":79,"column":5}},{"start":{"line":77,"column":11},"end":{"line":79,"column":5}}]},"17":{"loc":{"start":{"line":83,"column":4},"end":{"line":85,"column":62}},"type":"binary-expr","locations":[{"start":{"line":83,"column":5},"end":{"line":83,"column":37}},{"start":{"line":83,"column":41},"end":{"line":83,"column":88}},{"start":{"line":84,"column":5},"end":{"line":84,"column":24}},{"start":{"line":84,"column":28},"end":{"line":84,"column":64}},{"start":{"line":85,"column":5},"end":{"line":85,"column":25}},{"start":{"line":85,"column":29},"end":{"line":85,"column":61}}]},"18":{"loc":{"start":{"line":90,"column":4},"end":{"line":90,"column":null}},"type":"if","locations":[{"start":{"line":90,"column":4},"end":{"line":90,"column":null}},{"start":{},"end":{}}]},"19":{"loc":{"start":{"line":90,"column":8},"end":{"line":90,"column":79}},"type":"binary-expr","locations":[{"start":{"line":90,"column":8},"end":{"line":90,"column":37}},{"start":{"line":90,"column":41},"end":{"line":90,"column":56}},{"start":{"line":90,"column":60},"end":{"line":90,"column":79}}]},"20":{"loc":{"start":{"line":92,"column":4},"end":{"line":94,"column":5}},"type":"if","locations":[{"start":{"line":92,"column":4},"end":{"line":94,"column":5}},{"start":{},"end":{}}]},"21":{"loc":{"start":{"line":95,"column":4},"end":{"line":97,"column":5}},"type":"if","locations":[{"start":{"line":95,"column":4},"end":{"line":97,"column":5}},{"start":{},"end":{}}]},"22":{"loc":{"start":{"line":105,"column":4},"end":{"line":109,"column":5}},"type":"if","locations":[{"start":{"line":105,"column":4},"end":{"line":109,"column":5}},{"start":{},"end":{}}]},"23":{"loc":{"start":{"line":106,"column":6},"end":{"line":106,"column":null}},"type":"if","locations":[{"start":{"line":106,"column":6},"end":{"line":106,"column":null}},{"start":{},"end":{}}]},"24":{"loc":{"start":{"line":107,"column":6},"end":{"line":107,"column":null}},"type":"if","locations":[{"start":{"line":107,"column":6},"end":{"line":107,"column":null}},{"start":{},"end":{}}]},"25":{"loc":{"start":{"line":108,"column":6},"end":{"line":108,"column":null}},"type":"if","locations":[{"start":{"line":108,"column":6},"end":{"line":108,"column":null}},{"start":{},"end":{}}]},"26":{"loc":{"start":{"line":111,"column":4},"end":{"line":115,"column":5}},"type":"if","locations":[{"start":{"line":111,"column":4},"end":{"line":115,"column":5}},{"start":{},"end":{}}]},"27":{"loc":{"start":{"line":112,"column":6},"end":{"line":112,"column":null}},"type":"if","locations":[{"start":{"line":112,"column":6},"end":{"line":112,"column":null}},{"start":{},"end":{}}]},"28":{"loc":{"start":{"line":113,"column":6},"end":{"line":113,"column":null}},"type":"if","locations":[{"start":{"line":113,"column":6},"end":{"line":113,"column":null}},{"start":{},"end":{}}]},"29":{"loc":{"start":{"line":114,"column":6},"end":{"line":114,"column":null}},"type":"if","locations":[{"start":{"line":114,"column":6},"end":{"line":114,"column":null}},{"start":{},"end":{}}]},"30":{"loc":{"start":{"line":146,"column":13},"end":{"line":157,"column":null}},"type":"cond-expr","locations":[{"start":{"line":147,"column":14},"end":{"line":147,"column":74}},{"start":{"line":149,"column":14},"end":{"line":156,"column":null}}]},"31":{"loc":{"start":{"line":149,"column":14},"end":{"line":156,"column":null}},"type":"binary-expr","locations":[{"start":{"line":149,"column":14},"end":{"line":149,"column":20}},{"start":{"line":150,"column":16},"end":{"line":155,"column":null}}]},"32":{"loc":{"start":{"line":151,"column":19},"end":{"line":155,"column":46}},"type":"cond-expr","locations":[{"start":{"line":152,"column":22},"end":{"line":152,"column":45}},{"start":{"line":153,"column":22},"end":{"line":155,"column":46}}]},"33":{"loc":{"start":{"line":153,"column":22},"end":{"line":155,"column":46}},"type":"cond-expr","locations":[{"start":{"line":154,"column":24},"end":{"line":154,"column":46}},{"start":{"line":155,"column":24},"end":{"line":155,"column":46}}]},"34":{"loc":{"start":{"line":163,"column":11},"end":{"line":163,"column":67}},"type":"binary-expr","locations":[{"start":{"line":163,"column":11},"end":{"line":163,"column":18}},{"start":{"line":163,"column":22},"end":{"line":163,"column":67}}]},"35":{"loc":{"start":{"line":164,"column":11},"end":{"line":175,"column":14}},"type":"binary-expr","locations":[{"start":{"line":164,"column":11},"end":{"line":164,"column":18}},{"start":{"line":165,"column":12},"end":{"line":175,"column":14}}]},"36":{"loc":{"start":{"line":167,"column":31},"end":{"line":167,"column":115}},"type":"binary-expr","locations":[{"start":{"line":167,"column":31},"end":{"line":167,"column":50}},{"start":{"line":167,"column":54},"end":{"line":167,"column":86}},{"start":{"line":167,"column":90},"end":{"line":167,"column":115}}]},"37":{"loc":{"start":{"line":169,"column":27},"end":{"line":169,"column":83}},"type":"cond-expr","locations":[{"start":{"line":169,"column":56},"end":{"line":169,"column":71}},{"start":{"line":169,"column":74},"end":{"line":169,"column":83}}]},"38":{"loc":{"start":{"line":180,"column":15},"end":{"line":180,"column":72}},"type":"cond-expr","locations":[{"start":{"line":180,"column":43},"end":{"line":180,"column":55}},{"start":{"line":180,"column":58},"end":{"line":180,"column":72}}]},"39":{"loc":{"start":{"line":184,"column":11},"end":{"line":194,"column":null}},"type":"binary-expr","locations":[{"start":{"line":184,"column":11},"end":{"line":184,"column":18}},{"start":{"line":185,"column":12},"end":{"line":193,"column":null}}]},"40":{"loc":{"start":{"line":187,"column":17},"end":{"line":187,"column":78}},"type":"cond-expr","locations":[{"start":{"line":187,"column":49},"end":{"line":187,"column":61}},{"start":{"line":187,"column":64},"end":{"line":187,"column":78}}]},"41":{"loc":{"start":{"line":197,"column":9},"end":{"line":211,"column":null}},"type":"binary-expr","locations":[{"start":{"line":197,"column":9},"end":{"line":197,"column":27}},{"start":{"line":198,"column":10},"end":{"line":210,"column":null}}]},"42":{"loc":{"start":{"line":213,"column":9},"end":{"line":232,"column":null}},"type":"binary-expr","locations":[{"start":{"line":213,"column":9},"end":{"line":213,"column":27}},{"start":{"line":214,"column":10},"end":{"line":231,"column":null}}]},"43":{"loc":{"start":{"line":215,"column":13},"end":{"line":224,"column":null}},"type":"binary-expr","locations":[{"start":{"line":215,"column":13},"end":{"line":215,"column":32}},{"start":{"line":216,"column":14},"end":{"line":223,"column":null}}]},"44":{"loc":{"start":{"line":237,"column":9},"end":{"line":257,"column":null}},"type":"binary-expr","locations":[{"start":{"line":237,"column":9},"end":{"line":237,"column":28}},{"start":{"line":238,"column":10},"end":{"line":256,"column":null}}]},"45":{"loc":{"start":{"line":239,"column":13},"end":{"line":247,"column":null}},"type":"binary-expr","locations":[{"start":{"line":239,"column":13},"end":{"line":239,"column":20}},{"start":{"line":240,"column":14},"end":{"line":244,"column":null}}]},"46":{"loc":{"start":{"line":249,"column":13},"end":{"line":252,"column":null}},"type":"binary-expr","locations":[{"start":{"line":249,"column":13},"end":{"line":249,"column":19}},{"start":{"line":250,"column":14},"end":{"line":250,"column":null}}]},"47":{"loc":{"start":{"line":261,"column":9},"end":{"line":274,"column":null}},"type":"binary-expr","locations":[{"start":{"line":261,"column":9},"end":{"line":261,"column":29}},{"start":{"line":262,"column":10},"end":{"line":273,"column":null}}]},"48":{"loc":{"start":{"line":277,"column":9},"end":{"line":284,"column":null}},"type":"binary-expr","locations":[{"start":{"line":277,"column":9},"end":{"line":277,"column":25}},{"start":{"line":278,"column":10},"end":{"line":278,"column":25}},{"start":{"line":279,"column":11},"end":{"line":279,"column":44}},{"start":{"line":279,"column":48},"end":{"line":279,"column":85}},{"start":{"line":280,"column":12},"end":{"line":283,"column":null}}]},"49":{"loc":{"start":{"line":287,"column":7},"end":{"line":287,"column":86}},"type":"binary-expr","locations":[{"start":{"line":287,"column":7},"end":{"line":287,"column":22}},{"start":{"line":287,"column":26},"end":{"line":287,"column":86}}]},"50":{"loc":{"start":{"line":288,"column":7},"end":{"line":288,"column":113}},"type":"binary-expr","locations":[{"start":{"line":288,"column":7},"end":{"line":288,"column":22}},{"start":{"line":288,"column":26},"end":{"line":288,"column":113}}]}},"s":{"0":1,"1":1,"2":1,"3":1,"4":1,"5":1,"6":1,"7":1,"8":1,"9":1,"10":12,"11":12,"12":12,"13":12,"14":12,"15":12,"16":12,"17":1,"18":0,"19":1,"20":1,"21":0,"22":0,"23":12,"24":12,"25":6,"26":6,"27":2,"28":12,"29":12,"30":6,"31":6,"32":0,"33":0,"34":6,"35":2,"36":2,"37":0,"38":0,"39":4,"40":12,"41":14,"42":4,"43":10,"44":0,"45":10,"46":0,"47":10,"48":12,"49":8,"50":12,"51":2,"52":2,"53":0,"54":2,"55":0,"56":2,"57":2,"58":0,"59":12,"60":2,"61":2,"62":0,"63":0,"64":0,"65":0,"66":0,"67":0,"68":2,"69":2,"70":2,"71":0,"72":0,"73":0,"74":0,"75":0,"76":12,"77":2,"78":0,"79":12,"80":0,"81":0,"82":12,"83":10,"84":1,"85":10,"86":1,"87":0,"88":1,"89":1,"90":1,"91":0,"92":1,"93":0,"94":1},"f":{"0":12,"1":1,"2":0,"3":12,"4":12,"5":14,"6":8,"7":2,"8":2,"9":2,"10":0,"11":0,"12":0,"13":10,"14":1,"15":10,"16":1,"17":0,"18":1,"19":1,"20":1,"21":0,"22":1,"23":0},"b":{"0":[0,1],"1":[1,0],"2":[6,6],"3":[2,4],"4":[2,4],"5":[0,2],"6":[6,6],"7":[6,0],"8":[0,0],"9":[2,4],"10":[2,0],"11":[0,0],"12":[4,10],"13":[4,4],"14":[0,10],"15":[0,0],"16":[0,10],"17":[8,6,3,1,3,0],"18":[0,2],"19":[2,0,0],"20":[0,2],"21":[2,0],"22":[0,2],"23":[0,0],"24":[0,0],"25":[0,0],"26":[2,0],"27":[2,0],"28":[0,0],"29":[0,0],"30":[2,10],"31":[10,2],"32":[0,2],"33":[0,2],"34":[12,10],"35":[12,10],"36":[1,1,1],"37":[1,9],"38":[10,2],"39":[12,10],"40":[2,8],"41":[12,2],"42":[12,2],"43":[2,2],"44":[12,6],"45":[6,4],"46":[6,2],"47":[12,2],"48":[12,2,1,0,1],"49":[12,0],"50":[12,0]}}
,"D:\\bookcrossing\\front\\src\\components\\exchangeCard\\reviewModal.tsx": {"path":"D:\\bookcrossing\\front\\src\\components\\exchangeCard\\reviewModal.tsx","statementMap":{"0":{"start":{"line":1,"column":0},"end":{"line":1,"column":32}},"1":{"start":{"line":3,"column":0},"end":{"line":3,"column":69}},"2":{"start":{"line":5,"column":0},"end":{"line":5,"column":46}},"3":{"start":{"line":8,"column":0},"end":{"line":8,"column":39}},"4":{"start":{"line":10,"column":27},"end":{"line":98,"column":1}},"5":{"start":{"line":19,"column":36},"end":{"line":19,"column":51}},"6":{"start":{"line":20,"column":21},"end":{"line":20,"column":35}},"7":{"start":{"line":22,"column":26},"end":{"line":25,"column":4}},"8":{"start":{"line":27,"column":23},"end":{"line":44,"column":3}},"9":{"start":{"line":28,"column":4},"end":{"line":43,"column":null}},"10":{"start":{"line":36,"column":10},"end":{"line":36,"column":null}},"11":{"start":{"line":37,"column":10},"end":{"line":37,"column":null}},"12":{"start":{"line":40,"column":10},"end":{"line":40,"column":null}},"13":{"start":{"line":46,"column":19},"end":{"line":46,"column":81}},"14":{"start":{"line":46,"column":46},"end":{"line":46,"column":81}},"15":{"start":{"line":48,"column":24},"end":{"line":48,"column":47}},"16":{"start":{"line":48,"column":30},"end":{"line":48,"column":47}},"17":{"start":{"line":50,"column":2},"end":{"line":97,"column":null}},"18":{"start":{"line":51,"column":32},"end":{"line":51,"column":46}},"19":{"start":{"line":62,"column":33},"end":{"line":62,"column":58}},"20":{"start":{"line":82,"column":27},"end":{"line":82,"column":62}},"21":{"start":{"line":91,"column":33},"end":{"line":91,"column":47}},"22":{"start":{"line":10,"column":13},"end":{"line":10,"column":27}}},"fnMap":{"0":{"name":"(anonymous_0)","decl":{"start":{"line":10,"column":27},"end":{"line":10,"column":28}},"loc":{"start":{"line":18,"column":5},"end":{"line":98,"column":1}}},"1":{"name":"(anonymous_1)","decl":{"start":{"line":27,"column":23},"end":{"line":27,"column":28}},"loc":{"start":{"line":27,"column":34},"end":{"line":44,"column":3}}},"2":{"name":"(anonymous_2)","decl":{"start":{"line":35,"column":19},"end":{"line":35,"column":22}},"loc":{"start":{"line":35,"column":24},"end":{"line":38,"column":9}}},"3":{"name":"(anonymous_3)","decl":{"start":{"line":39,"column":17},"end":{"line":39,"column":18}},"loc":{"start":{"line":39,"column":32},"end":{"line":41,"column":9}}},"4":{"name":"(anonymous_4)","decl":{"start":{"line":46,"column":19},"end":{"line":46,"column":20}},"loc":{"start":{"line":46,"column":46},"end":{"line":46,"column":81}}},"5":{"name":"(anonymous_5)","decl":{"start":{"line":48,"column":24},"end":{"line":48,"column":27}},"loc":{"start":{"line":48,"column":30},"end":{"line":48,"column":47}}},"6":{"name":"(anonym
[...]
,"D:\\bookcrossing\\front\\src\\pages\\notificationPage\\index.tsx": {"path":"D:\\bookcrossing\\front\\src\\pages\\notificationPage\\index.tsx","statementMap":{"0":{"start":{"line":1,"column":0},"end":{"line":1,"column":46}},"1":{"start":{"line":3,"column":0},"end":{"line":3,"column":53}},"2":{"start":{"line":5,"column":0},"end":{"line":5,"column":47}},"3":{"start":{"line":6,"column":0},"end":{"line":6,"column":79}},"4":{"start":{"line":8,"column":0},"end":{"line":8,"column":55}},"5":{"start":{"line":9,"column":0},"end":{"line":9,"column":61}},"6":{"start":{"line":10,"column":0},"end":{"line":10,"column":47}},"7":{"start":{"line":12,"column":28},"end":{"line":45,"column":1}},"8":{"start":{"line":13,"column":19},"end":{"line":13,"column":29}},"9":{"start":{"line":14,"column":15},"end":{"line":14,"column":53}},"10":{"start":{"line":16,"column":2},"end":{"line":42,"column":3}},"11":{"start":{"line":17,"column":4},"end":{"line":21,"column":5}},"12":{"start":{"line":18,"column":6},"end":{"line":18,"column":null}},"13":{"start":{"line":20,"column":6},"end":{"line":20,"column":null}},"14":{"start":{"line":22,"column":9},"end":{"line":42,"column":3}},"15":{"start":{"line":23,"column":4},"end":{"line":41,"column":5}},"16":{"start":{"line":25,"column":8},"end":{"line":29,"column":9}},"17":{"start":{"line":26,"column":10},"end":{"line":28,"column":null}},"18":{"start":{"line":31,"column":8},"end":{"line":35,"column":9}},"19":{"start":{"line":32,"column":10},"end":{"line":34,"column":null}},"20":{"start":{"line":36,"column":8},"end":{"line":36,"column":13}},"21":{"start":{"line":38,"column":8},"end":{"line":38,"column":null}},"22":{"start":{"line":40,"column":8},"end":{"line":40,"column":null}},"23":{"start":{"line":44,"column":2},"end":{"line":44,"column":null}},"24":{"start":{"line":47,"column":32},"end":{"line":123,"column":1}},"25":{"start":{"line":48,"column":19},"end":{"line":48,"column":39}},"26":{"start":{"line":49,"column":28},"end":{"line":49,"column":76}},"27":{"start":{"line":49,"column":52},"end":{"line":49,"column":75}},"28":{"start":{"line":50,"column":19},"end":{"line":50,"column":32}},"29":{"start":{"line":51,"column":33},"end":{"line":51,"column":60}},"30":{"start":{"line":53,"column":22},"end":{"line":78,"column":3}},"31":{"start":{"line":54,"column":4},"end":{"line":54,"column":null}},"32":{"start":{"line":54,"column":19},"end":{"line":54,"column":null}},"33":{"start":{"line":56,"column":14},"end":{"line":56,"column":23}},"34":{"start":{"line":58,"column":4},"end":{"line":74,"column":5}},"35":{"start":{"line":59,"column":6},"end":{"line":71,"column":7}},"36":{"start":{"line":61,"column":10},"end":{"line":61,"column":null}},"37":{"start":{"line":62,"column":10},"end":{"line":62,"column":15}},"38":{"start":{"line":64,"column":10},"end":{"line":64,"column":null}},"39":{"start":{"line":65,"column":10},"end":{"line":65,"column":15}},"40":{"start":{"line":67,"column":10},"end":{"line":67,"column":null}},"41":{"start":{"line":68,"column":10},"end":{"line":68,"column":15}},"42":{"start":{"line":70,"column":10},"end":{"line":70,"column":null}},"43":{"start":{"line":72,"column":11},"end":{"line":74,"column":5}},"44":{"start":{"line":73,"column":6},"end":{"line":73,"column":null}},"45":{"start":{"line":76,"column":4},"end":{"line":76,"column":null}},"46":{"start":{"line":77,"column":4},"end":{"line":77,"column":null}},"47":{"start":{"line":80,"column":2},"end":{"line":122,"column":null}},"48":{"start":{"line":89,"column":10},"end":{"line":89,"column":50}},"49":{"start":{"line":89,"column":65},"end":{"line":89,"column":104}},"50":{"start":{"line":101,"column":20},"end":{"line":101,"column":null}},"51":{"start":{"line":110,"column":20},"end":{"line":110,"column":null}},"52":{"start":{"line":47,"column":13},"end":{"line":47,"column":32}}},"fnMap":{"0":{"name":"(anonymous_1)","decl":{"start":{"line":12,"column":28},"end":{"line":12,"column":29}},"loc":{"start":{"line":12,"column":56},"end":{"line":45,"column":1}}},"1":{"name":"(anonymous_2)","decl":{"start":{"line":47,"column":32},"end":{"line":47,"column":35}},"loc":{"start":{"line":47,"column":37},"end":{"line":123,"column":1}}},"2":{"name":"(anonymous_3)","decl":{"start":{"line":49,"column":41},"end":{"line":49,"column":42}},"loc":{"start":{"line":49,"column":52},"end":{"line":49,"column":75}}},"3":{"name":"(anonymous_4)","decl":{"start":{"line":53,"column":22},"end":{"line":53,"column":23}},"loc":{"start":{"line":53,"column":42},"end":{"line":78,"column":3}}},"4":{"name":"(anonymous_5)","decl":{"start":{"line":88,"column":19},"end":{"line":88,"column":20}},"loc":{"start":{"line":89,"column":10},"end":{"line":89,"column":50}}},"5":{"name":"(anonymous_6)","decl":{"start":{"line":89,"column":59},"end":{"line":89,"column":62}},"loc":{"start":{"line":89,"column":65},"end":{"line":89,"column":104}}},"6":{"name":"(anonymous_7)","decl":{"start":{"line":100,"column":27},"end":{"line":100,"column":30}},"loc":{"start":{"line":100,"column":32},"end":{"line":102,"column":19}}},"7":{"name":"(anonymous_8)","decl":{"start":{"line":109,"column":27},"end":{"line":109,"column":30}},"loc":{"start":{"line":109,"column":32},"end":{"line":111,"column":19}}}},"branchMap":{"0":{"loc":{"start":{"line":14,"column":15},"end":{"line":14,"column":53}},"type":"cond-expr","locations":[{"start":{"line":14,"column":29},"end":{"line":14,"column":48}},{"start":{"line":14,"column":51},"end":{"line":14,"column":53}}]},"1":{"loc":{"start":{"line":16,"column":2},"end":{"line":42,"column":3}},"type":"if","locations":[{"start":{"line":16,"column":2},"end":{"line":42,"column":3}},{"start":{"line":22,"column":9},"end":{"line":42,"column":3}}]},"2":{"loc":{"start":{"line":17,"column":4},"end":{"line":21,"column":5}},"type":"if","locations":[{"start":{"line":17,"column":4},"end":{"line":21,"column":5}},{"start":{"line":19,"column":11},"end":{"line":21,"column":5}}]},"3":{"loc":{"start":{"line":22,"column":9},"end":{"line":42,"column":3}},"type":"if","locations":[{"start":{"line":22,"column":9},"end":{"line":42,"column":3}},{"start":{},"end":{}}]},"4":{"loc":{"start":{"line":23,"column":4},"end":{"line":41,"column":5}},"type":"switch","locations":[{"start":{"line":24,"column":6},"end":{"line":36,"column":13}},{"start":{"line":37,"column":6},"end":{"line":38,"column":null}},{"start":{"line":39,"column":6},"end":{"line":40,"column":null}}]},"5":{"loc":{"start":{"line":25,"column":8},"end":{"line":29,"column":9}},"type":"if","locations":[{"start":{"line":25,"column":8},"end":{"line":29,"column":9}},{"start":{},"end":{}}]},"6":{"loc":{"start":{"line":26,"column":17},"end":{"line":28,"column":65}},"type":"cond-expr","locations":[{"start":{"line":27,"column":14},"end":{"line":27,"column":69}},{"start":{"line":28,"column":14},"end":{"line":28,"column":65}}]},"7":{"loc":{"start":{"line":31,"column":8},"end":{"line":35,"column":9}},"type":"if","locations":[{"start":{"line":31,"column":8},"end":{"line":35,"column":9}},{"start":{},"end":{}}]},"8":{"loc":{"start":{"line":32,"column":17},"end":{"line":34,"column":79}},"type":"cond-expr","locations":[{"start":{"line":33,"column":14},"end":{"line":33,"column":70}},{"start":{"line":34,"column":14},"end":{"line":34,"column":79}}]},"9":{"loc":{"start":{"line":54,"column":4},"end":{"line":54,"column":null}},"type":"if","locations":[{"start":{"line":54,"column":4},"end":{"line":54,"column":null}},{"start":{},"end":{}}]},"10":{"loc":{"start":{"line":58,"column":4},"end":{"line":74,"column":5}},"type":"if","locations":[{"start":{"line":58,"column":4},"end":{"line":74,"column":5}},{"start":{"line":72,"column":11},"end":{"line":74,"column":5}}]},"11":{"loc":{"start":{"line":59,"column":6},"end":{"line":71,"column":7}},"type":"switch","locations":[{"start":{"line":60,"column":8},"end":{"line":62,"column":15}},{"start":{"line":63,"column":8},"end":{"line":65,"column":15}},{"start":{"line":66,"column":8},"end":{"line":68,"column":15}},{"start":{"line":69,"column":8},"end":{"line":70,"column":null}}]},"12":{"loc":{"start":{"line":72,"column":11},"end":{"line":74,"column":5}},"type":"if","locations":[{"start":{"line":72,"column":11},"end":{"line":74,"column":5}},{"start":{},"end":{}}]},"13":{"loc":{"start":{"line":85,"column":36},"end":{"line":85,"column":53}},"type":"binary-expr","locations":[{"start":{"line":85,"column":36},"end":{"line":85,"column":48}},{"start":{"line":85,"column":52},"end":{"line":85,"column":53}}]},"14":{"loc":{"start":{"line":91,"column":15},"end":{"line":95,"column":null}},"type":"binary-expr","locations":[{"start":{"line":91,"column":15},"end":{"line":91,"column":35}},{"start":{"line":92,"column":16},"end":{"line":94,"column":null}}]},"15":{"loc":{"start":{"line":98,"column":15},"end":{"line":105,"column":null}},"type":"binary-expr","locations":[{"start":{"line":98,"column":15},"end":{"line":98,"column":54}},{"start":{"line":99,"column":16},"end":{"line":102,"column":null}}]},"16":{"loc":{"start":{"line":107,"column":15},"end":{"line":114,"column":null}},"type":"binary-expr","locations":[{"start":{"line":107,"column":15},"end":{"line":107,"column":52}},{"start":{"line":108,"column":16},"end":{"line":111,"column":null}}]}},"s":{"0":1,"1":1,"2":1,"3":1,"4":1,"5":1,"6":1,"7":1,"8":28,"9":28,"10":28,"11":7,"12":0,"13":7,"14":21,"15":21,"16":7,"17":7,"18":0,"19":0,"20":0,"21":7,"22":7,"23":0,"24":1,"25":7,"26":7,"27":7,"28":7,"29":7,"30":7,"31":2,"32":2,"33":2,"34":2,"35":1,"36":1,"37":1,"38":0,"39":0,"40":0,"41":0,"42":0,"43":1,"44":1,"45":2,"46":2,"47":7,"48":28,"49":2,"50":1,"51":1,"52":1},"f":{"0":28,"1":7,"2":7,"3":2,"4":28,"5":2,"6":1,"7":1},"b":{"0":[28,0],"1":[7,21],"2":[0,7],"3":[21,0],"4":[7,7,7],"5":[7,0],"6":[0,7],"7":[0,0],"8":[0,0],"9":[2,0],"10":[1,1],"11":[1,0,0,0],"12":[1,0],"13":[7,0],"14":[28,28],"15":[28,21],"16":[28,7]}}
,"D:\\bookcrossing\\front\\src\\pages\\profile\\index.tsx": {"path":"D:\\bookcrossing\\front\\src\\pages\\profile\\index.tsx","statementMap":{"0":{"start":{"line":2,"column":0},"end":{"line":2,"column":46}},"1":{"start":{"line":4,"column":0},"end":{"line":4,"column":45}},"2":{"start":{"line":6,"column":0},"end":{"line":6,"column":62}},"3":{"start":{"line":7,"column":0},"end":{"line":7,"column":61}},"4":{"start":{"line":8,"column":0},"end":{"line":8,"column":50}},"5":{"start":{"line":9,"column":0},"end":{"line":9,"column":58}},"6":{"start":{"line":10,"column":0},"end":{"line":10,"column":47}},"7":{"start":{"line":12,"column":0},"end":{"line":12,"column":41}},"8":{"start":{"line":14,"column":16},"end":{"line":21,"column":null}},"9":{"start":{"line":23,"column":27},"end":{"line":74,"column":1}},"10":{"start":{"line":24,"column":19},"end":{"line":24,"column":32}},"11":{"start":{"line":25,"column":22},"end":{"line":25,"column":64}},"12":{"start":{"line":25,"column":46},"end":{"line":25,"column":63}},"13":{"start":{"line":26,"column":28},"end":{"line":26,"column":76}},"14":{"start":{"line":26,"column":52},"end":{"line":26,"column":75}},"15":{"start":{"line":27,"column":20},"end":{"line":27,"column":60}},"16":{"start":{"line":27,"column":44},"end":{"line":27,"column":59}},"17":{"start":{"line":29,"column":2},"end":{"line":73,"column":null}},"18":{"start":{"line":38,"column":18},"end":{"line":39,"column":null}},"19":{"start":{"line":42,"column":35},"end":{"line":42,"column":58}},"20":{"start":{"line":47,"column":78},"end":{"line":47,"column":94}},"21":{"start":{"line":54,"column":20},"end":{"line":54,"column":null}},"22":{"start":{"line":55,"column":20},"end":{"line":55,"column":null}},"23":{"start":{"line":56,"column":20},"end":{"line":56,"column":null}},"24":{"start":{"line":23,"column":13},"end":{"line":23,"column":27}}},"fnMap":{"0":{"name":"(anonymous_1)","decl":{"start":{"line":23,"column":27},"end":{"line":23,"column":30}},"loc":{"start":{"line":23,"column":32},"end":{"line":74,"column":1}}},"1":{"name":"(anonymous_2)","decl":{"start":{"line":25,"column":35},"end":{"line":25,"column":36}},"loc":{"start":{"line":25,"column":46},"end":{"line":25,"column":63}}},"2":{"name":"(anonymous_3)","decl":{"start":{"line":26,"column":41},"end":{"line":26,"column":42}},"loc":{"start":{"line":26,"column":52},"end":{"line":26,"column":75}}},"3":{"name":"(anonymous_4)","decl":{"start":{"line":27,"column":33},"end":{"line":27,"column":34}},"loc":{"start":{"line":27,"column":44},"end":{"line":27,"column":59}}},"4":{"name":"(anonymous_5)","decl":{"start":{"line":37,"column":29},"end":{"line":37,"column":30}},"loc":{"start":{"line":38,"column":18},"end":{"line":39,"column":null}}},"5":{"name":"(anonymous_6)","decl":{"start":{"line":42,"column":29},"end":{"line":42,"column":32}},"loc":{"start":{"line":42,"column":35},"end":{"line":42,"column":58}}},"6":{"name":"(anonymous_7)","decl":{"start":{"line":47,"column":72},"end":{"line":47,"column":75}},"loc":{"start":{"line":47,"column":78},"end":{"line":47,"column":94}}},"7":{"name":"(anonymous_8)","decl":{"start":{"line":53,"column":27},"end":{"line":53,"column":30}},"loc":{"start":{"line":53,"column":32},"end":{"line":57,"column":19}}}},"branchMap":{"0":{"loc":{"start":{"line":40,"column":31},"end":{"line":40,"column":99}},"type":"cond-expr","locations":[{"start":{"line":40,"column":54},"end":{"line":40,"column":87}},{"start":{"line":40,"column":90},"end":{"line":40,"column":99}}]},"1":{"loc":{"start":{"line":64,"column":11},"end":{"line":64,"column":55}},"type":"binary-expr","locations":[{"start":{"line":64,"column":11},"end":{"line":64,"column":36}},{"start":{"line":64,"column":40},"end":{"line":64,"column":55}}]},"2":{"loc":{"start":{"line":65,"column":11},"end":{"line":65,"column":59}},"type":"binary-expr","locations":[{"start":{"line":65,"column":11},"end":{"line":65,"column":37}},{"start":{"line":65,"column":41},"end":{"line":65,"column":59}}]},"3":{"loc":{"start":{"line":66,"column":11},"end":{"line":66,"column":82}},"type":"binary-expr","locations":[{"start":{"line":66,"column":11},"end":{"line":66,"column":45}},{"start":{"line":66,"column":49},"end":{"line":66,"column":82}}]},"4":{"loc":{"start":{"line":67,"column":11},"end":{"line":67,"column":78}},"type":"binary-expr","locations":[{"start":{"line":67,"column":11},"end":{"line":67,"column":43}},{"start":{"line":67,"column":47},"end":{"line":67,"column":78}}]},"5":{"loc":{"start":{"line":68,"column":11},"end":{"line":68,"column":71}},"type":"binary-expr","locations":[{"start":{"line":68,"column":11},"end":{"line":68,"column":37}},{"start":{"line":68,"column":41},"end":{"line":68,"column":71}}]},"6":{"loc":{"start":{"line":69,"column":11},"end":{"line":69,"column":70}},"type":"binary-expr","locations":[{"start":{"line":69,"column":11},"end":{"line":69,"column":37}},{"start":{"line":69,"column":41},"end":{"line":69,"column":70}}]}},"s":{"0":1,"1":1,"2":1,"3":1,"4":1,"5":1,"6":1,"7":1,"8":1,"9":1,"10":4,"11":4,"12":4,"13":4,"14":4,"15":4,"16":4,"17":4,"18":24,"19":1,"20":1,"21":1,"22":1,"23":1,"24":1},"f":{"0":4,"1":4,"2":4,"3":4,"4":24,"5":1,"6":1,"7":1},"b":{"0":[4,20],"1":[4,4],"2":[4,0],"3":[4,0],"4":[4,0],"5":[4,0],"6":[4,0]}}
,"D:\\bookcrossing\\front\\src\\store\\user.ts": {"path":"D:\\bookcrossing\\front\\src\\store\\user.ts","statementMap":{"0":{"start":{"line":1,"column":0},"end":{"line":1,"column":32}},"1":{"start":{"line":2,"column":0},"end":{"line":2,"column":44}},"2":{"start":{"line":3,"column":0},"end":{"line":3,"column":48}},"3":{"start":{"line":21,"column":13},"end":{"line":62,"column":null}},"4":{"start":{"line":23,"column":20},"end":{"line":56,"column":6}},"5":{"start":{"line":29,"column":8},"end":{"line":31,"column":null}},"6":{"start":{"line":30,"column":10},"end":{"line":30,"column":null}},"7":{"start":{"line":34,"column":8},"end":{"line":36,"column":10}},"8":{"start":{"line":35,"column":10},"end":{"line":35,"column":null}},"9":{"start":{"line":38,"column":8},"end":{"line":42,"column":10}},"10":{"start":{"line":39,"column":10},"end":{"line":41,"column":11}},"11":{"start":{"line":40,"column":12},"end":{"line":40,"column":null}},"12":{"start":{"line":44,"column":8},"end":{"line":46,"column":10}},"13":{"start":{"line":45,"column":10},"end":{"line":45,"column":null}},"14":{"start":{"line":48,"column":8},"end":{"line":51,"column":10}},"15":{"start":{"line":49,"column":10},"end":{"line":49,"column":null}},"16":{"start":{"line":50,"column":10},"end":{"line":50,"column":null}},"17":{"start":{"line":53,"column":8},"end":{"line":55,"column":10}},"18":{"start":{"line":54,"column":10},"end":{"line":54,"column":null}},"19":{"start":{"line":59,"column":30},"end":{"line":59,"column":62}}},"fnMap":{"0":{"name":"(anonymous_0)","decl":{"start":{"line":23,"column":10},"end":{"line":23,"column":11}},"loc":{"start":{"line":23,"column":20},"end":{"line":56,"column":6}}},"1":{"name":"(anonymous_1)","decl":{"start":{"line":28,"column":20},"end":{"line":28,"column":21}},"loc":{"start":{"line":28,"column":35},"end":{"line":32,"column":7}}},"2":{"name":"(anonymous_2)","decl":{"start":{"line":29,"column":12},"end":{"line":29,"column":13}},"loc":{"start":{"line":29,"column":22},"end":{"line":31,"column":9}}},"3":{"name":"(anonymous_3)","decl":{"start":{"line":33,"column":15},"end":{"line":33,"column":16}},"loc":{"start":{"line":34,"column":8},"end":{"line":36,"column":10}}},"4":{"name":"(anonymous_4)","decl":{"start":{"line":34,"column":12},"end":{"line":34,"column":13}},"loc":{"start":{"line":34,"column":22},"end":{"line":36,"column":9}}},"5":{"name":"(anonymous_5)","decl":{"start":{"line":37,"column":18},"end":{"line":37,"column":19}},"loc":{"start":{"line":38,"column":8},"end":{"line":42,"column":10}}},"6":{"name":"(anonymous_6)","decl":{"start":{"line":38,"column":12},"end":{"line":38,"column":13}},"loc":{"start":{"line":38,"column":22},"end":{"line":42,"column":9}}},"7":{"name":"(anonymous_7)","decl":{"start":{"line":43,"column":25},"end":{"line":43,"column":26}},"loc":{"start":{"line":44,"column":8},"end":{"line":46,"column":10}}},"8":{"name":"(anonymous_8)","decl":{"start":{"line":44,"column":12},"end":{"line":44,"column":13}},"loc":{"start":{"line":44,"column":22},"end":{"line":46,"column":9}}},"9":{"name":"(anonymous_9)","decl":{"start":{"line":47,"column":17},"end":{"line":47,"column":20}},"loc":{"start":{"line":48,"column":8},"end":{"line":51,"column":10}}},"10":{"name":"(anonymous_10)","decl":{"start":{"line":48,"column":12},"end":{"line":48,"column":13}},"loc":{"start":{"line":48,"column":22},"end":{"line":51,"column":9}}},"11":{"name":"(anonymous_11)","decl":{"start":{"line":52,"column":24},"end":{"line":52,"column":25}},"loc":{"start":{"line":53,"column":8},"end":{"line":55,"column":10}}},"12":{"name":"(anonymous_12)","decl":{"start":{"line":53,"column":12},"end":{"line":53,"column":13}},"loc":{"start":{"line":53,"column":22},"end":{"line":55,"column":9}}},"13":{"name":"(anonymous_13)","decl":{"start":{"line":59,"column":18},"end":{"line":59,"column":19}},"loc":{"start":{"line":59,"column":30},"end":{"line":59,"column":62}}}},"branchMap":{"0":{"loc":{"start":{"line":39,"column":10},"end":{"line":41,"column":11}},"type":"if","locations":[{"start":{"line":39,"column":10},"end":{"line":41,"column":11}},{"start":{},"end":{}}]}},"s":{"0":1,"1":1,"2":1,"3":1,"4":1,"5":0,"6":0,"7":1,"8":1,"9":0,"10":0,"11":0,"12":0,"13":0,"14":0,"15":0,"16":0,"17":0,"18":0,"19":1},"f":{"0":1,"1":0,"2":0,"3":1,"4":1,"5":0,"6":0,"7":0,"8":0,"9":0,"10":0,"11":0,"12":0,"13":1},"b":{"0":[0,0]}}
}
