TN:
SF:src\axios.tsx
FN:10,(anonymous_1)
FN:19,(anonymous_2)
FN:26,(anonymous_3)
FN:29,(anonymous_4)
FNF:4
FNH:0
FNDA:0,(anonymous_1)
FNDA:0,(anonymous_2)
FNDA:0,(anonymous_3)
FNDA:0,(anonymous_4)
DA:1,2
DA:3,2
DA:9,2
DA:11,0
DA:13,0
DA:14,0
DA:17,0
DA:20,0
DA:25,2
DA:27,0
DA:31,0
DA:32,0
DA:35,0
DA:39,2
LF:14
LH:5
BRDA:13,0,0,0
BRDA:13,0,1,0
BRDA:31,1,0,0
BRDA:31,1,1,0
BRF:4
BRH:0
end_of_record
TN:
SF:src\test-utils.tsx
FN:7,(anonymous_0)
FN:14,(anonymous_1)
FNF:2
FNH:2
FNDA:30,(anonymous_0)
FNDA:30,(anonymous_1)
DA:2,7
DA:4,7
DA:5,7
DA:7,7
DA:8,30
DA:14,7
DA:15,30
DA:17,30
LF:8
LH:8
BRF:0
BRH:0
end_of_record
TN:
SF:src\api\functions.ts
FN:1,pluralize
FNF:1
FNH:1
FNDA:12,pluralize
DA:1,2
DA:2,12
DA:3,12
DA:5,12
DA:6,11
DA:7,9
DA:9,1
LF:7
LH:7
BRDA:5,0,0,1
BRDA:5,0,1,11
BRDA:5,1,0,12
BRDA:5,1,1,2
BRDA:6,2,0,2
BRDA:6,2,1,9
BRDA:7,3,0,8
BRDA:7,3,1,1
BRDA:7,4,0,9
BRDA:7,4,1,9
BRF:10
BRH:10
end_of_record
TN:
SF:src\api\hooks.ts
FN:29,(anonymous_1)
FN:30,(anonymous_2)
FN:32,(anonymous_3)
FN:34,(anonymous_4)
FN:38,(anonymous_5)
FN:39,(anonymous_6)
FN:47,(anonymous_7)
FN:49,(anonymous_8)
FN:53,(anonymous_9)
FN:54,(anonymous_10)
FN:62,(anonymous_11)
FN:64,(anonymous_12)
FN:69,(anonymous_13)
FN:70,(anonymous_14)
FN:75,(anonymous_15)
FN:81,(anonymous_16)
FN:86,(anonymous_17)
FN:87,(anonymous_18)
FN:89,(anonymous_19)
FN:92,(anonymous_20)
FN:92,(anonymous_21)
FN:94,(anonymous_22)
FN:96,(anonymous_23)
FN:100,(anonymous_24)
FN:101,(anonymous_25)
FN:109,(anonymous_26)
FN:109,(anonymous_27)
FN:111,(anonymous_28)
FN:114,(anonymous_29)
FN:115,(anonymous_30)
FN:117,(anonymous_31)
FN:119,(anonymous_32)
FN:123,(anonymous_33)
FN:124,(anonymous_34)
FN:131,(anonymous_35)
FN:133,(anonymous_36)
FN:137,(anonymous_37)
FN:138,(anonymous_38)
FN:145,(anonymous_39)
FN:146,(anonymous_40)
FN:148,(anonymous_41)
FN:150,(anonymous_42)
FN:152,(anonymous_43)
FN:156,(anonymous_44)
FN:158,(anonymous_45)
FN:160,(anonymous_46)
FN:164,(anonymous_47)
FN:166,(anonymous_48)
FN:170,(anonymous_49)
FN:171,(anonymous_50)
FN:175,(anonymous_51)
FN:179,(anonymous_52)
FN:181,(anonymous_53)
FN:185,(anonymous_54)
FN:189,(anonymous_55)
FN:193,(anonymous_56)
FN:194,(anonymous_57)
FN:198,(anonymous_58)
FN:202,(anonymous_59)
FN:203,(anonymous_60)
FN:205,(anonymous_61)
FN:207,(anonymous_62)
FN:210,(anonymous_63)
FN:215,(anonymous_64)
FN:218,(anonymous_65)
FN:222,(anonymous_66)
FN:223,(anonymous_67)
FN:227,(anonymous_68)
FN:231,(anonymous_69)
FN:235,(anonymous_70)
FN:236,(anonymous_71)
FN:240,(anonymous_72)
FN:244,(anonymous_73)
FN:246,(anonymous_74)
FN:247,(anonymous_75)
FN:249,(anonymous_76)
FNF:76
FNH:4
FNDA:0,(anonymous_1)
FNDA:0,(anonymous_2)
FNDA:0,(anonymous_3)
FNDA:0,(anonymous_4)
FNDA:0,(anonymous_5)
FNDA:0,(anonymous_6)
FNDA:0,(anonymous_7)
FNDA:75,(anonymous_8)
FNDA:4,(anonymous_9)
FNDA:2,(anonymous_10)
FNDA:4,(anonymous_11)
FNDA:0,(anonymous_12)
FNDA:0,(anonymous_13)
FNDA:0,(anonymous_14)
FNDA:0,(anonymous_15)
FNDA:0,(anonymous_16)
FNDA:0,(anonymous_17)
FNDA:0,(anonymous_18)
FNDA:0,(anonymous_19)
FNDA:0,(anonymous_20)
FNDA:0,(anonymous_21)
FNDA:0,(anonymous_22)
FNDA:0,(anonymous_23)
FNDA:0,(anonymous_24)
FNDA:0,(anonymous_25)
FNDA:0,(anonymous_26)
FNDA:0,(anonymous_27)
FNDA:0,(anonymous_28)
FNDA:0,(anonymous_29)
FNDA:0,(anonymous_30)
FNDA:0,(anonymous_31)
FNDA:0,(anonymous_32)
FNDA:0,(anonymous_33)
FNDA:0,(anonymous_34)
FNDA:0,(anonymous_35)
FNDA:0,(anonymous_36)
FNDA:0,(anonymous_37)
FNDA:0,(anonymous_38)
FNDA:0,(anonymous_39)
FNDA:0,(anonymous_40)
FNDA:0,(anonymous_41)
FNDA:0,(anonymous_42)
FNDA:0,(anonymous_43)
FNDA:0,(anonymous_44)
FNDA:0,(anonymous_45)
FNDA:0,(anonymous_46)
FNDA:0,(anonymous_47)
FNDA:0,(anonymous_48)
FNDA:0,(anonymous_49)
FNDA:0,(anonymous_50)
FNDA:0,(anonymous_51)
FNDA:0,(anonymous_52)
FNDA:0,(anonymous_53)
FNDA:0,(anonymous_54)
FNDA:0,(anonymous_55)
FNDA:0,(anonymous_56)
FNDA:0,(anonymous_57)
FNDA:0,(anonymous_58)
FNDA:0,(anonymous_59)
FNDA:0,(anonymous_60)
FNDA:0,(anonymous_61)
FNDA:0,(anonymous_62)
FNDA:0,(anonymous_63)
FNDA:0,(anonymous_64)
FNDA:0,(anonymous_65)
FNDA:0,(anonymous_66)
FNDA:0,(anonymous_67)
FNDA:0,(anonymous_68)
FNDA:0,(anonymous_69)
FNDA:0,(anonymous_70)
FNDA:0,(anonymous_71)
FNDA:0,(anonymous_72)
FNDA:0,(anonymous_73)
FNDA:0,(anonymous_74)
FNDA:0,(anonymous_75)
FNDA:0,(anonymous_76)
DA:1,2
DA:2,2
DA:4,2
DA:6,2
DA:8,2
DA:9,2
DA:29,2
DA:30,0
DA:32,2
DA:34,2
DA:35,0
DA:37,0
DA:38,0
DA:40,0
DA:41,0
DA:42,0
DA:47,2
DA:49,2
DA:50,75
DA:52,75
DA:53,4
DA:55,2
DA:56,1
DA:57,1
DA:62,4
DA:64,2
DA:65,0
DA:66,0
DA:68,0
DA:69,0
DA:71,0
DA:72,0
DA:73,0
DA:76,0
DA:81,2
DA:82,0
DA:86,2
DA:87,0
DA:89,2
DA:90,0
DA:92,2
DA:94,2
DA:96,2
DA:97,0
DA:99,0
DA:100,0
DA:102,0
DA:103,0
DA:109,2
DA:111,2
DA:114,2
DA:115,0
DA:117,2
DA:119,2
DA:120,0
DA:122,0
DA:123,0
DA:125,0
DA:126,0
DA:131,2
DA:133,2
DA:134,0
DA:136,0
DA:137,0
DA:139,0
DA:140,0
DA:145,2
DA:146,0
DA:148,2
DA:150,2
DA:151,0
DA:152,0
DA:156,2
DA:158,2
DA:159,0
DA:160,0
DA:164,2
DA:166,2
DA:167,0
DA:169,0
DA:170,0
DA:171,0
DA:175,2
DA:179,2
DA:180,0
DA:181,0
DA:185,2
DA:186,0
DA:189,2
DA:190,0
DA:192,0
DA:193,0
DA:194,0
DA:198,2
DA:199,0
DA:202,2
DA:203,0
DA:205,2
DA:207,2
DA:208,0
DA:210,0
DA:215,2
DA:216,0
DA:218,2
DA:219,0
DA:221,0
DA:222,0
DA:223,0
DA:227,2
DA:228,0
DA:231,2
DA:232,0
DA:234,0
DA:235,0
DA:236,0
DA:240,2
DA:241,0
DA:244,2
DA:245,0
DA:246,0
DA:247,0
DA:249,0
DA:250,0
DA:251,0
LF:124
LH:53
BRDA:76,0,0,0
BRDA:76,0,1,0
BRDA:87,1,0,0
BRDA:87,1,1,0
BRDA:90,2,0,0
BRDA:90,2,1,0
BRDA:207,3,0,0
BRDA:211,4,0,0
BRDA:211,4,1,0
BRDA:216,5,0,0
BRDA:216,5,1,0
BRDA:250,6,0,0
BRDA:250,6,1,0
BRDA:250,7,0,0
BRDA:250,7,1,0
BRDA:250,7,2,0
BRDA:250,7,3,0
BRF:17
BRH:0
end_of_record
TN:
SF:src\api\models.ts
FNF:0
FNH:0
DA:124,4
DA:131,4
DA:140,4
DA:148,4
DA:155,4
DA:179,4
DA:229,4
LF:7
LH:7
BRF:0
BRH:0
end_of_record
TN:
SF:src\components\bookCard\index.tsx
FN:12,(anonymous_1)
FN:17,(anonymous_2)
FN:31,(anonymous_3)
FN:53,(anonymous_4)
FNF:4
FNH:3
FNDA:15,(anonymous_1)
FNDA:2,(anonymous_2)
FNDA:1,(anonymous_3)
FNDA:0,(anonymous_4)
DA:1,3
DA:3,3
DA:5,3
DA:7,3
DA:9,3
DA:10,3
DA:12,3
DA:13,15
DA:14,15
DA:15,15
DA:17,15
DA:18,2
DA:19,2
DA:21,2
DA:22,1
DA:24,1
DA:28,15
DA:30,15
DA:31,1
DA:54,0
LF:20
LH:19
BRDA:21,0,0,1
BRDA:21,0,1,1
BRDA:28,1,0,5
BRDA:28,1,1,10
BRDA:41,2,0,1
BRDA:41,2,1,14
BRF:6
BRH:6
end_of_record
TN:
SF:src\components\bookDeliveryInfo.tsx\index.tsx
FN:11,(anonymous_1)
FN:25,(anonymous_2)
FN:26,(anonymous_3)
FN:29,(anonymous_4)
FN:49,(anonymous_5)
FN:66,(anonymous_6)
FN:69,(anonymous_7)
FN:75,(anonymous_8)
FNF:8
FNH:4
FNDA:5,(anonymous_1)
FNDA:1,(anonymous_2)
FNDA:1,(anonymous_3)
FNDA:0,(anonymous_4)
FNDA:0,(anonymous_5)
FNDA:0,(anonymous_6)
FNDA:1,(anonymous_7)
FNDA:0,(anonymous_8)
DA:1,1
DA:3,1
DA:5,1
DA:6,1
DA:8,1
DA:11,1
DA:12,5
DA:13,5
DA:14,5
DA:15,5
DA:17,5
DA:19,5
DA:25,5
DA:26,1
DA:29,5
DA:30,0
DA:31,0
DA:33,0
DA:37,5
DA:39,5
DA:49,0
DA:66,0
DA:69,1
DA:75,0
LF:24
LH:18
BRDA:19,0,0,5
BRDA:19,0,1,0
BRDA:21,1,0,0
BRDA:21,1,1,0
BRDA:30,2,0,0
BRDA:30,2,1,0
BRDA:43,3,0,5
BRDA:43,3,1,3
BRDA:50,4,0,0
BRDA:50,4,1,3
BRDA:64,5,0,2
BRDA:64,5,1,3
BRF:12
BRH:6
end_of_record
TN:
SF:src\components\bookInfo\index.tsx
FN:6,(anonymous_0)
FNF:1
FNH:1
FNDA:5,(anonymous_0)
DA:1,1
DA:3,1
DA:4,1
DA:6,1
DA:7,5
LF:5
LH:5
BRF:0
BRH:0
end_of_record
TN:
SF:src\components\bookStatus\index.tsx
FN:15,(anonymous_0)
FNF:1
FNH:1
FNDA:20,(anonymous_0)
DA:3,3
DA:5,3
DA:9,3
DA:15,3
DA:16,20
DA:18,20
DA:19,15
DA:25,5
LF:8
LH:8
BRDA:18,0,0,15
BRDA:18,0,1,5
BRF:2
BRH:2
end_of_record
TN:
SF:src\components\common\container\index.tsx
FN:19,(anonymous_1)
FN:26,(anonymous_2)
FN:29,(anonymous_3)
FN:30,(anonymous_4)
FN:38,(anonymous_5)
FN:46,(anonymous_6)
FN:57,(anonymous_7)
FN:60,(anonymous_8)
FN:69,(anonymous_9)
FN:72,(anonymous_10)
FN:75,(anonymous_11)
FNF:11
FNH:5
FNDA:76,(anonymous_1)
FNDA:76,(anonymous_2)
FNDA:76,(anonymous_3)
FNDA:76,(anonymous_4)
FNDA:0,(anonymous_5)
FNDA:7,(anonymous_6)
FNDA:0,(anonymous_7)
FNDA:0,(anonymous_8)
FNDA:0,(anonymous_9)
FNDA:0,(anonymous_10)
FNDA:0,(anonymous_11)
DA:1,5
DA:3,5
DA:5,5
DA:6,5
DA:8,5
DA:9,5
DA:10,5
DA:11,5
DA:12,5
DA:13,5
DA:15,5
DA:17,5
DA:19,5
DA:20,76
DA:22,76
DA:23,76
DA:25,76
DA:26,76
DA:29,76
DA:30,76
DA:32,76
DA:38,0
DA:46,7
DA:57,0
DA:60,0
DA:69,0
DA:72,0
DA:75,0
LF:28
LH:22
BRDA:46,0,0,76
BRDA:46,0,1,0
BRDA:65,1,0,4
BRDA:65,1,1,72
BRDA:70,2,0,4
BRDA:70,2,1,4
BRF:6
BRH:5
end_of_record
TN:
SF:src\components\exchangeCard\cancelModal.tsx
FN:5,(anonymous_0)
FN:8,(anonymous_1)
FN:15,(anonymous_2)
FN:35,(anonymous_3)
FNF:4
FNH:0
FNDA:0,(anonymous_0)
FNDA:0,(anonymous_1)
FNDA:0,(anonymous_2)
FNDA:0,(anonymous_3)
DA:1,1
DA:3,1
DA:5,1
DA:6,0
DA:8,0
DA:9,0
DA:10,0
DA:11,0
DA:14,0
DA:15,0
DA:35,0
LF:11
LH:3
BRF:0
BRH:0
end_of_record
TN:
SF:src\components\exchangeCard\index.tsx
FN:15,(anonymous_1)
FN:30,(anonymous_2)
FN:37,(anonymous_3)
FN:42,(anonymous_4)
FN:51,(anonymous_5)
FN:70,(anonymous_6)
FN:82,(anonymous_7)
FN:87,(anonymous_8)
FN:102,(anonymous_9)
FN:120,(anonymous_10)
FN:124,(anonymous_11)
FN:130,(anonymous_12)
FN:132,(anonymous_13)
FN:165,(anonymous_14)
FN:167,(anonymous_15)
FN:189,(anonymous_16)
FN:221,(anonymous_17)
FN:226,(anonymous_18)
FN:244,(anonymous_19)
FN:250,(anonymous_20)
FN:254,(anonymous_21)
FN:267,(anonymous_22)
FN:271,(anonymous_23)
FN:281,(anonymous_24)
FNF:24
FNH:17
FNDA:12,(anonymous_1)
FNDA:1,(anonymous_2)
FNDA:0,(anonymous_3)
FNDA:12,(anonymous_4)
FNDA:12,(anonymous_5)
FNDA:14,(anonymous_6)
FNDA:8,(anonymous_7)
FNDA:2,(anonymous_8)
FNDA:2,(anonymous_9)
FNDA:2,(anonymous_10)
FNDA:0,(anonymous_11)
FNDA:0,(anonymous_12)
FNDA:0,(anonymous_13)
FNDA:10,(anonymous_14)
FNDA:1,(anonymous_15)
FNDA:10,(anonymous_16)
FNDA:1,(anonymous_17)
FNDA:0,(anonymous_18)
FNDA:1,(anonymous_19)
FNDA:1,(anonymous_20)
FNDA:1,(anonymous_21)
FNDA:0,(anonymous_22)
FNDA:1,(anonymous_23)
FNDA:0,(anonymous_24)
DA:1,1
DA:3,1
DA:5,1
DA:7,1
DA:8,1
DA:9,1
DA:10,1
DA:11,1
DA:13,1
DA:15,1
DA:22,12
DA:23,12
DA:24,12
DA:25,12
DA:26,12
DA:28,12
DA:30,12
DA:31,1
DA:32,0
DA:34,1
DA:35,1
DA:37,0
DA:42,12
DA:43,12
DA:44,6
DA:46,6
DA:47,2
DA:51,12
DA:52,12
DA:53,6
DA:54,6
DA:55,0
DA:56,0
DA:59,6
DA:60,2
DA:61,2
DA:62,0
DA:63,0
DA:67,4
DA:70,12
DA:71,14
DA:72,4
DA:73,10
DA:74,0
DA:75,10
DA:76,0
DA:78,10
DA:82,12
DA:83,8
DA:87,12
DA:88,2
DA:90,2
DA:92,2
DA:93,0
DA:95,2
DA:96,2
DA:99,0
DA:102,12
DA:103,2
DA:105,2
DA:106,0
DA:107,0
DA:108,0
DA:111,2
DA:112,2
DA:113,0
DA:114,0
DA:117,0
DA:120,12
DA:121,2
DA:125,0
DA:130,12
DA:131,0
DA:133,0
DA:137,12
DA:166,10
DA:167,1
DA:190,10
DA:221,1
DA:226,0
DA:244,1
DA:250,1
DA:254,1
DA:267,0
DA:271,1
DA:281,0
LF:86
LH:64
BRDA:31,0,0,0
BRDA:31,0,1,1
BRDA:34,1,0,1
BRDA:34,1,1,0
BRDA:43,2,0,6
BRDA:43,2,1,6
BRDA:44,3,0,2
BRDA:44,3,1,4
BRDA:46,4,0,2
BRDA:46,4,1,4
BRDA:47,5,0,0
BRDA:47,5,1,2
BRDA:52,6,0,6
BRDA:52,6,1,6
BRDA:53,7,0,6
BRDA:53,7,1,0
BRDA:55,8,0,0
BRDA:55,8,1,0
BRDA:59,9,0,2
BRDA:59,9,1,4
BRDA:60,10,0,2
BRDA:60,10,1,0
BRDA:62,11,0,0
BRDA:62,11,1,0
BRDA:71,12,0,4
BRDA:71,12,1,10
BRDA:72,13,0,4
BRDA:72,13,1,4
BRDA:73,14,0,0
BRDA:73,14,1,10
BRDA:74,15,0,0
BRDA:74,15,1,0
BRDA:75,16,0,0
BRDA:75,16,1,10
BRDA:83,17,0,8
BRDA:83,17,1,6
BRDA:83,17,2,3
BRDA:83,17,3,1
BRDA:83,17,4,3
BRDA:83,17,5,0
BRDA:90,18,0,0
BRDA:90,18,1,2
BRDA:90,19,0,2
BRDA:90,19,1,0
BRDA:90,19,2,0
BRDA:92,20,0,0
BRDA:92,20,1,2
BRDA:95,21,0,2
BRDA:95,21,1,0
BRDA:105,22,0,0
BRDA:105,22,1,2
BRDA:106,23,0,0
BRDA:106,23,1,0
BRDA:107,24,0,0
BRDA:107,24,1,0
BRDA:108,25,0,0
BRDA:108,25,1,0
BRDA:111,26,0,2
BRDA:111,26,1,0
BRDA:112,27,0,2
BRDA:112,27,1,0
BRDA:113,28,0,0
BRDA:113,28,1,0
BRDA:114,29,0,0
BRDA:114,29,1,0
BRDA:146,30,0,2
BRDA:146,30,1,10
BRDA:149,31,0,10
BRDA:149,31,1,2
BRDA:151,32,0,0
BRDA:151,32,1,2
BRDA:153,33,0,0
BRDA:153,33,1,2
BRDA:163,34,0,12
BRDA:163,34,1,10
BRDA:164,35,0,12
BRDA:164,35,1,10
BRDA:167,36,0,1
BRDA:167,36,1,1
BRDA:167,36,2,1
BRDA:169,37,0,1
BRDA:169,37,1,9
BRDA:180,38,0,10
BRDA:180,38,1,2
BRDA:184,39,0,12
BRDA:184,39,1,10
BRDA:187,40,0,2
BRDA:187,40,1,8
BRDA:197,41,0,12
BRDA:197,41,1,2
BRDA:213,42,0,12
BRDA:213,42,1,2
BRDA:215,43,0,2
BRDA:215,43,1,2
BRDA:237,44,0,12
BRDA:237,44,1,6
BRDA:239,45,0,6
BRDA:239,45,1,4
BRDA:249,46,0,6
BRDA:249,46,1,2
BRDA:261,47,0,12
BRDA:261,47,1,2
BRDA:277,48,0,12
BRDA:277,48,1,2
BRDA:277,48,2,1
BRDA:277,48,3,0
BRDA:277,48,4,1
BRDA:287,49,0,12
BRDA:287,49,1,0
BRDA:288,50,0,12
BRDA:288,50,1,0
BRF:111
BRH:74
end_of_record
TN:
SF:src\components\exchangeCard\reviewModal.tsx
FN:10,(anonymous_0)
FN:27,(anonymous_1)
FN:35,(anonymous_2)
FN:39,(anonymous_3)
FN:46,(anonymous_4)
FN:48,(anonymous_5)
FN:51,(anonymous_6)
FN:62,(anonymous_7)
FN:82,(anonymous_8)
FN:91,(anonymous_9)
FNF:10
FNH:0
FNDA:0,(anonymous_0)
FNDA:0,(anonymous_1)
FNDA:0,(anonymous_2)
FNDA:0,(anonymous_3)
FNDA:0,(anonymous_4)
FNDA:0,(anonymous_5)
FNDA:0,(anonymous_6)
FNDA:0,(anonymous_7)
FNDA:0,(anonymous_8)
FNDA:0,(anonymous_9)
DA:1,1
DA:3,1
DA:5,1
DA:8,1
DA:10,1
DA:19,0
DA:20,0
DA:22,0
DA:27,0
DA:28,0
DA:36,0
DA:37,0
DA:40,0
DA:46,0
DA:48,0
DA:50,0
DA:51,0
DA:62,0
DA:82,0
DA:91,0
LF:20
LH:5
BRDA:40,0,0,0
BRDA:40,0,1,0
BRDA:83,1,0,0
BRDA:83,1,1,0
BRF:4
BRH:0
end_of_record
TN:
SF:src\components\exchangeCard\statusTag.tsx
FN:5,(anonymous_0)
FNF:1
FNH:1
FNDA:4,(anonymous_0)
DA:1,1
DA:5,1
DA:6,4
DA:21,4
DA:23,4
DA:25,2
LF:6
LH:6
BRDA:23,0,0,2
BRDA:23,0,1,2
BRF:2
BRH:2
end_of_record
TN:
SF:src\components\exhange\index.tsx
FN:15,(anonymous_1)
FN:25,(anonymous_2)
FN:26,(anonymous_3)
FN:44,(anonymous_4)
FN:54,(anonymous_5)
FN:55,(anonymous_6)
FN:55,(anonymous_7)
FN:58,(anonymous_8)
FN:68,(anonymous_9)
FN:73,(anonymous_10)
FN:79,(anonymous_11)
FN:106,(anonymous_12)
FN:112,(anonymous_13)
FN:126,(anonymous_14)
FN:152,(anonymous_15)
FN:167,(anonymous_16)
FN:175,(anonymous_17)
FN:202,(anonymous_18)
FN:216,(anonymous_19)
FN:223,(anonymous_20)
FN:224,(anonymous_21)
FN:233,(anonymous_22)
FN:235,(anonymous_23)
FN:240,(anonymous_24)
FN:267,(anonymous_25)
FNF:25
FNH:1
FNDA:5,(anonymous_1)
FNDA:0,(anonymous_2)
FNDA:0,(anonymous_3)
FNDA:0,(anonymous_4)
FNDA:0,(anonymous_5)
FNDA:0,(anonymous_6)
FNDA:0,(anonymous_7)
FNDA:0,(anonymous_8)
FNDA:0,(anonymous_9)
FNDA:0,(anonymous_10)
FNDA:0,(anonymous_11)
FNDA:0,(anonymous_12)
FNDA:0,(anonymous_13)
FNDA:0,(anonymous_14)
FNDA:0,(anonymous_15)
FNDA:0,(anonymous_16)
FNDA:0,(anonymous_17)
FNDA:0,(anonymous_18)
FNDA:0,(anonymous_19)
FNDA:0,(anonymous_20)
FNDA:0,(anonymous_21)
FNDA:0,(anonymous_22)
FNDA:0,(anonymous_23)
FNDA:0,(anonymous_24)
FNDA:0,(anonymous_25)
DA:1,2
DA:3,2
DA:4,2
DA:6,2
DA:8,2
DA:9,2
DA:10,2
DA:11,2
DA:12,2
DA:13,2
DA:15,2
DA:24,5
DA:25,0
DA:26,0
DA:38,2
DA:44,2
DA:45,0
DA:46,0
DA:47,0
DA:48,0
DA:49,0
DA:50,0
DA:52,0
DA:54,0
DA:55,0
DA:57,0
DA:58,0
DA:59,0
DA:60,0
DA:62,0
DA:65,0
DA:66,0
DA:68,0
DA:74,0
DA:75,0
DA:76,0
DA:77,0
DA:80,0
DA:86,0
DA:107,0
DA:109,0
DA:112,0
DA:126,0
DA:153,0
DA:168,0
DA:175,0
DA:202,2
DA:213,0
DA:214,0
DA:216,0
DA:217,0
DA:218,0
DA:220,0
DA:223,0
DA:224,0
DA:226,0
DA:229,0
DA:232,0
DA:233,0
DA:236,0
DA:241,0
DA:267,0
LF:62
LH:15
BRDA:57,0,0,0
BRDA:57,0,1,0
BRDA:59,1,0,0
BRDA:59,1,1,0
BRDA:69,2,0,0
BRDA:69,2,1,0
BRDA:80,3,0,0
BRDA:80,3,1,0
BRDA:90,4,0,0
BRDA:90,4,1,0
BRDA:93,5,0,0
BRDA:93,5,1,0
BRDA:102,6,0,0
BRDA:102,6,1,0
BRDA:113,7,0,0
BRDA:113,7,1,0
BRDA:120,8,0,0
BRDA:120,8,1,0
BRDA:145,9,0,0
BRDA:145,9,1,0
BRDA:151,10,0,0
BRDA:151,10,1,0
BRDA:165,11,0,0
BRDA:165,11,1,0
BRDA:192,12,0,0
BRDA:192,12,1,0
BRDA:195,13,0,0
BRDA:195,13,1,0
BRDA:217,14,0,0
BRDA:217,14,1,0
BRDA:224,15,0,0
BRDA:224,15,1,0
BRDA:264,16,0,0
BRDA:264,16,1,0
BRF:34
BRH:0
end_of_record
TN:
SF:src\components\photoGallery\index.tsx
FN:21,(anonymous_1)
FN:22,(anonymous_2)
FNF:2
FNH:1
FNDA:5,(anonymous_1)
FNDA:0,(anonymous_2)
DA:6,1
DA:8,1
DA:10,1
DA:21,1
DA:22,5
DA:23,5
DA:24,5
DA:25,5
DA:26,5
DA:28,5
DA:29,0
DA:36,5
LF:12
LH:11
BRDA:22,0,0,0
BRDA:22,0,1,0
BRDA:22,1,0,0
BRDA:22,1,1,0
BRDA:28,2,0,0
BRDA:28,2,1,5
BRDA:40,3,0,5
BRDA:40,3,1,0
BRDA:42,4,0,0
BRDA:42,4,1,0
BRDA:51,5,0,0
BRDA:51,5,1,0
BRDA:60,6,0,0
BRDA:60,6,1,0
BRF:14
BRH:2
end_of_record
TN:
SF:src\components\ui\Input.tsx
FN:5,(anonymous_0)
FNF:1
FNH:1
FNDA:518,(anonymous_0)
DA:3,3
DA:5,3
DA:6,518
LF:3
LH:3
BRDA:8,0,0,518
BRDA:8,0,1,518
BRDA:11,1,0,518
BRDA:11,1,1,518
BRDA:14,2,0,424
BRDA:14,2,1,94
BRF:6
BRH:6
end_of_record
TN:
SF:src\components\ui\Select.tsx
FN:3,(anonymous_0)
FNF:1
FNH:1
FNDA:23,(anonymous_0)
DA:1,5
DA:3,5
DA:9,23
LF:3
LH:3
BRDA:11,0,0,23
BRDA:11,0,1,0
BRDA:14,1,0,0
BRDA:14,1,1,0
BRF:4
BRH:1
end_of_record
TN:
SF:src\pages\addBook\consts.ts
FNF:0
FNH:0
DA:3,1
LF:1
LH:1
BRF:0
BRH:0
end_of_record
TN:
SF:src\pages\addBook\index.tsx
FN:17,(anonymous_1)
FN:31,(anonymous_2)
FN:51,(anonymous_3)
FN:65,(anonymous_4)
FN:81,(anonymous_5)
FN:109,(anonymous_6)
FN:119,(anonymous_7)
FN:123,(anonymous_8)
FN:131,(anonymous_9)
FN:138,(anonymous_10)
FN:146,(anonymous_11)
FN:207,(anonymous_12)
FN:219,(anonymous_13)
FN:225,(anonymous_14)
FN:269,(anonymous_15)
FN:272,(anonymous_16)
FN:288,(anonymous_17)
FN:294,(anonymous_18)
FN:308,(anonymous_19)
FN:314,(anonymous_20)
FN:319,(anonymous_21)
FN:325,(anonymous_22)
FN:349,(anonymous_23)
FNF:23
FNH:11
FNDA:53,(anonymous_1)
FNDA:3,(anonymous_2)
FNDA:1,(anonymous_3)
FNDA:0,(anonymous_4)
FNDA:0,(anonymous_5)
FNDA:0,(anonymous_6)
FNDA:0,(anonymous_7)
FNDA:0,(anonymous_8)
FNDA:0,(anonymous_9)
FNDA:0,(anonymous_10)
FNDA:45,(anonymous_11)
FNDA:1,(anonymous_12)
FNDA:1,(anonymous_13)
FNDA:153,(anonymous_14)
FNDA:0,(anonymous_15)
FNDA:1,(anonymous_16)
FNDA:0,(anonymous_17)
FNDA:8,(anonymous_18)
FNDA:0,(anonymous_19)
FNDA:6,(anonymous_20)
FNDA:0,(anonymous_21)
FNDA:4,(anonymous_22)
FNDA:0,(anonymous_23)
DA:1,1
DA:2,1
DA:4,1
DA:6,1
DA:7,1
DA:8,1
DA:9,1
DA:10,1
DA:11,1
DA:12,1
DA:13,1
DA:15,1
DA:17,1
DA:18,53
DA:19,53
DA:20,53
DA:22,53
DA:23,53
DA:24,53
DA:25,53
DA:27,53
DA:28,53
DA:29,53
DA:31,53
DA:32,3
DA:33,1
DA:50,1
DA:51,1
DA:60,1
DA:65,53
DA:67,0
DA:76,0
DA:78,0
DA:81,0
DA:82,0
DA:83,0
DA:85,0
DA:88,0
DA:91,0
DA:94,0
DA:97,0
DA:98,0
DA:102,0
DA:103,0
DA:106,0
DA:109,0
DA:110,0
DA:111,0
DA:115,0
DA:116,0
DA:120,0
DA:121,0
DA:124,0
DA:125,0
DA:130,0
DA:132,0
DA:133,0
DA:134,0
DA:135,0
DA:136,0
DA:139,0
DA:140,0
DA:146,53
DA:147,45
DA:149,45
DA:155,53
DA:157,53
DA:158,0
DA:167,53
DA:207,1
DA:219,1
DA:225,153
DA:269,0
DA:272,1
DA:288,0
DA:294,8
DA:308,0
DA:314,6
DA:319,0
DA:325,4
DA:349,0
LF:81
LH:43
BRDA:32,0,0,1
BRDA:32,0,1,2
BRDA:32,1,0,3
BRDA:32,1,1,1
BRDA:39,2,0,1
BRDA:39,2,1,0
BRDA:50,3,0,1
BRDA:50,3,1,0
BRDA:50,4,0,1
BRDA:50,4,1,1
BRDA:53,5,0,1
BRDA:53,5,1,0
BRDA:67,6,0,0
BRDA:67,6,1,0
BRDA:68,7,0,0
BRDA:68,7,1,0
BRDA:68,7,2,0
BRDA:68,7,3,0
BRDA:68,7,4,0
BRDA:68,7,5,0
BRDA:68,7,6,0
BRDA:82,8,0,0
BRDA:82,8,1,0
BRDA:82,9,0,0
BRDA:82,9,1,0
BRDA:97,10,0,0
BRDA:97,10,1,0
BRDA:102,11,0,0
BRDA:102,11,1,0
BRDA:110,12,0,0
BRDA:110,12,1,0
BRDA:115,13,0,0
BRDA:115,13,1,0
BRDA:151,14,0,4
BRDA:151,14,1,41
BRDA:151,15,0,4
BRDA:151,15,1,0
BRDA:155,16,0,53
BRDA:155,16,1,53
BRDA:157,17,0,0
BRDA:157,17,1,53
BRDA:157,18,0,53
BRDA:157,18,1,0
BRDA:177,19,0,53
BRDA:177,19,1,51
BRDA:180,20,0,2
BRDA:180,20,1,49
BRDA:191,21,0,51
BRDA:191,21,1,50
BRDA:198,22,0,51
BRDA:198,22,1,50
BRDA:232,23,0,51
BRDA:232,23,1,50
BRDA:241,24,0,51
BRDA:241,24,1,50
BRDA:251,25,0,51
BRDA:251,25,1,50
BRDA:261,26,0,51
BRDA:261,26,1,50
BRDA:279,27,0,53
BRDA:279,27,1,2
BRDA:282,28,0,0
BRDA:282,28,1,2
BRDA:301,29,0,2
BRDA:301,29,1,2
BRDA:333,30,0,2
BRDA:333,30,1,2
BRDA:353,31,0,0
BRDA:353,31,1,2
BRF:69
BRH:40
end_of_record
TN:
SF:src\pages\auth\login.tsx
FN:14,(anonymous_0)
FN:22,(anonymous_1)
FN:23,(anonymous_2)
FN:35,(anonymous_3)
FN:47,(anonymous_4)
FN:51,(anonymous_5)
FN:57,(anonymous_6)
FN:77,(anonymous_7)
FN:85,(anonymous_8)
FN:96,(anonymous_9)
FN:107,(anonymous_10)
FN:111,(anonymous_11)
FNF:12
FNH:9
FNDA:71,(anonymous_0)
FNDA:62,(anonymous_1)
FNDA:22,(anonymous_2)
FNDA:4,(anonymous_3)
FNDA:0,(anonymous_4)
FNDA:2,(anonymous_5)
FNDA:4,(anonymous_6)
FNDA:0,(anonymous_7)
FNDA:46,(anonymous_8)
FNDA:16,(anonymous_9)
FNDA:4,(anonymous_10)
FNDA:0,(anonymous_11)
DA:1,1
DA:2,1
DA:4,1
DA:7,1
DA:9,1
DA:11,1
DA:14,1
DA:15,71
DA:16,71
DA:17,71
DA:18,71
DA:22,71
DA:23,71
DA:24,22
DA:26,22
DA:27,0
DA:29,22
DA:32,71
DA:33,71
DA:35,71
DA:36,4
DA:38,4
DA:39,2
DA:40,2
DA:41,0
DA:43,2
DA:44,2
DA:45,2
DA:48,0
DA:49,0
DA:57,71
DA:58,4
DA:60,4
DA:61,4
DA:62,1
DA:63,3
DA:64,3
DA:66,3
DA:69,71
DA:77,0
DA:85,46
DA:96,16
DA:108,4
DA:110,4
DA:111,0
DA:114,4
LF:46
LH:40
BRDA:26,0,0,0
BRDA:26,0,1,22
BRDA:26,1,0,22
BRDA:26,1,1,22
BRDA:33,2,0,71
BRDA:33,2,1,65
BRDA:33,2,2,18
BRDA:33,3,0,18
BRDA:33,3,1,0
BRDA:38,4,0,2
BRDA:38,4,1,2
BRDA:38,5,0,4
BRDA:38,5,1,3
BRDA:40,6,0,0
BRDA:40,6,1,2
BRDA:60,7,0,0
BRDA:60,7,1,4
BRDA:61,8,0,1
BRDA:61,8,1,3
BRDA:63,9,0,0
BRDA:63,9,1,3
BRDA:64,10,0,0
BRDA:64,10,1,3
BRDA:66,11,0,3
BRDA:66,11,1,3
BRDA:86,12,0,71
BRDA:86,12,1,6
BRDA:97,13,0,71
BRDA:97,13,1,53
BRDA:104,14,0,71
BRDA:104,14,1,53
BRDA:104,14,2,69
BRDA:104,14,3,4
BRDA:110,15,0,0
BRDA:110,15,1,4
BRDA:114,16,0,4
BRDA:114,16,1,0
BRF:37
BRH:29
end_of_record
TN:
SF:src\pages\auth\registration.tsx
FN:14,(anonymous_1)
FN:26,(anonymous_2)
FN:27,(anonymous_3)
FN:46,(anonymous_4)
FN:60,(anonymous_5)
FN:77,(anonymous_6)
FN:83,(anonymous_7)
FN:92,(anonymous_8)
FN:102,(anonymous_9)
FN:112,(anonymous_10)
FN:121,(anonymous_11)
FN:131,(anonymous_12)
FN:137,(anonymous_13)
FN:146,(anonymous_14)
FN:150,(anonymous_15)
FNF:15
FNH:13
FNDA:95,(anonymous_1)
FNDA:88,(anonymous_2)
FNDA:7,(anonymous_3)
FNDA:3,(anonymous_4)
FNDA:2,(anonymous_5)
FNDA:0,(anonymous_6)
FNDA:15,(anonymous_7)
FNDA:26,(anonymous_8)
FNDA:2,(anonymous_9)
FNDA:16,(anonymous_10)
FNDA:27,(anonymous_11)
FNDA:2,(anonymous_12)
FNDA:95,(anonymous_13)
FNDA:2,(anonymous_14)
FNDA:0,(anonymous_15)
DA:1,1
DA:2,1
DA:4,1
DA:5,1
DA:7,1
DA:9,1
DA:10,1
DA:11,1
DA:12,1
DA:14,1
DA:15,95
DA:16,95
DA:17,95
DA:18,95
DA:26,95
DA:27,95
DA:28,7
DA:30,7
DA:31,3
DA:33,4
DA:36,95
DA:38,95
DA:46,95
DA:47,3
DA:49,3
DA:50,1
DA:51,2
DA:52,1
DA:54,1
DA:55,1
DA:56,1
DA:60,95
DA:61,2
DA:63,2
DA:64,2
DA:65,2
DA:66,2
DA:68,2
DA:71,95
DA:77,0
DA:83,15
DA:92,26
DA:102,2
DA:112,16
DA:121,27
DA:131,2
DA:137,95
DA:147,2
DA:149,2
DA:150,0
DA:153,2
LF:51
LH:49
BRDA:30,0,0,3
BRDA:30,0,1,4
BRDA:30,1,0,7
BRDA:30,1,1,7
BRDA:38,2,0,95
BRDA:38,2,1,90
BRDA:38,2,2,75
BRDA:38,2,3,4
BRDA:38,2,4,4
BRDA:38,2,5,4
BRDA:38,2,6,4
BRDA:44,3,0,4
BRDA:44,3,1,0
BRDA:49,4,0,1
BRDA:49,4,1,2
BRDA:49,5,0,3
BRDA:49,5,1,2
BRDA:49,5,2,2
BRDA:49,5,3,2
BRDA:49,5,4,2
BRDA:51,6,0,1
BRDA:51,6,1,1
BRDA:63,7,0,0
BRDA:63,7,1,2
BRDA:64,8,0,0
BRDA:64,8,1,2
BRDA:65,9,0,0
BRDA:65,9,1,2
BRDA:66,10,0,0
BRDA:66,10,1,2
BRDA:84,11,0,95
BRDA:84,11,1,5
BRDA:93,12,0,95
BRDA:93,12,1,20
BRDA:103,13,0,4
BRDA:103,13,1,91
BRDA:113,14,0,95
BRDA:113,14,1,46
BRDA:122,15,0,95
BRDA:122,15,1,62
BRDA:137,16,0,95
BRDA:137,16,1,0
BRDA:140,17,0,95
BRDA:140,17,1,93
BRDA:140,17,2,93
BRDA:140,17,3,2
BRDA:143,18,0,2
BRDA:143,18,1,2
BRDA:143,18,2,0
BRDA:143,18,3,2
BRDA:149,19,0,0
BRDA:149,19,1,2
BRDA:153,20,0,2
BRDA:153,20,1,2
BRF:54
BRH:46
end_of_record
TN:
SF:src\pages\bookPage\index.tsx
FN:15,(anonymous_1)
FN:52,(anonymous_2)
FNF:2
FNH:2
FNDA:5,(anonymous_1)
FNDA:3,(anonymous_2)
DA:1,1
DA:2,1
DA:4,1
DA:5,1
DA:7,1
DA:8,1
DA:9,1
DA:10,1
DA:11,1
DA:12,1
DA:13,1
DA:15,1
DA:16,5
DA:17,5
DA:19,5
DA:20,5
DA:22,5
DA:23,0
DA:29,5
DA:31,5
DA:53,3
LF:21
LH:20
BRDA:20,0,0,0
BRDA:20,0,1,5
BRDA:22,1,0,0
BRDA:22,1,1,5
BRDA:22,2,0,5
BRDA:22,2,1,5
BRDA:29,3,0,5
BRDA:29,3,1,0
BRDA:40,4,0,5
BRDA:40,4,1,0
BRDA:48,5,0,5
BRDA:48,5,1,3
BRF:12
BRH:8
end_of_record
TN:
SF:src\pages\catalog\consts.ts
FNF:0
FNH:0
DA:1,1
DA:3,1
DA:9,1
DA:14,1
LF:4
LH:4
BRF:0
BRH:0
end_of_record
TN:
SF:src\pages\catalog\index.tsx
FN:13,(anonymous_0)
FN:14,(anonymous_1)
FN:15,(anonymous_2)
FN:25,(anonymous_3)
FN:27,(anonymous_4)
FN:33,(anonymous_5)
FN:41,(anonymous_6)
FN:48,(anonymous_7)
FN:62,(anonymous_8)
FN:70,(anonymous_9)
FN:79,(anonymous_10)
FN:83,(anonymous_11)
FN:95,(anonymous_12)
FN:99,(anonymous_13)
FN:114,(anonymous_14)
FN:125,(anonymous_15)
FNF:16
FNH:13
FNDA:7,(anonymous_0)
FNDA:7,(anonymous_1)
FNDA:7,(anonymous_2)
FNDA:1,(anonymous_3)
FNDA:1,(anonymous_4)
FNDA:1,(anonymous_5)
FNDA:1,(anonymous_6)
FNDA:3,(anonymous_7)
FNDA:21,(anonymous_8)
FNDA:1,(anonymous_9)
FNDA:14,(anonymous_10)
FNDA:0,(anonymous_11)
FNDA:28,(anonymous_12)
FNDA:0,(anonymous_13)
FNDA:7,(anonymous_14)
FNDA:0,(anonymous_15)
DA:1,1
DA:3,1
DA:5,1
DA:6,1
DA:7,1
DA:8,1
DA:10,1
DA:11,1
DA:13,1
DA:14,7
DA:15,7
DA:17,7
DA:19,7
DA:25,7
DA:26,1
DA:27,1
DA:30,0
DA:33,7
DA:34,1
DA:36,1
DA:37,0
DA:39,0
DA:41,1
DA:48,7
DA:49,3
DA:52,7
DA:63,21
DA:64,21
DA:66,21
DA:70,1
DA:80,14
DA:84,0
DA:96,28
DA:100,0
DA:115,7
DA:125,0
LF:36
LH:30
BRDA:26,0,0,1
BRDA:26,0,1,0
BRDA:30,1,0,0
BRDA:30,1,1,0
BRDA:34,2,0,1
BRDA:34,2,1,1
BRDA:36,3,0,0
BRDA:36,3,1,1
BRDA:36,4,0,1
BRDA:36,4,1,0
BRDA:63,5,0,21
BRDA:63,5,1,14
BRDA:64,6,0,21
BRDA:64,6,1,14
BRDA:122,7,0,7
BRDA:122,7,1,0
BRDA:123,8,0,7
BRDA:123,8,1,0
BRF:18
BRH:11
end_of_record
TN:
SF:src\pages\notificationPage\index.tsx
FN:12,(anonymous_1)
FN:47,(anonymous_2)
FN:49,(anonymous_3)
FN:53,(anonymous_4)
FN:88,(anonymous_5)
FN:89,(anonymous_6)
FN:100,(anonymous_7)
FN:109,(anonymous_8)
FNF:8
FNH:8
FNDA:28,(anonymous_1)
FNDA:7,(anonymous_2)
FNDA:7,(anonymous_3)
FNDA:2,(anonymous_4)
FNDA:28,(anonymous_5)
FNDA:2,(anonymous_6)
FNDA:1,(anonymous_7)
FNDA:1,(anonymous_8)
DA:1,1
DA:3,1
DA:5,1
DA:6,1
DA:8,1
DA:9,1
DA:10,1
DA:12,1
DA:13,28
DA:14,28
DA:16,28
DA:17,7
DA:18,0
DA:20,7
DA:22,21
DA:23,21
DA:25,7
DA:26,7
DA:31,0
DA:32,0
DA:36,0
DA:38,7
DA:40,7
DA:44,0
DA:47,1
DA:48,7
DA:49,7
DA:50,7
DA:51,7
DA:53,7
DA:54,2
DA:56,2
DA:58,2
DA:59,1
DA:61,1
DA:62,1
DA:64,0
DA:65,0
DA:67,0
DA:68,0
DA:70,0
DA:72,1
DA:73,1
DA:76,2
DA:77,2
DA:80,7
DA:89,28
DA:101,1
DA:110,1
LF:49
LH:39
BRDA:14,0,0,28
BRDA:14,0,1,0
BRDA:16,1,0,7
BRDA:16,1,1,21
BRDA:17,2,0,0
BRDA:17,2,1,7
BRDA:22,3,0,21
BRDA:22,3,1,0
BRDA:23,4,0,7
BRDA:23,4,1,7
BRDA:23,4,2,7
BRDA:25,5,0,7
BRDA:25,5,1,0
BRDA:26,6,0,0
BRDA:26,6,1,7
BRDA:31,7,0,0
BRDA:31,7,1,0
BRDA:32,8,0,0
BRDA:32,8,1,0
BRDA:54,9,0,2
BRDA:54,9,1,0
BRDA:58,10,0,1
BRDA:58,10,1,1
BRDA:59,11,0,1
BRDA:59,11,1,0
BRDA:59,11,2,0
BRDA:59,11,3,0
BRDA:72,12,0,1
BRDA:72,12,1,0
BRDA:85,13,0,7
BRDA:85,13,1,0
BRDA:91,14,0,28
BRDA:91,14,1,28
BRDA:98,15,0,28
BRDA:98,15,1,21
BRDA:107,16,0,28
BRDA:107,16,1,7
BRF:37
BRH:22
end_of_record
TN:
SF:src\pages\profile\index.tsx
FN:23,(anonymous_1)
FN:25,(anonymous_2)
FN:26,(anonymous_3)
FN:27,(anonymous_4)
FN:37,(anonymous_5)
FN:42,(anonymous_6)
FN:47,(anonymous_7)
FN:53,(anonymous_8)
FNF:8
FNH:8
FNDA:4,(anonymous_1)
FNDA:4,(anonymous_2)
FNDA:4,(anonymous_3)
FNDA:4,(anonymous_4)
FNDA:24,(anonymous_5)
FNDA:1,(anonymous_6)
FNDA:1,(anonymous_7)
FNDA:1,(anonymous_8)
DA:2,1
DA:4,1
DA:6,1
DA:7,1
DA:8,1
DA:9,1
DA:10,1
DA:12,1
DA:14,1
DA:23,1
DA:24,4
DA:25,4
DA:26,4
DA:27,4
DA:29,4
DA:38,24
DA:42,1
DA:47,1
DA:54,1
DA:55,1
DA:56,1
LF:21
LH:21
BRDA:40,0,0,4
BRDA:40,0,1,20
BRDA:64,1,0,4
BRDA:64,1,1,4
BRDA:65,2,0,4
BRDA:65,2,1,0
BRDA:66,3,0,4
BRDA:66,3,1,0
BRDA:67,4,0,4
BRDA:67,4,1,0
BRDA:68,5,0,4
BRDA:68,5,1,0
BRDA:69,6,0,4
BRDA:69,6,1,0
BRF:14
BRH:9
end_of_record
TN:
SF:src\store\user.ts
FN:23,(anonymous_0)
FN:28,(anonymous_1)
FN:29,(anonymous_2)
FN:33,(anonymous_3)
FN:34,(anonymous_4)
FN:37,(anonymous_5)
FN:38,(anonymous_6)
FN:43,(anonymous_7)
FN:44,(anonymous_8)
FN:47,(anonymous_9)
FN:48,(anonymous_10)
FN:52,(anonymous_11)
FN:53,(anonymous_12)
FN:59,(anonymous_13)
FNF:14
FNH:4
FNDA:1,(anonymous_0)
FNDA:0,(anonymous_1)
FNDA:0,(anonymous_2)
FNDA:1,(anonymous_3)
FNDA:1,(anonymous_4)
FNDA:0,(anonymous_5)
FNDA:0,(anonymous_6)
FNDA:0,(anonymous_7)
FNDA:0,(anonymous_8)
FNDA:0,(anonymous_9)
FNDA:0,(anonymous_10)
FNDA:0,(anonymous_11)
FNDA:0,(anonymous_12)
FNDA:1,(anonymous_13)
DA:1,1
DA:2,1
DA:3,1
DA:21,1
DA:23,1
DA:29,0
DA:30,0
DA:34,1
DA:35,1
DA:38,0
DA:39,0
DA:40,0
DA:44,0
DA:45,0
DA:48,0
DA:49,0
DA:50,0
DA:53,0
DA:54,0
DA:59,1
LF:20
LH:8
BRDA:39,0,0,0
BRDA:39,0,1,0
BRF:2
BRH:0
end_of_record
