{"D:\\bookcrossing\\back\\src\\app.ts": {"path":"D:\\bookcrossing\\back\\src\\app.ts","statementMap":{"0":{"start":{"line":1,"column":0},"end":{"line":1,"column":30}},"1":{"start":{"line":2,"column":0},"end":{"line":2,"column":45}},"2":{"start":{"line":3,"column":0},"end":{"line":3,"column":45}},"3":{"start":{"line":4,"column":0},"end":{"line":4,"column":45}},"4":{"start":{"line":5,"column":0},"end":{"line":5,"column":45}},"5":{"start":{"line":6,"column":0},"end":{"line":6,"column":54}},"6":{"start":{"line":7,"column":0},"end":{"line":7,"column":49}},"7":{"start":{"line":8,"column":0},"end":{"line":8,"column":58}},"8":{"start":{"line":9,"column":0},"end":{"line":9,"column":24}},"9":{"start":{"line":10,"column":0},"end":{"line":10,"column":24}},"10":{"start":{"line":12,"column":12},"end":{"line":12,"column":21}},"11":{"start":{"line":31,"column":8},"end":{"line":31,"column":11}},"12":{"start":{"line":15,"column":0},"end":{"line":18,"column":4}},"13":{"start":{"line":20,"column":0},"end":{"line":20,"column":24}},"14":{"start":{"line":21,"column":0},"end":{"line":21,"column":28}},"15":{"start":{"line":22,"column":0},"end":{"line":22,"column":33}},"16":{"start":{"line":23,"column":0},"end":{"line":23,"column":34}},"17":{"start":{"line":24,"column":0},"end":{"line":24,"column":28}},"18":{"start":{"line":25,"column":0},"end":{"line":25,"column":72}},"19":{"start":{"line":26,"column":0},"end":{"line":26,"column":43}},"20":{"start":{"line":27,"column":0},"end":{"line":27,"column":null}},"21":{"start":{"line":29,"column":0},"end":{"line":29,"column":22}}},"fnMap":{},"branchMap":{},"s":{"0":7,"1":7,"2":7,"3":7,"4":7,"5":7,"6":7,"7":7,"8":7,"9":7,"10":7,"11":7,"12":7,"13":7,"14":7,"15":7,"16":7,"17":7,"18":7,"19":7,"20":7,"21":7},"f":{},"b":{}}
,"D:\\bookcrossing\\back\\src\\config\\database.ts": {"path":"D:\\bookcrossing\\back\\src\\config\\database.ts","statementMap":{"0":{"start":{"line":1,"column":0},"end":{"line":1,"column":38}},"1":{"start":{"line":2,"column":0},"end":{"line":2,"column":28}},"2":{"start":{"line":4,"column":13},"end":{"line":14,"column":2}}},"fnMap":{},"branchMap":{},"s":{"0":7,"1":7,"2":7},"f":{},"b":{}}
,"D:\\bookcrossing\\back\\src\\config\\env.ts": {"path":"D:\\bookcrossing\\back\\src\\config\\env.ts","statementMap":{"0":{"start":{"line":1,"column":0},"end":{"line":1,"column":28}},"1":{"start":{"line":2,"column":0},"end":{"line":2,"column":16}},"2":{"start":{"line":5,"column":0},"end":{"line":7,"column":1}},"3":{"start":{"line":6,"column":4},"end":{"line":6,"column":62}},"4":{"start":{"line":9,"column":13},"end":{"line":20,"column":2}}},"fnMap":{},"branchMap":{"0":{"loc":{"start":{"line":5,"column":0},"end":{"line":7,"column":1}},"type":"if","locations":[{"start":{"line":5,"column":0},"end":{"line":7,"column":1}},{"start":{},"end":{}}]},"1":{"loc":{"start":{"line":10,"column":8},"end":{"line":10,"column":32}},"type":"binary-expr","locations":[{"start":{"line":10,"column":8},"end":{"line":10,"column":24}},{"start":{"line":10,"column":28},"end":{"line":10,"column":32}}]},"2":{"loc":{"start":{"line":12,"column":10},"end":{"line":12,"column":44}},"type":"binary-expr","locations":[{"start":{"line":12,"column":10},"end":{"line":12,"column":29}},{"start":{"line":12,"column":33},"end":{"line":12,"column":44}}]},"3":{"loc":{"start":{"line":13,"column":10},"end":{"line":13,"column":45}},"type":"binary-expr","locations":[{"start":{"line":13,"column":10},"end":{"line":13,"column":37}},{"start":{"line":13,"column":41},"end":{"line":13,"column":45}}]},"4":{"loc":{"start":{"line":14,"column":10},"end":{"line":14,"column":47}},"type":"binary-expr","locations":[{"start":{"line":14,"column":10},"end":{"line":14,"column":29}},{"start":{"line":14,"column":33},"end":{"line":14,"column":47}}]},"5":{"loc":{"start":{"line":15,"column":10},"end":{"line":15,"column":43}},"type":"binary-expr","locations":[{"start":{"line":15,"column":10},"end":{"line":15,"column":29}},{"start":{"line":15,"column":33},"end":{"line":15,"column":43}}]},"6":{"loc":{"start":{"line":16,"column":14},"end":{"line":16,"column":46}},"type":"binary-expr","locations":[{"start":{"line":16,"column":14},"end":{"line":16,"column":37}},{"start":{"line":16,"column":41},"end":{"line":16,"column":46}}]}},"s":{"0":7,"1":7,"2":7,"3":0,"4":7},"f":{},"b":{"0":[0,7],"1":[7,0],"2":[7,0],"3":[7,0],"4":[7,0],"5":[7,0],"6":[7,0]}}
,"D:\\bookcrossing\\back\\src\\config\\upload.ts": {"path":"D:\\bookcrossing\\back\\src\\config\\upload.ts","statementMap":{"0":{"start":{"line":1,"column":0},"end":{"line":1,"column":28}},"1":{"start":{"line":2,"column":0},"end":{"line":2,"column":24}},"2":{"start":{"line":3,"column":0},"end":{"line":3,"column":20}},"3":{"start":{"line":5,"column":18},"end":{"line":5,"column":55}},"4":{"start":{"line":6,"column":0},"end":{"line":8,"column":1}},"5":{"start":{"line":7,"column":4},"end":{"line":7,"column":49}},"6":{"start":{"line":10,"column":16},"end":{"line":16,"column":2}},"7":{"start":{"line":11,"column":36},"end":{"line":11,"column":55}},"8":{"start":{"line":13,"column":21},"end":{"line":13,"column":31}},"9":{"start":{"line":14,"column":8},"end":{"line":14,"column":94}},"10":{"start":{"line":18,"column":19},"end":{"line":27,"column":1}},"11":{"start":{"line":19,"column":25},"end":{"line":19,"column":39}},"12":{"start":{"line":20,"column":22},"end":{"line":20,"column":86}},"13":{"start":{"line":21,"column":21},"end":{"line":21,"column":53}},"14":{"start":{"line":22,"column":4},"end":{"line":26,"column":5}},"15":{"start":{"line":23,"column":8},"end":{"line":23,"column":23}},"16":{"start":{"line":25,"column":8},"end":{"line":25,"column":72}},"17":{"start":{"line":29,"column":13},"end":{"line":29,"column":93}}},"fnMap":{"0":{"name":"(anonymous_1)","decl":{"start":{"line":11,"column":17},"end":{"line":11,"column":18}},"loc":{"start":{"line":11,"column":36},"end":{"line":11,"column":55}}},"1":{"name":"(anonymous_2)","decl":{"start":{"line":12,"column":14},"end":{"line":12,"column":15}},"loc":{"start":{"line":12,"column":32},"end":{"line":15,"column":5}}},"2":{"name":"(anonymous_3)","decl":{"start":{"line":18,"column":19},"end":{"line":18,"column":20}},"loc":{"start":{"line":18,"column":90},"end":{"line":27,"column":1}}}},"branchMap":{"0":{"loc":{"start":{"line":6,"column":0},"end":{"line":8,"column":1}},"type":"if","locations":[{"start":{"line":6,"column":0},"end":{"line":8,"column":1}},{"start":{},"end":{}}]},"1":{"loc":{"start":{"line":22,"column":4},"end":{"line":26,"column":5}},"type":"if","locations":[{"start":{"line":22,"column":4},"end":{"line":26,"column":5}},{"start":{"line":24,"column":11},"end":{"line":26,"column":5}}]},"2":{"loc":{"start":{"line":22,"column":8},"end":{"line":22,"column":29}},"type":"binary-expr","locations":[{"start":{"line":22,"column":8},"end":{"line":22,"column":17}},{"start":{"line":22,"column":21},"end":{"line":22,"column":29}}]}},"s":{"0":7,"1":7,"2":7,"3":7,"4":7,"5":0,"6":7,"7":47,"8":47,"9":47,"10":7,"11":47,"12":47,"13":47,"14":47,"15":47,"16":0,"17":7},"f":{"0":47,"1":47,"2":47},"b":{"0":[0,7],"1":[47,0],"2":[47,47]}}
,"D:\\bookcrossing\\back\\src\\constants\\enums.ts": {"path":"D:\\bookcrossing\\back\\src\\constants\\enums.ts","statementMap":{"0":{"start":{"line":2,"column":0},"end":{"line":2,"column":null}},"1":{"start":{"line":3,"column":4},"end":{"line":3,"column":null}},"2":{"start":{"line":4,"column":4},"end":{"line":4,"column":null}},"3":{"start":{"line":5,"column":4},"end":{"line":5,"column":null}},"4":{"start":{"line":6,"column":4},"end":{"line":6,"column":null}},"5":{"start":{"line":9,"column":0},"end":{"line":9,"column":null}},"6":{"start":{"line":10,"column":4},"end":{"line":10,"column":null}},"7":{"start":{"line":11,"column":4},"end":{"line":11,"column":null}},"8":{"start":{"line":12,"column":4},"end":{"line":12,"column":null}},"9":{"start":{"line":15,"column":0},"end":{"line":15,"column":null}},"10":{"start":{"line":16,"column":4},"end":{"line":16,"column":null}},"11":{"start":{"line":17,"column":4},"end":{"line":17,"column":null}},"12":{"start":{"line":18,"column":4},"end":{"line":18,"column":null}},"13":{"start":{"line":21,"column":0},"end":{"line":21,"column":null}},"14":{"start":{"line":22,"column":4},"end":{"line":22,"column":null}},"15":{"start":{"line":23,"column":4},"end":{"line":23,"column":null}},"16":{"start":{"line":24,"column":4},"end":{"line":24,"column":null}},"17":{"start":{"line":27,"column":0},"end":{"line":27,"column":null}},"18":{"start":{"line":28,"column":4},"end":{"line":28,"column":null}},"19":{"start":{"line":29,"column":4},"end":{"line":29,"column":null}},"20":{"start":{"line":32,"column":0},"end":{"line":32,"column":null}},"21":{"start":{"line":33,"column":4},"end":{"line":33,"column":null}},"22":{"start":{"line":34,"column":4},"end":{"line":34,"column":null}},"23":{"start":{"line":35,"column":4},"end":{"line":35,"column":null}},"24":{"start":{"line":39,"column":0},"end":{"line":39,"column":null}},"25":{"start":{"line":40,"column":4},"end":{"line":40,"column":null}},"26":{"start":{"line":41,"column":4},"end":{"line":41,"column":null}},"27":{"start":{"line":42,"column":4},"end":{"line":42,"column":null}},"28":{"start":{"line":45,"column":0},"end":{"line":45,"column":null}},"29":{"start":{"line":46,"column":4},"end":{"line":46,"column":null}},"30":{"start":{"line":47,"column":4},"end":{"line":47,"column":null}},"31":{"start":{"line":48,"column":4},"end":{"line":48,"column":null}},"32":{"start":{"line":49,"column":4},"end":{"line":49,"column":null}},"33":{"start":{"line":50,"column":4},"end":{"line":50,"column":null}},"34":{"start":{"line":51,"column":4},"end":{"line":51,"column":null}},"35":{"start":{"line":52,"column":4},"end":{"line":52,"column":null}},"36":{"start":{"line":53,"column":4},"end":{"line":53,"column":null}},"37":{"start":{"line":56,"column":0},"end":{"line":56,"column":null}},"38":{"start":{"line":57,"column":4},"end":{"line":57,"column":null}},"39":{"start":{"line":58,"column":4},"end":{"line":58,"column":null}},"40":{"start":{"line":59,"column":4},"end":{"line":59,"column":null}},"41":{"start":{"line":62,"column":0},"end":{"line":62,"column":null}},"42":{"start":{"line":63,"column":4},"end":{"line":63,"column":null}},"43":{"start":{"line":64,"column":4},"end":{"line":64,"column":null}},"44":{"start":{"line":67,"column":13},"end":{"line":77,"column":null}},"45":{"start":{"line":80,"column":13},"end":{"line":80,"column":64}},"46":{"start":{"line":81,"column":13},"end":{"line":81,"column":66}},"47":{"start":{"line":82,"column":13},"end":{"line":82,"column":56}},"48":{"start":{"line":83,"column":13},"end":{"line":83,"column":58}},"49":{"start":{"line":84,"column":13},"end":{"line":84,"column":62}},"50":{"start":{"line":85,"column":13},"end":{"line":85,"column":48}},"51":{"start":{"line":86,"column":13},"end":{"line":86,"column":62}},"52":{"start":{"line":87,"column":13},"end":{"line":87,"column":66}},"53":{"start":{"line":88,"column":13},"end":{"line":88,"column":56}},"54":{"start":{"line":89,"column":13},"end":{"line":89,"column":60}}},"fnMap":{"0":{"name":"(anonymous_0)","decl":{"start":{"line":2,"column":0},"end":{"line":2,"column":12}},"loc":{"start":{"line":2,"column":25},"end":{"line":7,"column":1}}},"1":{"name":"(anonymous_1)","decl":{"start":{"line":9,"column":0},"end":{"line":9,"column":12}},"loc":{"start":{"line":9,"column":26},"end":{"line":13,"column":1}}},"2":{"name":"(anonymous_2)","decl":{"start":{"line":15,"column":0},"end":{"line":15,"column":12}},"loc":{"start":{"line":15,"column":21},"end":{"line":19,"column":1}}},"3":{"name":"(anonymous_3)","decl":{"start":{"line":21,"column":0},"end":{"line":21,"column":12}},"loc":{"start":{"line":21,"column":22},"end":{"line":25,"column":1}}},"4":{"name":"(anonymous_4)","decl":{"start":{"line":27,"column":0},"end":{"line":27,"column":12}},"loc":{"start":{"line":27,"column":24},"end":{"line":30,"column":1}}},"5":{"name":"(anonymous_5)","decl":{"start":{"line":32,"column":0},"end":{"line":32,"column":12}},"loc":{"start":{"line":32,"column":17},"end":{"line":36,"column":1}}},"6":{"name":"(anonymous_6)","decl":{"start":{"line":39,"column":0},"end":{"line":39,"column":12}},"loc":{"start":{"line":39,"column":24},"end":{"line":43,"column":1}}},"7":{"name":"(anonymous_7)","decl":{"start":{"line":45,"column":0},"end":{"line":45,"column":12}},"loc":{"start":{"line":45,"column":26},"end":{"line":54,"column":1}}},"8":{"name":"(anonymous_8)","decl":{"start":{"line":56,"column":0},"end":{"line":56,"column":12}},"loc":{"start":{"line":56,"column":21},"end":{"line":60,"column":1}}},"9":{"name":"(anonymous_9)","decl":{"start":{"line":62,"column":0},"end":{"line":62,"column":12}},"loc":{"start":{"line":62,"column":23},"end":{"line":65,"column":1}}}},"branchMap":{"0":{"loc":{"start":{"line":2,"column":12},"end":{"line":2,"column":null}},"type":"binary-expr","locations":[{"start":{"line":2,"column":12},"end":{"line":2,"column":25}},{"start":{"line":2,"column":25},"end":{"line":2,"column":null}}]},"1":{"loc":{"start":{"line":9,"column":12},"end":{"line":9,"column":null}},"type":"binary-expr","locations":[{"start":{"line":9,"column":12},"end":{"line":9,"column":26}},{"start":{"line":9,"column":26},"end":{"line":9,"column":null}}]},"2":{"loc":{"start":{"line":15,"column":12},"end":{"line":15,"column":null}},"type":"binary-expr","locations":[{"start":{"line":15,"column":12},"end":{"line":15,"column":21}},{"start":{"line":15,"column":21},"end":{"line":15,"column":null}}]},"3":{"loc":{"start":{"line":21,"column":12},"end":{"line":21,"column":null}},"type":"binary-expr","locations":[{"start":{"line":21,"column":12},"end":{"line":21,"column":22}},{"start":{"line":21,"column":22},"end":{"line":21,"column":null}}]},"4":{"loc":{"start":{"line":27,"column":12},"end":{"line":27,"column":null}},"type":"binary-expr","locations":[{"start":{"line":27,"column":12},"end":{"line":27,"column":24}},{"start":{"line":27,"column":24},"end":{"line":27,"column":null}}]},"5":{"loc":{"start":{"line":32,"column":12},"end":{"line":32,"column":null}},"type":"binary-expr","locations":[{"start":{"line":32,"column":12},"end":{"line":32,"column":17}},{"start":{"line":32,"column":17},"end":{"line":32,"column":null}}]},"6":{"loc":{"start":{"line":39,"column":12},"end":{"line":39,"column":null}},"type":"binary-expr","locations":[{"start":{"line":39,"column":12},"end":{"line":39,"column":24}},{"start":{"line":39,"column":24},"end":{"line":39,"column":null}}]},"7":{"loc":{"start":{"line":45,"column":12},"end":{"line":45,"column":null}},"type":"binary-expr","locations":[{"start":{"line":45,"column":12},"end":{"line":45,"column":26}},{"start":{"line":45,"column":26},"end":{"line":45,"column":null}}]},"8":{"loc":{"start":{"line":56,"column":12},"end":{"line":56,"column":null}},"type":"binary-expr","locations":[{"start":{"line":56,"column":12},"end":{"line":56,"column":21}},{"start":{"line":56,"column":21},"end":{"line":56,"column":null}}]},"9":{"loc":{"start":{"line":62,"column":12},"end":{"line":62,"column":null}},"type":"binary-expr","locations":[{"start":{"line":62,"column":12},"end":{"line":62,"column":23}},{"start":{"line":62,"column":23},"end":{"line":62,"column":null}}]}},"s":{"0":7,"1":7,"2":7,"3":7,"4":7,"5":7,"6":7,"7":7,"8":7,"9":7,"10":7,"11":7,"12":7,"13":7,"14":7,"15":7,"16":7,"17":7,"18":7,"19":7,"20":7,"21":7,"22":7,"23":7,"24":7,"25":7,"26":7,"27":7,"28":7,"29":7,"30":7,"31":7,"32":7,"33":7,"34":7,"35":7,"36":7,"37":7,"38":7,"39":7,"40":7,"41":7,"42":7,"43":7,"44":7,"45":7,"46":7,"47":7,"48":7,"49":7,"50":7,"51":7,"52":7,"53":7,"54":7},"f":{"0":7,"1":7,"2":7,"3":7,"4":7,"5":7,"6":7,"7":7,"8":7,"9":7},"b":{"0":[7,7],"1":[7,7],"2":[7,7],"3":[7,7],"4":[7,7],"5":[7,7],"6":[7,7],"7":[7,7],"8":[7,7],"9":[7,7]}}
,"D:\\bookcrossing\\back\\src\\controllers\\authController.ts": {"path":"D:\\bookcrossing\\back\\src\\controllers\\authController.ts","statementMap":{"0":{"start":{"line":1,"column":0},"end":{"line":1,"column":24}},"1":{"start":{"line":2,"column":0},"end":{"line":2,"column":66}},"2":{"start":{"line":6,"column":13},"end":{"line":14,"column":3}},"3":{"start":{"line":16,"column":13},"end":{"line":21,"column":null}},"4":{"start":{"line":25,"column":28},"end":{"line":49,"column":1}},"5":{"start":{"line":27,"column":4},"end":{"line":47,"column":5}},"6":{"start":{"line":28,"column":23},"end":{"line":28,"column":57}},"7":{"start":{"line":29,"column":23},"end":{"line":35,"column":null}},"8":{"start":{"line":37,"column":8},"end":{"line":37,"column":25}},"9":{"start":{"line":39,"column":8},"end":{"line":46,"column":9}},"10":{"start":{"line":40,"column":8},"end":{"line":40,"column":55}},"11":{"start":{"line":41,"column":15},"end":{"line":46,"column":9}},"12":{"start":{"line":42,"column":8},"end":{"line":42,"column":57}},"13":{"start":{"line":44,"column":8},"end":{"line":44,"column":29}},"14":{"start":{"line":45,"column":8},"end":{"line":45,"column":67}},"15":{"start":{"line":25,"column":13},"end":{"line":25,"column":28}},"16":{"start":{"line":51,"column":21},"end":{"line":69,"column":1}},"17":{"start":{"line":52,"column":4},"end":{"line":68,"column":5}},"18":{"start":{"line":53,"column":23},"end":{"line":53,"column":50}},"19":{"start":{"line":54,"column":23},"end":{"line":56,"column":null}},"20":{"start":{"line":58,"column":8},"end":{"line":58,"column":25}},"21":{"start":{"line":60,"column":8},"end":{"line":67,"column":9}},"22":{"start":{"line":61,"column":12},"end":{"line":61,"column":59}},"23":{"start":{"line":62,"column":15},"end":{"line":67,"column":9}},"24":{"start":{"line":63,"column":12},"end":{"line":63,"column":61}},"25":{"start":{"line":65,"column":12},"end":{"line":65,"column":33}},"26":{"start":{"line":66,"column":12},"end":{"line":66,"column":71}},"27":{"start":{"line":51,"column":13},"end":{"line":51,"column":21}}},"fnMap":{"0":{"name":"(anonymous_0)","decl":{"start":{"line":25,"column":28},"end":{"line":25,"column":33}},"loc":{"start":{"line":25,"column":81},"end":{"line":49,"column":1}}},"1":{"name":"(anonymous_1)","decl":{"start":{"line":51,"column":21},"end":{"line":51,"column":26}},"loc":{"start":{"line":51,"column":74},"end":{"line":69,"column":1}}}},"branchMap":{"0":{"loc":{"start":{"line":39,"column":8},"end":{"line":46,"column":9}},"type":"if","locations":[{"start":{"line":39,"column":8},"end":{"line":46,"column":9}},{"start":{"line":41,"column":15},"end":{"line":46,"column":9}}]},"1":{"loc":{"start":{"line":41,"column":15},"end":{"line":46,"column":9}},"type":"if","locations":[{"start":{"line":41,"column":15},"end":{"line":46,"column":9}},{"start":{"line":43,"column":15},"end":{"line":46,"column":9}}]},"2":{"loc":{"start":{"line":60,"column":8},"end":{"line":67,"column":9}},"type":"if","locations":[{"start":{"line":60,"column":8},"end":{"line":67,"column":9}},{"start":{"line":62,"column":15},"end":{"line":67,"column":9}}]},"3":{"loc":{"start":{"line":62,"column":15},"end":{"line":67,"column":9}},"type":"if","locations":[{"start":{"line":62,"column":15},"end":{"line":67,"column":9}},{"start":{"line":64,"column":15},"end":{"line":67,"column":9}}]},"4":{"loc":{"start":{"line":62,"column":19},"end":{"line":62,"column":147}},"type":"binary-expr","locations":[{"start":{"line":62,"column":19},"end":{"line":62,"column":41}},{"start":{"line":62,"column":46},"end":{"line":62,"column":106}},{"start":{"line":62,"column":110},"end":{"line":62,"column":146}}]}},"s":{"0":7,"1":7,"2":7,"3":7,"4":7,"5":53,"6":53,"7":52,"8":51,"9":2,"10":1,"11":1,"12":1,"13":0,"14":0,"15":7,"16":7,"17":3,"18":3,"19":3,"20":1,"21":2,"22":0,"23":2,"24":2,"25":0,"26":0,"27":7},"f":{"0":53,"1":3},"b":{"0":[1,1],"1":[1,0],"2":[0,2],"3":[2,0],"4":[2,2,1]}}
,"D:\\bookcrossing\\back\\src\\controllers\\bookController.ts": {"path":"D:\\bookcrossing\\back\\src\\controllers\\bookController.ts","statementMap":{"0":{"start":{"line":1,"column":0},"end":{"line":1,"column":24}},"1":{"start":{"line":3,"column":0},"end":{"line":3,"column":54}},"2":{"start":{"line":4,"column":0},"end":{"line":4,"column":99}},"3":{"start":{"line":5,"column":0},"end":{"line":5,"column":43}},"4":{"start":{"line":7,"column":28},"end":{"line":17,"column":2}},"5":{"start":{"line":19,"column":13},"end":{"line":40,"column":3}},"6":{"start":{"line":43,"column":13},"end":{"line":243,"column":2}},"7":{"start":{"line":45,"column":8},"end":{"line":79,"column":9}},"8":{"start":{"line":47,"column":31},"end":{"line":47,"column":56}},"9":{"start":{"line":48,"column":12},"end":{"line":54,"column":13}},"10":{"start":{"line":49,"column":16},"end":{"line":53,"column":26}},"11":{"start":{"line":50,"column":34},"end":{"line":50,"column":58}},"12":{"start":{"line":51,"column":41},"end":{"line":51,"column":59}},"13":{"start":{"line":52,"column":20},"end":{"line":52,"column":40}},"14":{"start":{"line":56,"column":27},"end":{"line":56,"column":62}},"15":{"start":{"line":58,"column":27},"end":{"line":69,"column":14}},"16":{"start":{"line":60,"column":46},"end":{"line":60,"column":56}},"17":{"start":{"line":61,"column":64},"end":{"line":61,"column":83}},"18":{"start":{"line":62,"column":54},"end":{"line":62,"column":72}},"19":{"start":{"line":63,"column":52},"end":{"line":63,"column":69}},"20":{"start":{"line":71,"column":27},"end":{"line":71,"column":71}},"21":{"start":{"line":72,"column":12},"end":{"line":72,"column":29}},"22":{"start":{"line":74,"column":12},"end":{"line":76,"column":13}},"23":{"start":{"line":75,"column":16},"end":{"line":75,"column":70}},"24":{"start":{"line":77,"column":12},"end":{"line":77,"column":33}},"25":{"start":{"line":78,"column":12},"end":{"line":78,"column":71}},"26":{"start":{"line":83,"column":8},"end":{"line":104,"column":9}},"27":{"start":{"line":84,"column":27},"end":{"line":84,"column":50}},"28":{"start":{"line":85,"column":12},"end":{"line":87,"column":13}},"29":{"start":{"line":86,"column":16},"end":{"line":86,"column":76}},"30":{"start":{"line":89,"column":31},"end":{"line":89,"column":56}},"31":{"start":{"line":90,"column":26},"end":{"line":90,"column":51}},"32":{"start":{"line":92,"column":12},"end":{"line":95,"column":13}},"33":{"start":{"line":93,"column":32},"end":{"line":93,"column":57}},"34":{"start":{"line":94,"column":16},"end":{"line":94,"column":36}},"35":{"start":{"line":97,"column":25},"end":{"line":97,"column":70}},"36":{"start":{"line":98,"column":12},"end":{"line":98,"column":27}},"37":{"start":{"line":100,"column":12},"end":{"line":102,"column":13}},"38":{"start":{"line":101,"column":16},"end":{"line":101,"column":72}},"39":{"start":{"line":103,"column":12},"end":{"line":103,"column":61}},"40":{"start":{"line":109,"column":8},"end":{"line":123,"column":9}},"41":{"start":{"line":110,"column":28},"end":{"line":110,"column":48}},"42":{"start":{"line":111,"column":12},"end":{"line":113,"column":13}},"43":{"start":{"line":112,"column":16},"end":{"line":112,"column":73}},"44":{"start":{"line":114,"column":27},"end":{"line":114,"column":50}},"45":{"start":{"line":115,"column":12},"end":{"line":117,"column":13}},"46":{"start":{"line":116,"column":16},"end":{"line":116,"column":77}},"47":{"start":{"line":119,"column":27},"end":{"line":119,"column":71}},"48":{"start":{"line":120,"column":12},"end":{"line":120,"column":29}},"49":{"start":{"line":122,"column":12},"end":{"line":122,"column":61}},"50":{"start":{"line":128,"column":8},"end":{"line":154,"column":9}},"51":{"start":{"line":129,"column":28},"end":{"line":129,"column":48}},"52":{"start":{"line":130,"column":12},"end":{"line":132,"column":13}},"53":{"start":{"line":131,"column":16},"end":{"line":131,"column":73}},"54":{"start":{"line":134,"column":12},"end":{"line":136,"column":13}},"55":{"start":{"line":135,"column":16},"end":{"line":135,"column":79}},"56":{"start":{"line":138,"column":25},"end":{"line":138,"column":50}},"57":{"start":{"line":139,"column":26},"end":{"line":139,"column":52}},"58":{"start":{"line":141,"column":26},"end":{"line":141,"column":60}},"59":{"start":{"line":142,"column":27},"end":{"line":145,"column":24}},"60":{"start":{"line":142,"column":56},"end":{"line":145,"column":14}},"61":{"start":{"line":147,"column":28},"end":{"line":147,"column":81}},"62":{"start":{"line":148,"column":12},"end":{"line":148,"column":30}},"63":{"start":{"line":150,"column":12},"end":{"line":152,"column":13}},"64":{"start":{"line":151,"column":16},"end":{"line":151,"column":70}},"65":{"start":{"line":153,"column":12},"end":{"line":153,"column":61}},"66":{"start":{"line":159,"column":8},"end":{"line":197,"column":9}},"67":{"start":{"line":160,"column":28},"end":{"line":160,"column":48}},"68":{"start":{"line":161,"column":12},"end":{"line":163,"column":13}},"69":{"start":{"line":162,"column":16},"end":{"line":162,"column":73}},"70":{"start":{"line":165,"column":27},"end":{"line":165,"column":50}},"71":{"start":{"line":166,"column":12},"end":{"line":168,"column":13}},"72":{"start":{"line":167,"column":16},"end":{"line":167,"column":76}},"73":{"start":{"line":170,"column":12},"end":{"line":172,"column":13}},"74":{"start":{"line":171,"column":16},"end":{"line":171,"column":79}},"75":{"start":{"line":174,"column":25},"end":{"line":174,"column":50}},"76":{"start":{"line":175,"column":26},"end":{"line":175,"column":52}},"77":{"start":{"line":177,"column":26},"end":{"line":177,"column":60}},"78":{"start":{"line":178,"column":27},"end":{"line":181,"column":23}},"79":{"start":{"line":178,"column":55},"end":{"line":181,"column":14}},"80":{"start":{"line":184,"column":29},"end":{"line":184,"column":93}},"81":{"start":{"line":185,"column":12},"end":{"line":185,"column":31}},"82":{"start":{"line":187,"column":12},"end":{"line":189,"column":13}},"83":{"start":{"line":188,"column":16},"end":{"line":188,"column":70}},"84":{"start":{"line":190,"column":12},"end":{"line":192,"column":13}},"85":{"start":{"line":191,"column":16},"end":{"line":191,"column":72}},"86":{"start":{"line":193,"column":12},"end":{"line":195,"column":13}},"87":{"start":{"line":194,"column":16},"end":{"line":194,"column":93}},"88":{"start":{"line":196,"column":12},"end":{"line":196,"column":61}},"89":{"start":{"line":203,"column":8},"end":{"line":224,"column":9}},"90":{"start":{"line":204,"column":28},"end":{"line":204,"column":48}},"91":{"start":{"line":205,"column":12},"end":{"line":207,"column":13}},"92":{"start":{"line":206,"column":16},"end":{"line":206,"column":73}},"93":{"start":{"line":209,"column":27},"end":{"line":209,"column":50}},"94":{"start":{"line":210,"column":12},"end":{"line":212,"column":13}},"95":{"start":{"line":211,"column":16},"end":{"line":211,"column":76}},"96":{"start":{"line":214,"column":27},"end":{"line":214,"column":71}},"97":{"start":{"line":215,"column":12},"end":{"line":215,"column":29}},"98":{"start":{"line":217,"column":12},"end":{"line":219,"column":13}},"99":{"start":{"line":218,"column":16},"end":{"line":218,"column":72}},"100":{"start":{"line":220,"column":12},"end":{"line":222,"column":13}},"101":{"start":{"line":221,"column":16},"end":{"line":221,"column":95}},"102":{"start":{"line":223,"column":12},"end":{"line":223,"column":61}},"103":{"start":{"line":229,"column":8},"end":{"line":241,"column":9}},"104":{"start":{"line":230,"column":28},"end":{"line":230,"column":48}},"105":{"start":{"line":231,"column":27},"end":{"line":231,"column":50}},"106":{"start":{"line":233,"column":12},"end":{"line":233,"column":82}},"107":{"start":{"line":233,"column":25},"end":{"line":233,"column":82}},"108":{"start":{"line":235,"column":12},"end":{"line":235,"column":91}},"109":{"start":{"line":235,"column":31},"end":{"line":235,"column":91}},"110":{"start":{"line":237,"column":27},"end":{"line":237,"column":74}},"111":{"start":{"line":238,"column":12},"end":{"line":238,"column":29}},"112":{"start":{"line":240,"column":12},"end":{"line":240,"column":61}}},"fnMap":{"0":{"name":"(anonymous_0)","decl":{"start":{"line":44,"column":4},"end":{"line":44,"column":9}},"loc":{"start":{"line":44,"column":48},"end":{"line":80,"column":5}}},"1":{"name":"(anonymous_1)","decl":{"start":{"line":60,"column":41},"end":{"line":60,"column":42}},"loc":{"start":{"line":60,"column":46},"end":{"line":60,"column":56}}},"2":{"name":"(anonymous_2)","decl":{"start":{"line":61,"column":59},"end":{"line":61,"column":60}},"loc":{"start":{"line":61,"column":64},"end":{"line":61,"column":83}}},"3":{"name":"(anonymous_3)","decl":{"start":{"line":62,"column":49},"end":{"line":62,"column":50}},"loc":{"start":{"line":62,"column":54},"end":{"line":62,"column":72}}},"4":{"name":"(anonymous_4)","decl":{"start":{"line":63,"column":47},"end":{"line":63,"column":48}},"loc":{"start":{"line":63,"column":52},"end":{"line":63,"column":69}}},"5":{"name":"(anonymous_5)","decl":{"start":{"line":82,"column":4},"end":{"line":82,"column":9}},"loc":{"start":{"line":82,"column":49},"end":{"line":105,"column":5}}},"6":{"name":"(anonymous_6)","decl":{"start":{"line":108,"column":4},"end":{"line":108,"column":9}},"loc":{"start":{"line":108,"column":56},"end":{"line":124,"column":5}}},"7":{"name":"(anonymous_7)","decl":{"start":{"line":127,"column":4},"end":{"line":127,"column":9}},"loc":{"start":{"line":127,"column":48},"end":{"line":155,"column":5}}},"8":{"name":"(anonymous_8)","decl":{"start":{"line":142,"column":38},"end":{"line":142,"column":39}},"loc":{"start":{"line":142,"column":56},"end":{"line":145,"column":14}}},"9":{"name":"(anonymous_9)","decl":{"start":{"line":158,"column":4},"end":{"line":158,"column":9}},"loc":{"start":{"line":158,"column":52},"end":{"line":199,"column":5}}},"10":{"name":"(anonymous_10)","decl":{"start":{"line":178,"column":37},"end":{"line":178,"column":38}},"loc":{"start":{"line":178,"column":55},"end":{"line":181,"column":14}}},"11":{"name":"(anonymous_11)","decl":{"start":{"line":202,"column":4},"end":{"line":202,"column":9}},"loc":{"start":{"line":202,"column":48},"end":{"line":226,"column":5}}},"12":{"name":"(anonymous_12)","decl":{"start":{"line":228,"column":4},"end":{"line":228,"column":9}},"loc":{"start":{"line":228,"column":61},"end":{"line":242,"column":5}}}},"branchMap":{"0":{"loc":{"start":{"line":48,"column":12},"end":{"line":54,"column":13}},"type":"if","locations":[{"start":{"line":48,"column":12},"end":{"line":54,"column":13}},{"start":{},"end":{}}]},"1":{"loc":{"start":{"line":74,"column":12},"end":{"line":76,"column":13}},"type":"if","locations":[{"start":{"line":74,"column":12},"end":{"line":76,"column":13}},{"start":{},"end":{}}]},"2":{"loc":{"start":{"line":85,"column":12},"end":{"line":87,"column":13}},"type":"if","locations":[{"start":{"line":85,"column":12},"end":{"line":87,"column":13}},{"start":{},"end":{}}]},"3":{"loc":{"start":{"line":92,"column":12},"end":{"line":95,"column":13}},"type":"if","locations":[{"start":{"line":92,"column":12},"end":{"line":95,"column":13}},{"start":{},"end":{}}]},"4":{"loc":{"start":{"line":100,"column":12},"end":{"line":102,"column":13}},"type":"if","locations":[{"start":{"line":100,"column":12},"end":{"line":102,"column":13}},{"start":{},"end":{}}]},"5":{"loc":{"start":{"line":111,"column":12},"end":{"line":113,"column":13}},"type":"if","locations":[{"start":{"line":111,"column":12},"end":{"line":113,"column":13}},{"start":{},"end":{}}]},"6":{"loc":{"start":{"line":115,"column":12},"end":{"line":117,"column":13}},"type":"if","locations":[{"start":{"line":115,"column":12},"end":{"line":117,"column":13}},{"start":{},"end":{}}]},"7":{"loc":{"start":{"line":130,"column":12},"end":{"line":132,"column":13}},"type":"if","locations":[{"start":{"line":130,"column":12},"end":{"line":132,"column":13}},{"start":{},"end":{}}]},"8":{"loc":{"start":{"line":134,"column":12},"end":{"line":136,"column":13}},"type":"if","locations":[{"start":{"line":134,"column":12},"end":{"line":136,"column":13}},{"start":{},"end":{}}]},"9":{"loc":{"start":{"line":142,"column":27},"end":{"line":145,"column":24}},"type":"binary-expr","locations":[{"start":{"line":142,"column":27},"end":{"line":145,"column":15}},{"start":{"line":145,"column":20},"end":{"line":145,"column":24}}]},"10":{"loc":{"start":{"line":150,"column":12},"end":{"line":152,"column":13}},"type":"if","locations":[{"start":{"line":150,"column":12},"end":{"line":152,"column":13}},{"start":{},"end":{}}]},"11":{"loc":{"start":{"line":161,"column":12},"end":{"line":163,"column":13}},"type":"if","locations":[{"start":{"line":161,"column":12},"end":{"line":163,"column":13}},{"start":{},"end":{}}]},"12":{"loc":{"start":{"line":166,"column":12},"end":{"line":168,"column":13}},"type":"if","locations":[{"start":{"line":166,"column":12},"end":{"line":168,"column":13}},{"start":{},"end":{}}]},"13":{"loc":{"start":{"line":170,"column":12},"end":{"line":172,"column":13}},"type":"if","locations":[{"start":{"line":170,"column":12},"end":{"line":172,"column":13}},{"start":{},"end":{}}]},"14":{"loc":{"start":{"line":178,"column":27},"end":{"line":181,"column":23}},"type":"binary-expr","locations":[{"start":{"line":178,"column":27},"end":{"line":181,"column":15}},{"start":{"line":181,"column":19},"end":{"line":181,"column":23}}]},"15":{"loc":{"start":{"line":187,"column":12},"end":{"line":189,"column":13}},"type":"if","locations":[{"start":{"line":187,"column":12},"end":{"line":189,"column":13}},{"start":{},"end":{}}]},"16":{"loc":{"start":{"line":190,"column":12},"end":{"line":192,"column":13}},"type":"if","locations":[{"start":{"line":190,"column":12},"end":{"line":192,"column":13}},{"start":{},"end":{}}]},"17":{"loc":{"start":{"line":193,"column":12},"end":{"line":195,"column":13}},"type":"if","locations":[{"start":{"line":193,"column":12},"end":{"line":195,"column":13}},{"start":{},"end":{}}]},"18":{"loc":{"start":{"line":205,"column":12},"end":{"line":207,"column":13}},"type":"if","locations":[{"start":{"line":205,"column":12},"end":{"line":207,"column":13}},{"start":{},"end":{}}]},"19":{"loc":{"start":{"line":210,"column":12},"end":{"line":212,"column":13}},"type":"if","locations":[{"start":{"line":210,"column":12},"end":{"line":212,"column":13}},{"start":{},"end":{}}]},"20":{"loc":{"start":{"line":217,"column":12},"end":{"line":219,"column":13}},"type":"if","locations":[{"start":{"line":217,"column":12},"end":{"line":219,"column":13}},{"start":{},"end":{}}]},"21":{"loc":{"start":{"line":220,"column":12},"end":{"line":222,"column":13}},"type":"if","locations":[{"start":{"line":220,"column":12},"end":{"line":222,"column":13}},{"start":{},"end":{}}]},"22":{"loc":{"start":{"line":233,"column":12},"end":{"line":233,"column":82}},"type":"if","locations":[{"start":{"line":233,"column":12},"end":{"line":233,"column":82}},{"start":{},"end":{}}]},"23":{"loc":{"start":{"line":235,"column":12},"end":{"line":235,"column":91}},"type":"if","locations":[{"start":{"line":235,"column":12},"end":{"line":235,"column":91}},{"start":{},"end":{}}]}},"s":{"0":7,"1":7,"2":7,"3":7,"4":7,"5":7,"6":7,"7":2,"8":2,"9":2,"10":0,"11":0,"12":0,"13":0,"14":2,"15":2,"16":0,"17":0,"18":1,"19":0,"20":2,"21":2,"22":0,"23":0,"24":0,"25":0,"26":2,"27":2,"28":2,"29":0,"30":2,"31":2,"32":2,"33":1,"34":1,"35":2,"36":2,"37":0,"38":0,"39":0,"40":2,"41":2,"42":2,"43":0,"44":2,"45":2,"46":0,"47":2,"48":2,"49":0,"50":46,"51":46,"52":46,"53":0,"54":46,"55":0,"56":46,"57":46,"58":46,"59":46,"60":46,"61":46,"62":46,"63":0,"64":0,"65":0,"66":1,"67":1,"68":1,"69":0,"70":1,"71":1,"72":0,"73":1,"74":0,"75":1,"76":1,"77":1,"78":1,"79":1,"80":1,"81":1,"82":0,"83":0,"84":0,"85":0,"86":0,"87":0,"88":0,"89":1,"90":1,"91":1,"92":0,"93":1,"94":1,"95":0,"96":1,"97":1,"98":0,"99":0,"100":0,"101":0,"102":0,"103":1,"104":1,"105":1,"106":1,"107":0,"108":1,"109":0,"110":1,"111":1,"112":0},"f":{"0":2,"1":0,"2":0,"3":1,"4":0,"5":2,"6":2,"7":46,"8":46,"9":1,"10":1,"11":1,"12":1},"b":{"0":[0,2],"1":[0,0],"2":[0,2],"3":[1,1],"4":[0,0],"5":[0,2],"6":[0,2],"7":[0,46],"8":[0,46],"9":[46,0],"10":[0,0],"11":[0,1],"12":[0,1],"13":[0,1],"14":[1,0],"15":[0,0],"16":[0,0],"17":[0,0],"18":[0,1],"19":[0,1],"20":[0,0],"21":[0,0],"22":[0,1],"23":[0,1]}}
,"D:\\bookcrossing\\back\\src\\controllers\\cityController.ts": {"path":"D:\\bookcrossing\\back\\src\\controllers\\cityController.ts","statementMap":{"0":{"start":{"line":2,"column":0},"end":{"line":2,"column":64}},"1":{"start":{"line":4,"column":25},"end":{"line":12,"column":1}},"2":{"start":{"line":5,"column":2},"end":{"line":11,"column":3}},"3":{"start":{"line":6,"column":19},"end":{"line":6,"column":49}},"4":{"start":{"line":7,"column":4},"end":{"line":7,"column":69}},"5":{"start":{"line":7,"column":30},"end":{"line":7,"column":65}},"6":{"start":{"line":9,"column":4},"end":{"line":9,"column":25}},"7":{"start":{"line":10,"column":4},"end":{"line":10,"column":63}},"8":{"start":{"line":4,"column":13},"end":{"line":4,"column":25}}},"fnMap":{"0":{"name":"(anonymous_0)","decl":{"start":{"line":4,"column":25},"end":{"line":4,"column":30}},"loc":{"start":{"line":4,"column":63},"end":{"line":12,"column":1}}},"1":{"name":"(anonymous_1)","decl":{"start":{"line":7,"column":24},"end":{"line":7,"column":25}},"loc":{"start":{"line":7,"column":30},"end":{"line":7,"column":65}}}},"branchMap":{},"s":{"0":7,"1":7,"2":1,"3":1,"4":1,"5":41,"6":0,"7":0,"8":7},"f":{"0":1,"1":41},"b":{}}
,"D:\\bookcrossing\\back\\src\\controllers\\exchangeController.ts": {"path":"D:\\bookcrossing\\back\\src\\controllers\\exchangeController.ts","statementMap":{"0":{"start":{"line":2,"column":0},"end":{"line":2,"column":22}},"1":{"start":{"line":3,"column":0},"end":{"line":3,"column":61}},"2":{"start":{"line":4,"column":0},"end":{"line":4,"column":62}},"3":{"start":{"line":5,"column":0},"end":{"line":5,"column":33}},"4":{"start":{"line":7,"column":29},"end":{"line":11,"column":2}},"5":{"start":{"line":13,"column":13},"end":{"line":162,"column":null}},"6":{"start":{"line":17,"column":8},"end":{"line":58,"column":9}},"7":{"start":{"line":18,"column":33},"end":{"line":18,"column":53}},"8":{"start":{"line":19,"column":12},"end":{"line":21,"column":13}},"9":{"start":{"line":20,"column":16},"end":{"line":20,"column":73}},"10":{"start":{"line":23,"column":64},"end":{"line":23,"column":72}},"11":{"start":{"line":25,"column":31},"end":{"line":25,"column":64}},"12":{"start":{"line":26,"column":12},"end":{"line":28,"column":13}},"13":{"start":{"line":27,"column":16},"end":{"line":27,"column":75}},"14":{"start":{"line":30,"column":12},"end":{"line":33,"column":13}},"15":{"start":{"line":31,"column":33},"end":{"line":31,"column":97}},"16":{"start":{"line":32,"column":16},"end":{"line":32,"column":54}},"17":{"start":{"line":35,"column":31},"end":{"line":35,"column":67}},"18":{"start":{"line":37,"column":29},"end":{"line":41,"column":null}},"19":{"start":{"line":43,"column":12},"end":{"line":43,"column":43}},"20":{"start":{"line":46,"column":12},"end":{"line":48,"column":13}},"21":{"start":{"line":47,"column":16},"end":{"line":47,"column":70}},"22":{"start":{"line":50,"column":16},"end":{"line":55,"column":19}},"23":{"start":{"line":56,"column":12},"end":{"line":56,"column":64}},"24":{"start":{"line":63,"column":8},"end":{"line":75,"column":9}},"25":{"start":{"line":64,"column":25},"end":{"line":64,"column":45}},"26":{"start":{"line":66,"column":8},"end":{"line":68,"column":9}},"27":{"start":{"line":67,"column":12},"end":{"line":67,"column":69}},"28":{"start":{"line":70,"column":34},"end":{"line":70,"column":85}},"29":{"start":{"line":71,"column":8},"end":{"line":71,"column":48}},"30":{"start":{"line":73,"column":12},"end":{"line":73,"column":33}},"31":{"start":{"line":74,"column":12},"end":{"line":74,"column":88}},"32":{"start":{"line":80,"column":8},"end":{"line":99,"column":9}},"33":{"start":{"line":81,"column":29},"end":{"line":81,"column":49}},"34":{"start":{"line":83,"column":12},"end":{"line":85,"column":13}},"35":{"start":{"line":84,"column":16},"end":{"line":84,"column":73}},"36":{"start":{"line":87,"column":27},"end":{"line":87,"column":54}},"37":{"start":{"line":88,"column":12},"end":{"line":90,"column":13}},"38":{"start":{"line":89,"column":16},"end":{"line":89,"column":null}},"39":{"start":{"line":92,"column":27},"end":{"line":92,"column":88}},"40":{"start":{"line":93,"column":12},"end":{"line":93,"column":29}},"41":{"start":{"line":95,"column":12},"end":{"line":97,"column":13}},"42":{"start":{"line":96,"column":16},"end":{"line":96,"column":72}},"43":{"start":{"line":98,"column":12},"end":{"line":98,"column":61}},"44":{"start":{"line":104,"column":8},"end":{"line":130,"column":9}},"45":{"start":{"line":105,"column":28},"end":{"line":105,"column":48}},"46":{"start":{"line":107,"column":12},"end":{"line":109,"column":13}},"47":{"start":{"line":108,"column":16},"end":{"line":108,"column":73}},"48":{"start":{"line":111,"column":25},"end":{"line":111,"column":40}},"49":{"start":{"line":112,"column":12},"end":{"line":114,"column":13}},"50":{"start":{"line":113,"column":16},"end":{"line":113,"column":null}},"51":{"start":{"line":117,"column":12},"end":{"line":120,"column":13}},"52":{"start":{"line":118,"column":16},"end":{"line":118,"column":49}},"53":{"start":{"line":119,"column":16},"end":{"line":119,"column":95}},"54":{"start":{"line":119,"column":35},"end":{"line":119,"column":95}},"55":{"start":{"line":123,"column":27},"end":{"line":123,"column":84}},"56":{"start":{"line":124,"column":12},"end":{"line":124,"column":29}},"57":{"start":{"line":126,"column":12},"end":{"line":128,"column":13}},"58":{"start":{"line":127,"column":16},"end":{"line":127,"column":72}},"59":{"start":{"line":129,"column":12},"end":{"line":129,"column":61}},"60":{"start":{"line":135,"column":8},"end":{"line":159,"column":9}},"61":{"start":{"line":136,"column":28},"end":{"line":136,"column":48}},"62":{"start":{"line":138,"column":12},"end":{"line":140,"column":13}},"63":{"start":{"line":139,"column":16},"end":{"line":139,"column":73}},"64":{"start":{"line":142,"column":31},"end":{"line":142,"column":54}},"65":{"start":{"line":143,"column":12},"end":{"line":145,"column":13}},"66":{"start":{"line":144,"column":16},"end":{"line":144,"column":80}},"67":{"start":{"line":147,"column":57},"end":{"line":147,"column":65}},"68":{"start":{"line":148,"column":12},"end":{"line":150,"column":13}},"69":{"start":{"line":149,"column":16},"end":{"line":149,"column":77}},"70":{"start":{"line":152,"column":27},"end":{"line":152,"column":112}},"71":{"start":{"line":153,"column":12},"end":{"line":153,"column":29}},"72":{"start":{"line":155,"column":12},"end":{"line":157,"column":13}},"73":{"start":{"line":156,"column":16},"end":{"line":156,"column":72}},"74":{"start":{"line":158,"column":12},"end":{"line":158,"column":61}}},"fnMap":{"0":{"name":"(anonymous_0)","decl":{"start":{"line":16,"column":4},"end":{"line":16,"column":9}},"loc":{"start":{"line":16,"column":49},"end":{"line":59,"column":5}}},"1":{"name":"(anonymous_1)","decl":{"start":{"line":62,"column":4},"end":{"line":62,"column":9}},"loc":{"start":{"line":62,"column":58},"end":{"line":76,"column":5}}},"2":{"name":"(anonymous_2)","decl":{"start":{"line":79,"column":4},"end":{"line":79,"column":9}},"loc":{"start":{"line":79,"column":60},"end":{"line":101,"column":5}}},"3":{"name":"(anonymous_3)","decl":{"start":{"line":103,"column":4},"end":{"line":103,"column":9}},"loc":{"start":{"line":103,"column":53},"end":{"line":131,"column":5}}},"4":{"name":"(anonymous_4)","decl":{"start":{"line":134,"column":4},"end":{"line":134,"column":9}},"loc":{"start":{"line":134,"column":50},"end":{"line":161,"column":5}}}},"branchMap":{"0":{"loc":{"start":{"line":19,"column":12},"end":{"line":21,"column":13}},"type":"if","locations":[{"start":{"line":19,"column":12},"end":{"line":21,"column":13}},{"start":{},"end":{}}]},"1":{"loc":{"start":{"line":26,"column":12},"end":{"line":28,"column":13}},"type":"if","locations":[{"start":{"line":26,"column":12},"end":{"line":28,"column":13}},{"start":{},"end":{}}]},"2":{"loc":{"start":{"line":30,"column":12},"end":{"line":33,"column":13}},"type":"if","locations":[{"start":{"line":30,"column":12},"end":{"line":33,"column":13}},{"start":{},"end":{}}]},"3":{"loc":{"start":{"line":46,"column":12},"end":{"line":48,"column":13}},"type":"if","locations":[{"start":{"line":46,"column":12},"end":{"line":48,"column":13}},{"start":{},"end":{}}]},"4":{"loc":{"start":{"line":50,"column":16},"end":{"line":55,"column":19}},"type":"cond-expr","locations":[{"start":{"line":50,"column":53},"end":{"line":50,"column":56}},{"start":{"line":51,"column":16},"end":{"line":55,"column":19}}]},"5":{"loc":{"start":{"line":51,"column":16},"end":{"line":55,"column":19}},"type":"cond-expr","locations":[{"start":{"line":51,"column":68},"end":{"line":51,"column":71}},{"start":{"line":52,"column":16},"end":{"line":55,"column":19}}]},"6":{"loc":{"start":{"line":52,"column":16},"end":{"line":55,"column":19}},"type":"cond-expr","locations":[{"start":{"line":52,"column":67},"end":{"line":52,"column":70}},{"start":{"line":53,"column":16},"end":{"line":55,"column":19}}]},"7":{"loc":{"start":{"line":53,"column":16},"end":{"line":55,"column":19}},"type":"cond-expr","locations":[{"start":{"line":53,"column":74},"end":{"line":53,"column":77}},{"start":{"line":54,"column":16},"end":{"line":55,"column":19}}]},"8":{"loc":{"start":{"line":54,"column":16},"end":{"line":55,"column":19}},"type":"cond-expr","locations":[{"start":{"line":54,"column":71},"end":{"line":54,"column":74}},{"start":{"line":55,"column":16},"end":{"line":55,"column":19}}]},"9":{"loc":{"start":{"line":66,"column":8},"end":{"line":68,"column":9}},"type":"if","locations":[{"start":{"line":66,"column":8},"end":{"line":68,"column":9}},{"start":{},"end":{}}]},"10":{"loc":{"start":{"line":74,"column":44},"end":{"line":74,"column":84}},"type":"binary-expr","locations":[{"start":{"line":74,"column":44},"end":{"line":74,"column":57}},{"start":{"line":74,"column":61},"end":{"line":74,"column":84}}]},"11":{"loc":{"start":{"line":83,"column":12},"end":{"line":85,"column":13}},"type":"if","locations":[{"start":{"line":83,"column":12},"end":{"line":85,"column":13}},{"start":{},"end":{}}]},"12":{"loc":{"start":{"line":88,"column":12},"end":{"line":90,"column":13}},"type":"if","locations":[{"start":{"line":88,"column":12},"end":{"line":90,"column":13}},{"start":{},"end":{}}]},"13":{"loc":{"start":{"line":95,"column":12},"end":{"line":97,"column":13}},"type":"if","locations":[{"start":{"line":95,"column":12},"end":{"line":97,"column":13}},{"start":{},"end":{}}]},"14":{"loc":{"start":{"line":107,"column":12},"end":{"line":109,"column":13}},"type":"if","locations":[{"start":{"line":107,"column":12},"end":{"line":109,"column":13}},{"start":{},"end":{}}]},"15":{"loc":{"start":{"line":112,"column":12},"end":{"line":114,"column":13}},"type":"if","locations":[{"start":{"line":112,"column":12},"end":{"line":114,"column":13}},{"start":{},"end":{}}]},"16":{"loc":{"start":{"line":112,"column":17},"end":{"line":112,"column":102}},"type":"binary-expr","locations":[{"start":{"line":112,"column":17},"end":{"line":112,"column":36}},{"start":{"line":112,"column":40},"end":{"line":112,"column":60}},{"start":{"line":112,"column":64},"end":{"line":112,"column":82}},{"start":{"line":112,"column":86},"end":{"line":112,"column":102}}]},"17":{"loc":{"start":{"line":117,"column":12},"end":{"line":120,"column":13}},"type":"if","locations":[{"start":{"line":117,"column":12},"end":{"line":120,"column":13}},{"start":{},"end":{}}]},"18":{"loc":{"start":{"line":119,"column":16},"end":{"line":119,"column":95}},"type":"if","locations":[{"start":{"line":119,"column":16},"end":{"line":119,"column":95}},{"start":{},"end":{}}]},"19":{"loc":{"start":{"line":126,"column":12},"end":{"line":128,"column":13}},"type":"if","locations":[{"start":{"line":126,"column":12},"end":{"line":128,"column":13}},{"start":{},"end":{}}]},"20":{"loc":{"start":{"line":138,"column":12},"end":{"line":140,"column":13}},"type":"if","locations":[{"start":{"line":138,"column":12},"end":{"line":140,"column":13}},{"start":{},"end":{}}]},"21":{"loc":{"start":{"line":143,"column":12},"end":{"line":145,"column":13}},"type":"if","locations":[{"start":{"line":143,"column":12},"end":{"line":145,"column":13}},{"start":{},"end":{}}]},"22":{"loc":{"start":{"line":148,"column":12},"end":{"line":150,"column":13}},"type":"if","locations":[{"start":{"line":148,"column":12},"end":{"line":150,"column":13}},{"start":{},"end":{}}]},"23":{"loc":{"start":{"line":148,"column":16},"end":{"line":148,"column":60}},"type":"binary-expr","locations":[{"start":{"line":148,"column":16},"end":{"line":148,"column":36}},{"start":{"line":148,"column":40},"end":{"line":148,"column":60}}]},"24":{"loc":{"start":{"line":155,"column":12},"end":{"line":157,"column":13}},"type":"if","locations":[{"start":{"line":155,"column":12},"end":{"line":157,"column":13}},{"start":{},"end":{}}]}},"s":{"0":7,"1":7,"2":7,"3":7,"4":7,"5":7,"6":20,"7":20,"8":20,"9":0,"10":20,"11":20,"12":20,"13":1,"14":19,"15":1,"16":1,"17":18,"18":18,"19":17,"20":1,"21":0,"22":1,"23":1,"24":1,"25":1,"26":1,"27":0,"28":1,"29":1,"30":0,"31":0,"32":1,"33":1,"34":1,"35":0,"36":1,"37":1,"38":0,"39":1,"40":1,"41":0,"42":0,"43":0,"44":3,"45":3,"46":3,"47":0,"48":3,"49":3,"50":0,"51":3,"52":0,"53":0,"54":0,"55":3,"56":3,"57":0,"58":0,"59":0,"60":44,"61":44,"62":44,"63":0,"64":44,"65":44,"66":0,"67":44,"68":44,"69":0,"70":44,"71":44,"72":0,"73":0,"74":0},"f":{"0":20,"1":1,"2":1,"3":3,"4":44},"b":{"0":[0,20],"1":[1,19],"2":[1,18],"3":[0,1],"4":[0,1],"5":[1,0],"6":[0,0],"7":[0,0],"8":[0,0],"9":[0,1],"10":[0,0],"11":[0,1],"12":[0,1],"13":[0,0],"14":[0,3],"15":[0,3],"16":[3,3,2,1],"17":[0,3],"18":[0,0],"19":[0,0],"20":[0,44],"21":[0,44],"22":[0,44],"23":[44,1],"24":[0,0]}}
,"D:\\bookcrossing\\back\\src\\controllers\\notificationController.ts": {"path":"D:\\bookcrossing\\back\\src\\controllers\\notificationController.ts","statementMap":{"0":{"start":{"line":1,"column":0},"end":{"line":1,"column":69}},"1":{"start":{"line":5,"column":13},"end":{"line":34,"column":null}},"2":{"start":{"line":8,"column":8},"end":{"line":15,"column":9}},"3":{"start":{"line":9,"column":28},"end":{"line":9,"column":47}},"4":{"start":{"line":10,"column":35},"end":{"line":10,"column":58}},"5":{"start":{"line":11,"column":12},"end":{"line":11,"column":76}},"6":{"start":{"line":12,"column":12},"end":{"line":12,"column":40}},"7":{"start":{"line":14,"column":12},"end":{"line":14,"column":61}},"8":{"start":{"line":20,"column":8},"end":{"line":30,"column":9}},"9":{"start":{"line":21,"column":28},"end":{"line":21,"column":47}},"10":{"start":{"line":22,"column":35},"end":{"line":22,"column":58}},"11":{"start":{"line":23,"column":12},"end":{"line":25,"column":13}},"12":{"start":{"line":24,"column":16},"end":{"line":24,"column":84}},"13":{"start":{"line":26,"column":27},"end":{"line":26,"column":95}},"14":{"start":{"line":27,"column":12},"end":{"line":27,"column":29}},"15":{"start":{"line":29,"column":12},"end":{"line":29,"column":61}}},"fnMap":{"0":{"name":"(anonymous_0)","decl":{"start":{"line":7,"column":4},"end":{"line":7,"column":9}},"loc":{"start":{"line":7,"column":48},"end":{"line":16,"column":5}}},"1":{"name":"(anonymous_1)","decl":{"start":{"line":19,"column":4},"end":{"line":19,"column":9}},"loc":{"start":{"line":19,"column":56},"end":{"line":31,"column":5}}}},"branchMap":{"0":{"loc":{"start":{"line":23,"column":12},"end":{"line":25,"column":13}},"type":"if","locations":[{"start":{"line":23,"column":12},"end":{"line":25,"column":13}},{"start":{},"end":{}}]}},"s":{"0":7,"1":7,"2":1,"3":1,"4":1,"5":1,"6":1,"7":0,"8":1,"9":1,"10":1,"11":1,"12":0,"13":1,"14":1,"15":0},"f":{"0":1,"1":1},"b":{"0":[0,1]}}
,"D:\\bookcrossing\\back\\src\\controllers\\reviewController.ts": {"path":"D:\\bookcrossing\\back\\src\\controllers\\reviewController.ts","statementMap":{"0":{"start":{"line":2,"column":0},"end":{"line":2,"column":24}},"1":{"start":{"line":3,"column":0},"end":{"line":3,"column":58}},"2":{"start":{"line":6,"column":27},"end":{"line":10,"column":2}},"3":{"start":{"line":12,"column":13},"end":{"line":37,"column":null}},"4":{"start":{"line":14,"column":8},"end":{"line":34,"column":9}},"5":{"start":{"line":15,"column":28},"end":{"line":15,"column":48}},"6":{"start":{"line":16,"column":12},"end":{"line":16,"column":82}},"7":{"start":{"line":16,"column":25},"end":{"line":16,"column":82}},"8":{"start":{"line":19,"column":27},"end":{"line":19,"column":61}},"9":{"start":{"line":21,"column":27},"end":{"line":21,"column":117}},"10":{"start":{"line":23,"column":12},"end":{"line":23,"column":41}},"11":{"start":{"line":25,"column":12},"end":{"line":27,"column":13}},"12":{"start":{"line":26,"column":16},"end":{"line":26,"column":70}},"13":{"start":{"line":29,"column":16},"end":{"line":32,"column":19}},"14":{"start":{"line":33,"column":12},"end":{"line":33,"column":64}}},"fnMap":{"0":{"name":"(anonymous_0)","decl":{"start":{"line":13,"column":4},"end":{"line":13,"column":9}},"loc":{"start":{"line":13,"column":50},"end":{"line":36,"column":5}}}},"branchMap":{"0":{"loc":{"start":{"line":16,"column":12},"end":{"line":16,"column":82}},"type":"if","locations":[{"start":{"line":16,"column":12},"end":{"line":16,"column":82}},{"start":{},"end":{}}]},"1":{"loc":{"start":{"line":25,"column":12},"end":{"line":27,"column":13}},"type":"if","locations":[{"start":{"line":25,"column":12},"end":{"line":27,"column":13}},{"start":{},"end":{}}]},"2":{"loc":{"start":{"line":29,"column":16},"end":{"line":32,"column":19}},"type":"cond-expr","locations":[{"start":{"line":29,"column":74},"end":{"line":29,"column":77}},{"start":{"line":30,"column":16},"end":{"line":32,"column":19}}]},"3":{"loc":{"start":{"line":30,"column":16},"end":{"line":32,"column":19}},"type":"cond-expr","locations":[{"start":{"line":30,"column":81},"end":{"line":30,"column":84}},{"start":{"line":31,"column":16},"end":{"line":32,"column":19}}]},"4":{"loc":{"start":{"line":31,"column":16},"end":{"line":32,"column":19}},"type":"cond-expr","locations":[{"start":{"line":31,"column":78},"end":{"line":31,"column":81}},{"start":{"line":32,"column":16},"end":{"line":32,"column":19}}]}},"s":{"0":7,"1":7,"2":7,"3":7,"4":6,"5":6,"6":6,"7":0,"8":6,"9":5,"10":2,"11":4,"12":1,"13":3,"14":3},"f":{"0":6},"b":{"0":[0,6],"1":[1,3],"2":[1,2],"3":[1,1],"4":[1,0]}}
,"D:\\bookcrossing\\back\\src\\controllers\\userController.ts": {"path":"D:\\bookcrossing\\back\\src\\controllers\\userController.ts","statementMap":{"0":{"start":{"line":2,"column":0},"end":{"line":2,"column":109}},"1":{"start":{"line":3,"column":0},"end":{"line":3,"column":24}},"2":{"start":{"line":4,"column":0},"end":{"line":4,"column":43}},"3":{"start":{"line":5,"column":0},"end":{"line":5,"column":64}},"4":{"start":{"line":6,"column":0},"end":{"line":6,"column":50}},"5":{"start":{"line":8,"column":28},"end":{"line":19,"column":2}},"6":{"start":{"line":13,"column":8},"end":{"line":13,"column":62}},"7":{"start":{"line":13,"column":37},"end":{"line":13,"column":62}},"8":{"start":{"line":14,"column":8},"end":{"line":14,"column":19}},"9":{"start":{"line":22,"column":13},"end":{"line":100,"column":null}},"10":{"start":{"line":25,"column":8},"end":{"line":31,"column":9}},"11":{"start":{"line":26,"column":28},"end":{"line":26,"column":47}},"12":{"start":{"line":27,"column":25},"end":{"line":27,"column":50}},"13":{"start":{"line":28,"column":12},"end":{"line":28,"column":27}},"14":{"start":{"line":30,"column":12},"end":{"line":30,"column":60}},"15":{"start":{"line":36,"column":8},"end":{"line":55,"column":9}},"16":{"start":{"line":38,"column":31},"end":{"line":38,"column":56}},"17":{"start":{"line":39,"column":12},"end":{"line":45,"column":13}},"18":{"start":{"line":40,"column":16},"end":{"line":44,"column":26}},"19":{"start":{"line":41,"column":34},"end":{"line":41,"column":58}},"20":{"start":{"line":42,"column":36},"end":{"line":42,"column":61}},"21":{"start":{"line":43,"column":20},"end":{"line":43,"column":47}},"22":{"start":{"line":47,"column":29},"end":{"line":47,"column":84}},"23":{"start":{"line":48,"column":12},"end":{"line":50,"column":13}},"24":{"start":{"line":49,"column":16},"end":{"line":49,"column":100}},"25":{"start":{"line":51,"column":28},"end":{"line":51,"column":58}},"26":{"start":{"line":52,"column":12},"end":{"line":52,"column":30}},"27":{"start":{"line":54,"column":12},"end":{"line":54,"column":59}},"28":{"start":{"line":59,"column":8},"end":{"line":87,"column":9}},"29":{"start":{"line":60,"column":28},"end":{"line":60,"column":47}},"30":{"start":{"line":61,"column":33},"end":{"line":61,"column":68}},"31":{"start":{"line":63,"column":28},"end":{"line":71,"column":14}},"32":{"start":{"line":73,"column":12},"end":{"line":79,"column":13}},"33":{"start":{"line":74,"column":29},"end":{"line":74,"column":73}},"34":{"start":{"line":75,"column":16},"end":{"line":77,"column":17}},"35":{"start":{"line":76,"column":20},"end":{"line":76,"column":52}},"36":{"start":{"line":78,"column":16},"end":{"line":78,"column":64}},"37":{"start":{"line":83,"column":27},"end":{"line":83,"column":67}},"38":{"start":{"line":84,"column":12},"end":{"line":84,"column":29}},"39":{"start":{"line":86,"column":12},"end":{"line":86,"column":57}},"40":{"start":{"line":91,"column":8},"end":{"line":97,"column":9}},"41":{"start":{"line":92,"column":28},"end":{"line":92,"column":47}},"42":{"start":{"line":93,"column":34},"end":{"line":93,"column":68}},"43":{"start":{"line":94,"column":12},"end":{"line":94,"column":36}},"44":{"start":{"line":96,"column":12},"end":{"line":96,"column":59}}},"fnMap":{"0":{"name":"(anonymous_0)","decl":{"start":{"line":12,"column":25},"end":{"line":12,"column":26}},"loc":{"start":{"line":12,"column":33},"end":{"line":15,"column":5}}},"1":{"name":"(anonymous_1)","decl":{"start":{"line":24,"column":4},"end":{"line":24,"column":9}},"loc":{"start":{"line":24,"column":45},"end":{"line":32,"column":5}}},"2":{"name":"(anonymous_2)","decl":{"start":{"line":35,"column":4},"end":{"line":35,"column":9}},"loc":{"start":{"line":35,"column":48},"end":{"line":56,"column":5}}},"3":{"name":"(anonymous_3)","decl":{"start":{"line":58,"column":4},"end":{"line":58,"column":9}},"loc":{"start":{"line":58,"column":51},"end":{"line":88,"column":5}}},"4":{"name":"(anonymous_4)","decl":{"start":{"line":90,"column":4},"end":{"line":90,"column":9}},"loc":{"start":{"line":90,"column":54},"end":{"line":99,"column":5}}}},"branchMap":{"0":{"loc":{"start":{"line":13,"column":8},"end":{"line":13,"column":62}},"type":"if","locations":[{"start":{"line":13,"column":8},"end":{"line":13,"column":62}},{"start":{},"end":{}}]},"1":{"loc":{"start":{"line":39,"column":12},"end":{"line":45,"column":13}},"type":"if","locations":[{"start":{"line":39,"column":12},"end":{"line":45,"column":13}},{"start":{},"end":{}}]},"2":{"loc":{"start":{"line":47,"column":29},"end":{"line":47,"column":84}},"type":"cond-expr","locations":[{"start":{"line":47,"column":45},"end":{"line":47,"column":68}},{"start":{"line":47,"column":71},"end":{"line":47,"column":84}}]},"3":{"loc":{"start":{"line":48,"column":12},"end":{"line":50,"column":13}},"type":"if","locations":[{"start":{"line":48,"column":12},"end":{"line":50,"column":13}},{"start":{},"end":{}}]},"4":{"loc":{"start":{"line":73,"column":12},"end":{"line":79,"column":13}},"type":"if","locations":[{"start":{"line":73,"column":12},"end":{"line":79,"column":13}},{"start":{},"end":{}}]},"5":{"loc":{"start":{"line":75,"column":16},"end":{"line":77,"column":17}},"type":"if","locations":[{"start":{"line":75,"column":16},"end":{"line":77,"column":17}},{"start":{},"end":{}}]}},"s":{"0":7,"1":7,"2":7,"3":7,"4":7,"5":7,"6":0,"7":0,"8":0,"9":7,"10":1,"11":1,"12":1,"13":1,"14":0,"15":2,"16":2,"17":2,"18":2,"19":2,"20":2,"21":2,"22":2,"23":2,"24":0,"25":2,"26":2,"27":0,"28":0,"29":0,"30":0,"31":0,"32":0,"33":0,"34":0,"35":0,"36":0,"37":0,"38":0,"39":0,"40":1,"41":1,"42":1,"43":1,"44":0},"f":{"0":0,"1":1,"2":2,"3":0,"4":1},"b":{"0":[0,0],"1":[2,0],"2":[1,1],"3":[0,2],"4":[0,0],"5":[0,0]}}
,"D:\\bookcrossing\\back\\src\\middlewares\\auth.ts": {"path":"D:\\bookcrossing\\back\\src\\middlewares\\auth.ts","statementMap":{"0":{"start":{"line":2,"column":0},"end":{"line":2,"column":43}},"1":{"start":{"line":4,"column":30},"end":{"line":18,"column":1}},"2":{"start":{"line":5,"column":21},"end":{"line":5,"column":46}},"3":{"start":{"line":6,"column":2},"end":{"line":8,"column":3}},"4":{"start":{"line":7,"column":4},"end":{"line":7,"column":66}},"5":{"start":{"line":10,"column":16},"end":{"line":10,"column":40}},"6":{"start":{"line":11,"column":2},"end":{"line":17,"column":3}},"7":{"start":{"line":12,"column":20},"end":{"line":12,"column":38}},"8":{"start":{"line":13,"column":5},"end":{"line":13,"column":32}},"9":{"start":{"line":14,"column":4},"end":{"line":14,"column":11}},"10":{"start":{"line":16,"column":4},"end":{"line":16,"column":62}},"11":{"start":{"line":4,"column":13},"end":{"line":4,"column":30}}},"fnMap":{"0":{"name":"(anonymous_0)","decl":{"start":{"line":4,"column":30},"end":{"line":4,"column":31}},"loc":{"start":{"line":4,"column":82},"end":{"line":18,"column":1}}}},"branchMap":{"0":{"loc":{"start":{"line":6,"column":2},"end":{"line":8,"column":3}},"type":"if","locations":[{"start":{"line":6,"column":2},"end":{"line":8,"column":3}},{"start":{},"end":{}}]}},"s":{"0":7,"1":7,"2":130,"3":130,"4":0,"5":130,"6":130,"7":130,"8":130,"9":130,"10":0,"11":7},"f":{"0":130},"b":{"0":[0,130]}}
,"D:\\bookcrossing\\back\\src\\middlewares\\errorHandler.ts": {"path":"D:\\bookcrossing\\back\\src\\middlewares\\errorHandler.ts","statementMap":{"0":{"start":{"line":3,"column":28},"end":{"line":11,"column":1}},"1":{"start":{"line":9,"column":2},"end":{"line":9,"column":21}},"2":{"start":{"line":10,"column":2},"end":{"line":10,"column":61}},"3":{"start":{"line":3,"column":13},"end":{"line":3,"column":28}}},"fnMap":{"0":{"name":"(anonymous_0)","decl":{"start":{"line":3,"column":28},"end":{"line":3,"column":null}},"loc":{"start":{"line":8,"column":4},"end":{"line":11,"column":1}}}},"branchMap":{},"s":{"0":7,"1":0,"2":0,"3":7},"f":{"0":0},"b":{}}
,"D:\\bookcrossing\\back\\src\\models\\Book.ts": {"path":"D:\\bookcrossing\\back\\src\\models\\Book.ts","statementMap":{"0":{"start":{"line":1,"column":0},"end":{"line":1,"column":55}},"1":{"start":{"line":2,"column":0},"end":{"line":2,"column":47}},"2":{"start":{"line":3,"column":0},"end":{"line":3,"column":null}},"3":{"start":{"line":15,"column":0},"end":{"line":15,"column":26}},"4":{"start":{"line":61,"column":8},"end":{"line":61,"column":43}},"5":{"start":{"line":65,"column":8},"end":{"line":65,"column":47}},"6":{"start":{"line":69,"column":0},"end":{"line":184,"column":2}},"7":{"start":{"line":186,"column":0},"end":{"line":186,"column":20}}},"fnMap":{"0":{"name":"(anonymous_1)","decl":{"start":{"line":60,"column":11},"end":{"line":60,"column":22}},"loc":{"start":{"line":60,"column":22},"end":{"line":62,"column":5}}},"1":{"name":"(anonymous_2)","decl":{"start":{"line":64,"column":11},"end":{"line":64,"column":23}},"loc":{"start":{"line":64,"column":23},"end":{"line":66,"column":5}}}},"branchMap":{},"s":{"0":7,"1":7,"2":7,"3":7,"4":0,"5":0,"6":7,"7":7},"f":{"0":0,"1":0},"b":{}}
,"D:\\bookcrossing\\back\\src\\models\\BookPhoto.ts": {"path":"D:\\bookcrossing\\back\\src\\models\\BookPhoto.ts","statementMap":{"0":{"start":{"line":1,"column":0},"end":{"line":1,"column":55}},"1":{"start":{"line":2,"column":0},"end":{"line":2,"column":47}},"2":{"start":{"line":3,"column":0},"end":{"line":3,"column":26}},"3":{"start":{"line":23,"column":0},"end":{"line":57,"column":4}},"4":{"start":{"line":61,"column":1},"end":{"line":61,"column":26}}},"fnMap":{},"branchMap":{},"s":{"0":7,"1":7,"2":7,"3":7,"4":7},"f":{},"b":{}}
,"D:\\bookcrossing\\back\\src\\models\\City.ts": {"path":"D:\\bookcrossing\\back\\src\\models\\City.ts","statementMap":{"0":{"start":{"line":1,"column":0},"end":{"line":1,"column":55}},"1":{"start":{"line":2,"column":0},"end":{"line":2,"column":47}},"2":{"start":{"line":3,"column":0},"end":{"line":3,"column":30}},"3":{"start":{"line":19,"column":0},"end":{"line":42,"column":4}},"4":{"start":{"line":44,"column":0},"end":{"line":44,"column":20}}},"fnMap":{},"branchMap":{},"s":{"0":7,"1":7,"2":7,"3":7,"4":7},"f":{},"b":{}}
,"D:\\bookcrossing\\back\\src\\models\\Favorite.ts": {"path":"D:\\bookcrossing\\back\\src\\models\\Favorite.ts","statementMap":{"0":{"start":{"line":1,"column":0},"end":{"line":1,"column":55}},"1":{"start":{"line":2,"column":0},"end":{"line":2,"column":47}},"2":{"start":{"line":3,"column":0},"end":{"line":3,"column":26}},"3":{"start":{"line":4,"column":0},"end":{"line":4,"column":26}},"4":{"start":{"line":23,"column":0},"end":{"line":64,"column":2}},"5":{"start":{"line":67,"column":0},"end":{"line":67,"column":24}}},"fnMap":{},"branchMap":{},"s":{"0":7,"1":7,"2":7,"3":7,"4":7,"5":7},"f":{},"b":{}}
,"D:\\bookcrossing\\back\\src\\models\\Notification.ts": {"path":"D:\\bookcrossing\\back\\src\\models\\Notification.ts","statementMap":{"0":{"start":{"line":1,"column":0},"end":{"line":1,"column":55}},"1":{"start":{"line":2,"column":0},"end":{"line":2,"column":47}},"2":{"start":{"line":3,"column":0},"end":{"line":3,"column":26}},"3":{"start":{"line":4,"column":0},"end":{"line":4,"column":34}},"4":{"start":{"line":5,"column":0},"end":{"line":5,"column":52}},"5":{"start":{"line":35,"column":0},"end":{"line":107,"column":2}},"6":{"start":{"line":109,"column":0},"end":{"line":109,"column":28}}},"fnMap":{},"branchMap":{},"s":{"0":7,"1":7,"2":7,"3":7,"4":7,"5":7,"6":7},"f":{},"b":{}}
,"D:\\bookcrossing\\back\\src\\models\\OfferingBook.ts": {"path":"D:\\bookcrossing\\back\\src\\models\\OfferingBook.ts","statementMap":{"0":{"start":{"line":1,"column":0},"end":{"line":1,"column":55}},"1":{"start":{"line":2,"column":0},"end":{"line":2,"column":47}},"2":{"start":{"line":3,"column":0},"end":{"line":3,"column":34}},"3":{"start":{"line":4,"column":0},"end":{"line":4,"column":26}},"4":{"start":{"line":22,"column":0},"end":{"line":54,"column":4}},"5":{"start":{"line":58,"column":0},"end":{"line":58,"column":28}}},"fnMap":{},"branchMap":{},"s":{"0":7,"1":7,"2":7,"3":7,"4":7,"5":7},"f":{},"b":{}}
,"D:\\bookcrossing\\back\\src\\models\\Region.ts": {"path":"D:\\bookcrossing\\back\\src\\models\\Region.ts","statementMap":{"0":{"start":{"line":1,"column":0},"end":{"line":1,"column":55}},"1":{"start":{"line":2,"column":0},"end":{"line":2,"column":47}},"2":{"start":{"line":16,"column":0},"end":{"line":31,"column":4}},"3":{"start":{"line":35,"column":0},"end":{"line":35,"column":22}}},"fnMap":{},"branchMap":{},"s":{"0":7,"1":7,"2":7,"3":7},"f":{},"b":{}}
,"D:\\bookcrossing\\back\\src\\models\\Review.ts": {"path":"D:\\bookcrossing\\back\\src\\models\\Review.ts","statementMap":{"0":{"start":{"line":1,"column":0},"end":{"line":1,"column":55}},"1":{"start":{"line":2,"column":0},"end":{"line":2,"column":47}},"2":{"start":{"line":3,"column":0},"end":{"line":3,"column":34}},"3":{"start":{"line":4,"column":0},"end":{"line":4,"column":26}},"4":{"start":{"line":31,"column":0},"end":{"line":115,"column":2}},"5":{"start":{"line":90,"column":20},"end":{"line":92,"column":21}},"6":{"start":{"line":91,"column":24},"end":{"line":91,"column":88}},"7":{"start":{"line":118,"column":0},"end":{"line":118,"column":22}}},"fnMap":{"0":{"name":"(anonymous_1)","decl":{"start":{"line":89,"column":16},"end":{"line":89,"column":31}},"loc":{"start":{"line":89,"column":52},"end":{"line":93,"column":17}}}},"branchMap":{"0":{"loc":{"start":{"line":90,"column":20},"end":{"line":92,"column":21}},"type":"if","locations":[{"start":{"line":90,"column":20},"end":{"line":92,"column":21}},{"start":{},"end":{}}]},"1":{"loc":{"start":{"line":90,"column":24},"end":{"line":90,"column":66}},"type":"binary-expr","locations":[{"start":{"line":90,"column":24},"end":{"line":90,"column":38}},{"start":{"line":90,"column":43},"end":{"line":90,"column":52}},{"start":{"line":90,"column":56},"end":{"line":90,"column":65}}]}},"s":{"0":7,"1":7,"2":7,"3":7,"4":7,"5":2,"6":0,"7":7},"f":{"0":2},"b":{"0":[0,2],"1":[2,2,2]}}
,"D:\\bookcrossing\\back\\src\\models\\Transfer.ts": {"path":"D:\\bookcrossing\\back\\src\\models\\Transfer.ts","statementMap":{"0":{"start":{"line":1,"column":0},"end":{"line":1,"column":55}},"1":{"start":{"line":2,"column":0},"end":{"line":2,"column":47}},"2":{"start":{"line":3,"column":0},"end":{"line":3,"column":26}},"3":{"start":{"line":4,"column":0},"end":{"line":4,"column":26}},"4":{"start":{"line":5,"column":0},"end":{"line":5,"column":null}},"5":{"start":{"line":42,"column":0},"end":{"line":113,"column":4}},"6":{"start":{"line":117,"column":1},"end":{"line":117,"column":25}}},"fnMap":{},"branchMap":{},"s":{"0":7,"1":7,"2":7,"3":7,"4":7,"5":7,"6":7},"f":{},"b":{}}
,"D:\\bookcrossing\\back\\src\\models\\User.ts": {"path":"D:\\bookcrossing\\back\\src\\models\\User.ts","statementMap":{"0":{"start":{"line":1,"column":0},"end":{"line":1,"column":55}},"1":{"start":{"line":2,"column":0},"end":{"line":2,"column":47}},"2":{"start":{"line":4,"column":0},"end":{"line":4,"column":27}},"3":{"start":{"line":41,"column":0},"end":{"line":127,"column":2}},"4":{"start":{"line":87,"column":20},"end":{"line":89,"column":21}},"5":{"start":{"line":88,"column":24},"end":{"line":88,"column":88}},"6":{"start":{"line":130,"column":0},"end":{"line":130,"column":20}}},"fnMap":{"0":{"name":"(anonymous_1)","decl":{"start":{"line":86,"column":16},"end":{"line":86,"column":31}},"loc":{"start":{"line":86,"column":52},"end":{"line":90,"column":17}}}},"branchMap":{"0":{"loc":{"start":{"line":87,"column":20},"end":{"line":89,"column":21}},"type":"if","locations":[{"start":{"line":87,"column":20},"end":{"line":89,"column":21}},{"start":{},"end":{}}]},"1":{"loc":{"start":{"line":87,"column":24},"end":{"line":87,"column":66}},"type":"binary-expr","locations":[{"start":{"line":87,"column":24},"end":{"line":87,"column":38}},{"start":{"line":87,"column":43},"end":{"line":87,"column":52}},{"start":{"line":87,"column":56},"end":{"line":87,"column":65}}]}},"s":{"0":7,"1":7,"2":7,"3":7,"4":53,"5":0,"6":7},"f":{"0":53},"b":{"0":[0,53],"1":[53,2,2]}}
,"D:\\bookcrossing\\back\\src\\models\\index.ts": {"path":"D:\\bookcrossing\\back\\src\\models\\index.ts","statementMap":{"0":{"start":{"line":2,"column":0},"end":{"line":2,"column":7}},"1":{"start":{"line":76,"column":9},"end":{"line":2,"column":26}},"2":{"start":{"line":3,"column":0},"end":{"line":3,"column":7}},"3":{"start":{"line":76,"column":35},"end":{"line":3,"column":30}},"4":{"start":{"line":4,"column":0},"end":{"line":4,"column":7}},"5":{"start":{"line":76,"column":15},"end":{"line":4,"column":26}},"6":{"start":{"line":5,"column":0},"end":{"line":5,"column":7}},"7":{"start":{"line":76,"column":43},"end":{"line":5,"column":26}},"8":{"start":{"line":6,"column":0},"end":{"line":6,"column":7}},"9":{"start":{"line":76,"column":49},"end":{"line":6,"column":36}},"10":{"start":{"line":7,"column":0},"end":{"line":7,"column":7}},"11":{"start":{"line":76,"column":60},"end":{"line":7,"column":34}},"12":{"start":{"line":8,"column":0},"end":{"line":8,"column":7}},"13":{"start":{"line":76,"column":70},"end":{"line":8,"column":42}},"14":{"start":{"line":9,"column":0},"end":{"line":9,"column":7}},"15":{"start":{"line":76,"column":84},"end":{"line":9,"column":34}},"16":{"start":{"line":10,"column":0},"end":{"line":10,"column":7}},"17":{"start":{"line":76,"column":94},"end":{"line":10,"column":30}},"18":{"start":{"line":11,"column":0},"end":{"line":11,"column":7}},"19":{"start":{"line":76,"column":21},"end":{"line":11,"column":42}},"20":{"start":{"line":13,"column":0},"end":{"line":13,"column":50}},"21":{"start":{"line":14,"column":0},"end":{"line":14,"column":52}},"22":{"start":{"line":16,"column":0},"end":{"line":16,"column":59}},"23":{"start":{"line":17,"column":0},"end":{"line":17,"column":60}},"24":{"start":{"line":19,"column":0},"end":{"line":19,"column":60}},"25":{"start":{"line":20,"column":0},"end":{"line":20,"column":62}},"26":{"start":{"line":22,"column":0},"end":{"line":22,"column":65}},"27":{"start":{"line":23,"column":0},"end":{"line":23,"column":65}},"28":{"start":{"line":25,"column":0},"end":{"line":25,"column":79}},"29":{"start":{"line":26,"column":0},"end":{"line":26,"column":72}},"30":{"start":{"line":27,"column":0},"end":{"line":27,"column":74}},"31":{"start":{"line":28,"column":0},"end":{"line":28,"column":64}},"32":{"start":{"line":29,"column":0},"end":{"line":29,"column":65}},"33":{"start":{"line":30,"column":0},"end":{"line":30,"column":62}},"34":{"start":{"line":32,"column":0},"end":{"line":32,"column":81}},"35":{"start":{"line":33,"column":0},"end":{"line":33,"column":78}},"36":{"start":{"line":34,"column":0},"end":{"line":34,"column":69}},"37":{"start":{"line":35,"column":0},"end":{"line":35,"column":66}},"38":{"start":{"line":37,"column":0},"end":{"line":37,"column":69}},"39":{"start":{"line":38,"column":0},"end":{"line":38,"column":72}},"40":{"start":{"line":39,"column":0},"end":{"line":39,"column":72}},"41":{"start":{"line":40,"column":0},"end":{"line":40,"column":69}},"42":{"start":{"line":41,"column":0},"end":{"line":41,"column":80}},"43":{"start":{"line":42,"column":0},"end":{"line":42,"column":78}},"44":{"start":{"line":46,"column":0},"end":{"line":46,"column":67}},"45":{"start":{"line":47,"column":0},"end":{"line":47,"column":64}},"46":{"start":{"line":49,"column":0},"end":{"line":49,"column":67}},"47":{"start":{"line":50,"column":0},"end":{"line":50,"column":64}},"48":{"start":{"line":53,"column":0},"end":{"line":58,"column":3}},"49":{"start":{"line":60,"column":0},"end":{"line":65,"column":3}},"50":{"start":{"line":69,"column":0},"end":{"line":69,"column":81}},"51":{"start":{"line":70,"column":0},"end":{"line":70,"column":78}},"52":{"start":{"line":71,"column":0},"end":{"line":71,"column":75}},"53":{"start":{"line":72,"column":0},"end":{"line":72,"column":73}},"54":{"start":{"line":73,"column":0},"end":{"line":73,"column":81}}},"fnMap":{},"branchMap":{},"s":{"0":7,"1":7,"2":7,"3":7,"4":7,"5":7,"6":7,"7":7,"8":7,"9":7,"10":7,"11":7,"12":7,"13":7,"14":7,"15":7,"16":7,"17":7,"18":7,"19":7,"20":7,"21":7,"22":7,"23":7,"24":7,"25":7,"26":7,"27":7,"28":7,"29":7,"30":7,"31":7,"32":7,"33":7,"34":7,"35":7,"36":7,"37":7,"38":7,"39":7,"40":7,"41":7,"42":7,"43":7,"44":7,"45":7,"46":7,"47":7,"48":7,"49":7,"50":7,"51":7,"52":7,"53":7,"54":7},"f":{},"b":{}}
,"D:\\bookcrossing\\back\\src\\repositories\\bookRepository.ts": {"path":"D:\\bookcrossing\\back\\src\\repositories\\bookRepository.ts","statementMap":{"0":{"start":{"line":1,"column":0},"end":{"line":1,"column":38}},"1":{"start":{"line":2,"column":0},"end":{"line":2,"column":34}},"2":{"start":{"line":3,"column":0},"end":{"line":3,"column":44}},"3":{"start":{"line":4,"column":0},"end":{"line":4,"column":34}},"4":{"start":{"line":5,"column":0},"end":{"line":5,"column":34}},"5":{"start":{"line":6,"column":0},"end":{"line":6,"column":42}},"6":{"start":{"line":7,"column":0},"end":{"line":7,"column":38}},"7":{"start":{"line":8,"column":0},"end":{"line":8,"column":96}},"8":{"start":{"line":9,"column":0},"end":{"line":9,"column":48}},"9":{"start":{"line":60,"column":13},"end":{"line":430,"column":null}},"10":{"start":{"line":64,"column":22},"end":{"line":64,"column":24}},"11":{"start":{"line":65,"column":27},"end":{"line":65,"column":29}},"12":{"start":{"line":66,"column":31},"end":{"line":66,"column":33}},"13":{"start":{"line":68,"column":8},"end":{"line":88,"column":9}},"14":{"start":{"line":69,"column":12},"end":{"line":83,"column":13}},"15":{"start":{"line":70,"column":16},"end":{"line":72,"column":17}},"16":{"start":{"line":71,"column":20},"end":{"line":71,"column":83}},"17":{"start":{"line":74,"column":16},"end":{"line":82,"column":17}},"18":{"start":{"line":75,"column":36},"end":{"line":75,"column":90}},"19":{"start":{"line":76,"column":20},"end":{"line":76,"column":68}},"20":{"start":{"line":77,"column":23},"end":{"line":82,"column":17}},"21":{"start":{"line":78,"column":20},"end":{"line":78,"column":62}},"22":{"start":{"line":79,"column":23},"end":{"line":82,"column":17}},"23":{"start":{"line":80,"column":36},"end":{"line":80,"column":90}},"24":{"start":{"line":81,"column":20},"end":{"line":81,"column":68}},"25":{"start":{"line":85,"column":12},"end":{"line":87,"column":13}},"26":{"start":{"line":86,"column":16},"end":{"line":86,"column":58}},"27":{"start":{"line":90,"column":8},"end":{"line":92,"column":9}},"28":{"start":{"line":91,"column":12},"end":{"line":91,"column":70}},"29":{"start":{"line":94,"column":8},"end":{"line":96,"column":9}},"30":{"start":{"line":95,"column":12},"end":{"line":95,"column":60}},"31":{"start":{"line":99,"column":8},"end":{"line":101,"column":9}},"32":{"start":{"line":100,"column":12},"end":{"line":100,"column":62}},"33":{"start":{"line":103,"column":8},"end":{"line":108,"column":9}},"34":{"start":{"line":104,"column":12},"end":{"line":107,"column":14}},"35":{"start":{"line":110,"column":8},"end":{"line":110,"column":35}},"36":{"start":{"line":112,"column":8},"end":{"line":114,"column":9}},"37":{"start":{"line":113,"column":12},"end":{"line":113,"column":37}},"38":{"start":{"line":116,"column":8},"end":{"line":132,"column":9}},"39":{"start":{"line":117,"column":12},"end":{"line":123,"column":15}},"40":{"start":{"line":124,"column":15},"end":{"line":132,"column":9}},"41":{"start":{"line":125,"column":12},"end":{"line":131,"column":15}},"42":{"start":{"line":134,"column":8},"end":{"line":156,"column":10}},"43":{"start":{"line":158,"column":23},"end":{"line":158,"column":44}},"44":{"start":{"line":160,"column":32},"end":{"line":168,"column":10}},"45":{"start":{"line":170,"column":41},"end":{"line":191,"column":10}},"46":{"start":{"line":171,"column":26},"end":{"line":171,"column":36}},"47":{"start":{"line":172,"column":30},"end":{"line":172,"column":46}},"48":{"start":{"line":174,"column":29},"end":{"line":174,"column":34}},"49":{"start":{"line":175,"column":12},"end":{"line":179,"column":13}},"50":{"start":{"line":176,"column":16},"end":{"line":178,"column":28}},"51":{"start":{"line":177,"column":54},"end":{"line":177,"column":75}},"52":{"start":{"line":181,"column":12},"end":{"line":190,"column":14}},"53":{"start":{"line":192,"column":8},"end":{"line":197,"column":10}},"54":{"start":{"line":202,"column":31},"end":{"line":223,"column":10}},"55":{"start":{"line":225,"column":8},"end":{"line":233,"column":9}},"56":{"start":{"line":226,"column":12},"end":{"line":232,"column":15}},"57":{"start":{"line":235,"column":21},"end":{"line":235,"column":62}},"58":{"start":{"line":236,"column":8},"end":{"line":236,"column":31}},"59":{"start":{"line":236,"column":19},"end":{"line":236,"column":31}},"60":{"start":{"line":238,"column":23},"end":{"line":238,"column":62}},"61":{"start":{"line":243,"column":8},"end":{"line":245,"column":9}},"62":{"start":{"line":244,"column":12},"end":{"line":244,"column":62}},"63":{"start":{"line":247,"column":22},"end":{"line":247,"column":56}},"64":{"start":{"line":248,"column":25},"end":{"line":248,"column":60}},"65":{"start":{"line":249,"column":32},"end":{"line":251,"column":10}},"66":{"start":{"line":253,"column":27},"end":{"line":253,"column":84}},"67":{"start":{"line":256,"column":25},"end":{"line":256,"column":62}},"68":{"start":{"line":258,"column":8},"end":{"line":291,"column":10}},"69":{"start":{"line":260,"column":46},"end":{"line":263,"column":14}},"70":{"start":{"line":299,"column":22},"end":{"line":322,"column":10}},"71":{"start":{"line":324,"column":8},"end":{"line":333,"column":12}},"72":{"start":{"line":324,"column":41},"end":{"line":333,"column":10}},"73":{"start":{"line":340,"column":8},"end":{"line":345,"column":9}},"74":{"start":{"line":341,"column":12},"end":{"line":341,"column":40}},"75":{"start":{"line":342,"column":12},"end":{"line":342,"column":24}},"76":{"start":{"line":344,"column":12},"end":{"line":344,"column":25}},"77":{"start":{"line":352,"column":8},"end":{"line":354,"column":null}},"78":{"start":{"line":361,"column":8},"end":{"line":361,"column":40}},"79":{"start":{"line":361,"column":27},"end":{"line":361,"column":40}},"80":{"start":{"line":362,"column":25},"end":{"line":364,"column":10}},"81":{"start":{"line":366,"column":8},"end":{"line":368,"column":9}},"82":{"start":{"line":367,"column":12},"end":{"line":367,"column":24}},"83":{"start":{"line":369,"column":8},"end":{"line":369,"column":21}},"84":{"start":{"line":374,"column":27},"end":{"line":379,"column":11}},"85":{"start":{"line":3
[...]
:25},"end":{"line":180,"column":65}},"type":"binary-expr","locations":[{"start":{"line":180,"column":25},"end":{"line":180,"column":59}},{"start":{"line":180,"column":63},"end":{"line":180,"column":65}}]},"26":{"loc":{"start":{"line":185,"column":30},"end":{"line":185,"column":62}},"type":"binary-expr","locations":[{"start":{"line":185,"column":30},"end":{"line":185,"column":54}},{"start":{"line":185,"column":58},"end":{"line":185,"column":62}}]},"27":{"loc":{"start":{"line":197,"column":8},"end":{"line":199,"column":9}},"type":"if","locations":[{"start":{"line":197,"column":8},"end":{"line":199,"column":9}},{"start":{},"end":{}}]},"28":{"loc":{"start":{"line":203,"column":8},"end":{"line":221,"column":9}},"type":"if","locations":[{"start":{"line":203,"column":8},"end":{"line":221,"column":9}},{"start":{},"end":{}}]},"29":{"loc":{"start":{"line":204,"column":32},"end":{"line":204,"column":105}},"type":"cond-expr","locations":[{"start":{"line":204,"column":64},"end":{"line":204,"column":85}},{"start":{"line":204,"column":88},"end":{"line":204,"column":105}}]},"30":{"loc":{"start":{"line":212,"column":12},"end":{"line":220,"column":13}},"type":"if","locations":[{"start":{"line":212,"column":12},"end":{"line":220,"column":13}},{"start":{},"end":{}}]},"31":{"loc":{"start":{"line":212,"column":16},"end":{"line":212,"column":110}},"type":"binary-expr","locations":[{"start":{"line":212,"column":16},"end":{"line":212,"column":59}},{"start":{"line":212,"column":63},"end":{"line":212,"column":110}}]}},"s":{"0":7,"1":7,"2":7,"3":7,"4":7,"5":7,"6":18,"7":18,"8":0,"9":18,"10":1,"11":17,"12":0,"13":17,"14":17,"15":0,"16":17,"17":17,"18":0,"19":17,"20":0,"21":17,"22":17,"23":17,"24":17,"25":1,"26":1,"27":0,"28":1,"29":0,"30":1,"31":0,"32":1,"33":1,"34":1,"35":1,"36":1,"37":1,"38":1,"39":1,"40":0,"41":1,"42":1,"43":1,"44":1,"45":1,"46":0,"47":1,"48":1,"49":1,"50":1,"51":1,"52":1,"53":0,"54":1,"55":3,"56":3,"57":3,"58":3,"59":3,"60":3,"61":3,"62":3,"63":3,"64":3,"65":44,"66":44,"67":0,"68":44,"69":44,"70":44,"71":44,"72":44,"73":6,"74":44},"f":{"0":18,"1":1,"2":1,"3":0,"4":1,"5":1,"6":3,"7":3,"8":3,"9":44},"b":{"0":[0,18],"1":[1,17],"2":[0,17],"3":[0,17],"4":[0,17],"5":[0,17],"6":[0,1],"7":[0,1],"8":[0,1],"9":[0,1],"10":[1,0],"11":[1,0],"12":[1,0],"13":[1,1],"14":[1,0],"15":[0,1],"16":[3,0],"17":[1,2],"18":[1,2],"19":[2,2],"20":[1,2],"21":[3,0],"22":[3,0],"23":[3,0],"24":[3,0],"25":[3,0],"26":[3,3],"27":[0,44],"28":[44,0],"29":[24,20],"30":[6,38],"31":[44,38]}}
,"D:\\bookcrossing\\back\\src\\services\\notificationService.ts": {"path":"D:\\bookcrossing\\back\\src\\services\\notificationService.ts","statementMap":{"0":{"start":{"line":3,"column":0},"end":{"line":3,"column":80}},"1":{"start":{"line":4,"column":0},"end":{"line":4,"column":64}},"2":{"start":{"line":6,"column":13},"end":{"line":38,"column":null}},"3":{"start":{"line":16,"column":30},"end":{"line":16,"column":83}},"4":{"start":{"line":17,"column":8},"end":{"line":17,"column":73}},"5":{"start":{"line":18,"column":8},"end":{"line":18,"column":29}},"6":{"start":{"line":23,"column":25},"end":{"line":23,"column":88}},"7":{"start":{"line":24,"column":8},"end":{"line":26,"column":9}},"8":{"start":{"line":25,"column":12},"end":{"line":25,"column":70}},"9":{"start":{"line":27,"column":8},"end":{"line":27,"column":59}},"10":{"start":{"line":28,"column":8},"end":{"line":28,"column":33}},"11":{"start":{"line":32,"column":25},"end":{"line":32,"column":84}},"12":{"start":{"line":33,"column":8},"end":{"line":35,"column":9}},"13":{"start":{"line":34,"column":12},"end":{"line":34,"column":54}},"14":{"start":{"line":36,"column":8},"end":{"line":36,"column":33}}},"fnMap":{"0":{"name":"(anonymous_0)","decl":{"start":{"line":9,"column":4},"end":{"line":9,"column":9}},"loc":{"start":{"line":15,"column":5},"end":{"line":19,"column":5}}},"1":{"name":"(anonymous_1)","decl":{"start":{"line":22,"column":4},"end":{"line":22,"column":9}},"loc":{"start":{"line":22,"column":62},"end":{"line":29,"column":5}}},"2":{"name":"(anonymous_2)","decl":{"start":{"line":31,"column":4},"end":{"line":31,"column":9}},"loc":{"start":{"line":31,"column":67},"end":{"line":37,"column":5}}}},"branchMap":{"0":{"loc":{"start":{"line":24,"column":8},"end":{"line":26,"column":9}},"type":"if","locations":[{"start":{"line":24,"column":8},"end":{"line":26,"column":9}},{"start":{},"end":{}}]},"1":{"loc":{"start":{"line":33,"column":8},"end":{"line":35,"column":9}},"type":"if","locations":[{"start":{"line":33,"column":8},"end":{"line":35,"column":9}},{"start":{},"end":{}}]}},"s":{"0":7,"1":7,"2":7,"3":70,"4":70,"5":70,"6":1,"7":1,"8":0,"9":1,"10":1,"11":1,"12":1,"13":0,"14":1},"f":{"0":70,"1":1,"2":1},"b":{"0":[0,1],"1":[0,1]}}
,"D:\\bookcrossing\\back\\src\\services\\reviewService.ts": {"path":"D:\\bookcrossing\\back\\src\\services\\reviewService.ts","statementMap":{"0":{"start":{"line":1,"column":0},"end":{"line":1,"column":51}},"1":{"start":{"line":3,"column":0},"end":{"line":3,"column":60}},"2":{"start":{"line":4,"column":0},"end":{"line":4,"column":49}},"3":{"start":{"line":7,"column":13},"end":{"line":68,"column":null}},"4":{"start":{"line":10,"column":24},"end":{"line":14,"column":10}},"5":{"start":{"line":16,"column":8},"end":{"line":19,"column":9}},"6":{"start":{"line":17,"column":12},"end":{"line":17,"column":81}},"7":{"start":{"line":18,"column":12},"end":{"line":18,"column":19}},"8":{"start":{"line":21,"column":20},"end":{"line":21,"column":107}},"9":{"start":{"line":21,"column":60},"end":{"line":21,"column":86}},"10":{"start":{"line":23,"column":8},"end":{"line":23,"column":70}},"11":{"start":{"line":29,"column":25},"end":{"line":29,"column":61}},"12":{"start":{"line":31,"column":8},"end":{"line":33,"column":9}},"13":{"start":{"line":32,"column":12},"end":{"line":32,"column":67}},"14":{"start":{"line":35,"column":8},"end":{"line":37,"column":9}},"15":{"start":{"line":36,"column":12},"end":{"line":36,"column":74}},"16":{"start":{"line":39,"column":24},"end":{"line":41,"column":10}},"17":{"start":{"line":42,"column":8},"end":{"line":44,"column":9}},"18":{"start":{"line":43,"column":12},"end":{"line":43,"column":71}},"19":{"start":{"line":46,"column":31},"end":{"line":46,"column":108}},"20":{"start":{"line":48,"column":23},"end":{"line":54,"column":10}},"21":{"start":{"line":56,"column":8},"end":{"line":56,"column":47}},"22":{"start":{"line":58,"column":8},"end":{"line":63,"column":11}},"23":{"start":{"line":65,"column":8},"end":{"line":65,"column":22}}},"fnMap":{"0":{"name":"(anonymous_0)","decl":{"start":{"line":9,"column":4},"end":{"line":9,"column":9}},"loc":{"start":{"line":9,"column":37},"end":{"line":24,"column":5}}},"1":{"name":"(anonymous_1)","decl":{"start":{"line":21,"column":35},"end":{"line":21,"column":36}},"loc":{"start":{"line":21,"column":60},"end":{"line":21,"column":86}}},"2":{"name":"(anonymous_2)","decl":{"start":{"line":27,"column":4},"end":{"line":27,"column":9}},"loc":{"start":{"line":27,"column":93},"end":{"line":66,"column":5}}}},"branchMap":{"0":{"loc":{"start":{"line":16,"column":8},"end":{"line":19,"column":9}},"type":"if","locations":[{"start":{"line":16,"column":8},"end":{"line":19,"column":9}},{"start":{},"end":{}}]},"1":{"loc":{"start":{"line":31,"column":8},"end":{"line":33,"column":9}},"type":"if","locations":[{"start":{"line":31,"column":8},"end":{"line":33,"column":9}},{"start":{},"end":{}}]},"2":{"loc":{"start":{"line":31,"column":12},"end":{"line":31,"column":121}},"type":"binary-expr","locations":[{"start":{"line":31,"column":12},"end":{"line":31,"column":21}},{"start":{"line":31,"column":26},"end":{"line":31,"column":69}},{"start":{"line":31,"column":73},"end":{"line":31,"column":120}}]},"3":{"loc":{"start":{"line":35,"column":8},"end":{"line":37,"column":9}},"type":"if","locations":[{"start":{"line":35,"column":8},"end":{"line":37,"column":9}},{"start":{},"end":{}}]},"4":{"loc":{"start":{"line":35,"column":12},"end":{"line":35,"column":76}},"type":"binary-expr","locations":[{"start":{"line":35,"column":12},"end":{"line":35,"column":40}},{"start":{"line":35,"column":44},"end":{"line":35,"column":76}}]},"5":{"loc":{"start":{"line":42,"column":8},"end":{"line":44,"column":9}},"type":"if","locations":[{"start":{"line":42,"column":8},"end":{"line":44,"column":9}},{"start":{},"end":{}}]},"6":{"loc":{"start":{"line":46,"column":31},"end":{"line":46,"column":108}},"type":"cond-expr","locations":[{"start":{"line":46,"column":67},"end":{"line":46,"column":84}},{"start":{"line":46,"column":87},"end":{"line":46,"column":108}}]},"7":{"loc":{"start":{"line":53,"column":21},"end":{"line":53,"column":36}},"type":"binary-expr","locations":[{"start":{"line":53,"column":21},"end":{"line":53,"column":28}},{"start":{"line":53,"column":32},"end":{"line":53,"column":36}}]}},"s":{"0":7,"1":7,"2":7,"3":7,"4":2,"5":2,"6":0,"7":0,"8":2,"9":2,"10":2,"11":5,"12":5,"13":1,"14":4,"15":1,"16":3,"17":3,"18":1,"19":2,"20":2,"21":2,"22":2,"23":2},"f":{"0":2,"1":2,"2":5},"b":{"0":[0,2],"1":[1,4],"2":[5,5,1],"3":[1,3],"4":[4,4],"5":[1,2],"6":[2,0],"7":[2,1]}}
,"D:\\bookcrossing\\back\\src\\services\\userService.ts": {"path":"D:\\bookcrossing\\back\\src\\services\\userService.ts","statementMap":{"0":{"start":{"line":1,"column":0},"end":{"line":1,"column":63}},"1":{"start":{"line":2,"column":0},"end":{"line":2,"column":64}},"2":{"start":{"line":3,"column":0},"end":{"line":3,"column":40}},"3":{"start":{"line":7,"column":28},"end":{"line":28,"column":1}},"4":{"start":{"line":8,"column":20},"end":{"line":8,"column":63}},"5":{"start":{"line":9,"column":4},"end":{"line":11,"column":5}},"6":{"start":{"line":10,"column":8},"end":{"line":10,"column":47}},"7":{"start":{"line":13,"column":27},"end":{"line":13,"column":55}},"8":{"start":{"line":15,"column":20},"end":{"line":22,"column":6}},"9":{"start":{"line":24,"column":18},"end":{"line":24,"column":50}},"10":{"start":{"line":25,"column":31},"end":{"line":25,"column":32}},"11":{"start":{"line":27,"column":4},"end":{"line":27,"column":85}},"12":{"start":{"line":7,"column":13},"end":{"line":7,"column":28}},"13":{"start":{"line":30,"column":25},"end":{"line":48,"column":1}},"14":{"start":{"line":31,"column":20},"end":{"line":31,"column":63}},"15":{"start":{"line":32,"column":4},"end":{"line":34,"column":5}},"16":{"start":{"line":33,"column":8},"end":{"line":33,"column":68}},"17":{"start":{"line":36,"column":22},"end":{"line":36,"column":71}},"18":{"start":{"line":38,"column":4},"end":{"line":40,"column":5}},"19":{"start":{"line":39,"column":8},"end":{"line":39,"column":44}},"20":{"start":{"line":42,"column":18},"end":{"line":42,"column":50}},"21":{"start":{"line":44,"column":31},"end":{"line":44,"column":58}},"22":{"start":{"line":46,"column":4},"end":{"line":46,"column":85}},"23":{"start":{"line":30,"column":13},"end":{"line":30,"column":25}},"24":{"start":{"line":50,"column":27},"end":{"line":57,"column":1}},"25":{"start":{"line":51,"column":20},"end":{"line":51,"column":62}},"26":{"start":{"line":52,"column":4},"end":{"line":54,"column":5}},"27":{"start":{"line":53,"column":8},"end":{"line":53,"column":42}},"28":{"start":{"line":56,"column":4},"end":{"line":56,"column":null}},"29":{"start":{"line":50,"column":13},"end":{"line":50,"column":27}},"30":{"start":{"line":62,"column":30},"end":{"line":100,"column":1}},"31":{"start":{"line":63,"column":24},"end":{"line":63,"column":69}},"32":{"start":{"line":64,"column":4},"end":{"line":66,"column":5}},"33":{"start":{"line":65,"column":8},"end":{"line":65,"column":42}},"34":{"start":{"line":68,"column":63},"end":{"line":68,"column":105}},"35":{"start":{"line":69,"column":22},"end":{"line":69,"column":64}},"36":{"start":{"line":70,"column":20},"end":{"line":70,"column":64}},"37":{"start":{"line":73,"column":4},"end":{"line":99,"column":null}},"38":{"start":{"line":88,"column":35},"end":{"line":98,"column":10}},"39":{"start":{"line":62,"column":13},"end":{"line":62,"column":30}},"40":{"start":{"line":112,"column":33},"end":{"line":118,"column":1}},"41":{"start":{"line":113,"column":28},"end":{"line":113,"column":84}},"42":{"start":{"line":114,"column":4},"end":{"line":116,"column":5}},"43":{"start":{"line":115,"column":8},"end":{"line":115,"column":59}},"44":{"start":{"line":117,"column":4},"end":{"line":117,"column":35}},"45":{"start":{"line":112,"column":13},"end":{"line":112,"column":33}},"46":{"start":{"line":130,"column":36},"end":{"line":132,"column":1}},"47":{"start":{"line":131,"column":4},"end":{"line":131,"column":58}},"48":{"start":{"line":130,"column":13},"end":{"line":130,"column":36}}},"fnMap":{"0":{"name":"(anonymous_0)","decl":{"start":{"line":7,"column":28},"end":{"line":7,"column":33}},"loc":{"start":{"line":7,"column":235},"end":{"line":28,"column":1}}},"1":{"name":"(anonymous_1)","decl":{"start":{"line":30,"column":25},"end":{"line":30,"column":30}},"loc":{"start":{"line":30,"column":150},"end":{"line":48,"column":1}}},"2":{"name":"(anonymous_2)","decl":{"start":{"line":50,"column":27},"end":{"line":50,"column":32}},"loc":{"start":{"line":50,"column":122},"end":{"line":57,"column":1}}},"3":{"name":"(anonymous_3)","decl":{"start":{"line":62,"column":30},"end":{"line":62,"column":35}},"loc":{"start":{"line":62,"column":56},"end":{"line":100,"column":1}}},"4":{"name":"(anonymous_4)","decl":{"start":{"line":88,"column":29},"end":{"line":88,"column":30}},"loc":{"start":{"line":88,"column":35},"end":{"line":98,"column":10}}},"5":{"name":"(anonymous_5)","decl":{"start":{"line":112,"column":33},"end":{"line":112,"column":38}},"loc":{"start":{"line":112,"column":87},"end":{"line":118,"column":1}}},"6":{"name":"(anonymous_6)","decl":{"start":{"line":130,"column":36},"end":{"line":130,"column":41}},"loc":{"start":{"line":130,"column":62},"end":{"line":132,"column":1}}}},"branchMap":{"0":{"loc":{"start":{"line":9,"column":4},"end":{"line":11,"column":5}},"type":"if","locations":[{"start":{"line":9,"column":4},"end":{"line":11,"column":5}},{"start":{},"end":{}}]},"1":{"loc":{"start":{"line":32,"column":4},"end":{"line":34,"column":5}},"type":"if","locations":[{"start":{"line":32,"column":4},"end":{"line":34,"column":5}},{"start":{},"end":{}}]},"2":{"loc":{"start":{"line":38,"column":4},"end":{"line":40,"column":5}},"type":"if","locations":[{"start":{"line":38,"column":4},"end":{"line":40,"column":5}},{"start":{},"end":{}}]},"3":{"loc":{"start":{"line":52,"column":4},"end":{"line":54,"column":5}},"type":"if","locations":[{"start":{"line":52,"column":4},"end":{"line":54,"column":5}},{"start":{},"end":{}}]},"4":{"loc":{"start":{"line":64,"column":4},"end":{"line":66,"column":5}},"type":"if","locations":[{"start":{"line":64,"column":4},"end":{"line":66,"column":5}},{"start":{},"end":{}}]},"5":{"loc":{"start":{"line":77,"column":15},"end":{"line":77,"column":38}},"type":"binary-expr","locations":[{"start":{"line":77,"column":15},"end":{"line":77,"column":32}},{"start":{"line":77,"column":36},"end":{"line":77,"column":38}}]},"6":{"loc":{"start":{"line":80,"column":16},"end":{"line":80,"column":69}},"type":"cond-expr","locations":[{"start":{"line":80,"column":37},"end":{"line":80,"column":63}},{"start":{"line":80,"column":66},"end":{"line":80,"column":69}}]},"7":{"loc":{"start":{"line":81,"column":15},"end":{"line":81,"column":38}},"type":"binary-expr","locations":[{"start":{"line":81,"column":15},"end":{"line":81,"column":32}},{"start":{"line":81,"column":36},"end":{"line":81,"column":38}}]},"8":{"loc":{"start":{"line":82,"column":21},"end":{"line":82,"column":50}},"type":"binary-expr","locations":[{"start":{"line":82,"column":21},"end":{"line":82,"column":44}},{"start":{"line":82,"column":48},"end":{"line":82,"column":50}}]},"9":{"loc":{"start":{"line":114,"column":4},"end":{"line":116,"column":5}},"type":"if","locations":[{"start":{"line":114,"column":4},"end":{"line":116,"column":5}},{"start":{},"end":{}}]}},"s":{"0":7,"1":7,"2":7,"3":7,"4":52,"5":52,"6":1,"7":51,"8":51,"9":51,"10":51,"11":51,"12":7,"13":7,"14":3,"15":3,"16":1,"17":2,"18":2,"19":1,"20":1,"21":1,"22":1,"23":7,"24":7,"25":1,"26":1,"27":0,"28":1,"29":7,"30":7,"31":2,"32":2,"33":0,"34":2,"35":2,"36":2,"37":2,"38":0,"39":7,"40":7,"41":0,"42":0,"43":0,"44":0,"45":7,"46":7,"47":1,"48":7},"f":{"0":52,"1":3,"2":1,"3":2,"4":0,"5":0,"6":1},"b":{"0":[1,51],"1":[1,2],"2":[1,1],"3":[0,1],"4":[0,2],"5":[2,2],"6":[0,2],"7":[2,2],"8":[2,1],"9":[0,0]}}
,"D:\\bookcrossing\\back\\src\\utils\\bcrypt.ts": {"path":"D:\\bookcrossing\\back\\src\\utils\\bcrypt.ts","statementMap":{"0":{"start":{"line":1,"column":0},"end":{"line":1,"column":30}},"1":{"start":{"line":4,"column":28},"end":{"line":6,"column":1}},"2":{"start":{"line":5,"column":4},"end":{"line":5,"column":37}},"3":{"start":{"line":4,"column":13},"end":{"line":4,"column":28}},"4":{"start":{"line":8,"column":31},"end":{"line":10,"column":1}},"5":{"start":{"line":9,"column":4},"end":{"line":9,"column":42}},"6":{"start":{"line":8,"column":13},"end":{"line":8,"column":31}}},"fnMap":{"0":{"name":"(anonymous_1)","decl":{"start":{"line":4,"column":28},"end":{"line":4,"column":33}},"loc":{"start":{"line":4,"column":55},"end":{"line":6,"column":1}}},"1":{"name":"(anonymous_2)","decl":{"start":{"line":8,"column":31},"end":{"line":8,"column":36}},"loc":{"start":{"line":8,"column":72},"end":{"line":10,"column":1}}}},"branchMap":{},"s":{"0":7,"1":7,"2":51,"3":7,"4":7,"5":2,"6":7},"f":{"0":51,"1":2},"b":{}}
,"D:\\bookcrossing\\back\\src\\utils\\fs.ts": {"path":"D:\\bookcrossing\\back\\src\\utils\\fs.ts","statementMap":{"0":{"start":{"line":1,"column":0},"end":{"line":1,"column":20}},"1":{"start":{"line":2,"column":0},"end":{"line":2,"column":24}},"2":{"start":{"line":4,"column":35},"end":{"line":13,"column":1}},"3":{"start":{"line":6,"column":4},"end":{"line":6,"column":61}},"4":{"start":{"line":6,"column":54},"end":{"line":6,"column":61}},"5":{"start":{"line":8,"column":21},"end":{"line":8,"column":60}},"6":{"start":{"line":10,"column":4},"end":{"line":12,"column":5}},"7":{"start":{"line":11,"column":8},"end":{"line":11,"column":32}},"8":{"start":{"line":4,"column":13},"end":{"line":4,"column":35}}},"fnMap":{"0":{"name":"(anonymous_1)","decl":{"start":{"line":4,"column":35},"end":{"line":4,"column":36}},"loc":{"start":{"line":4,"column":55},"end":{"line":13,"column":1}}}},"branchMap":{"0":{"loc":{"start":{"line":6,"column":4},"end":{"line":6,"column":61}},"type":"if","locations":[{"start":{"line":6,"column":4},"end":{"line":6,"column":61}},{"start":{},"end":{}}]},"1":{"loc":{"start":{"line":6,"column":8},"end":{"line":6,"column":52}},"type":"binary-expr","locations":[{"start":{"line":6,"column":8},"end":{"line":6,"column":16}},{"start":{"line":6,"column":20},"end":{"line":6,"column":52}}]},"2":{"loc":{"start":{"line":10,"column":4},"end":{"line":12,"column":5}},"type":"if","locations":[{"start":{"line":10,"column":4},"end":{"line":12,"column":5}},{"start":{},"end":{}}]}},"s":{"0":7,"1":7,"2":7,"3":1,"4":0,"5":1,"6":1,"7":1,"8":7},"f":{"0":1},"b":{"0":[0,1],"1":[1,1],"2":[1,0]}}
,"D:\\bookcrossing\\back\\src\\utils\\jwt.ts": {"path":"D:\\bookcrossing\\back\\src\\utils\\jwt.ts","statementMap":{"0":{"start":{"line":1,"column":0},"end":{"line":1,"column":31}},"1":{"start":{"line":2,"column":0},"end":{"line":2,"column":36}},"2":{"start":{"line":4,"column":24},"end":{"line":6,"column":1}},"3":{"start":{"line":5,"column":4},"end":{"line":5,"column":80}},"4":{"start":{"line":4,"column":13},"end":{"line":4,"column":24}},"5":{"start":{"line":8,"column":27},"end":{"line":10,"column":1}},"6":{"start":{"line":9,"column":4},"end":{"line":9,"column":44}},"7":{"start":{"line":8,"column":13},"end":{"line":8,"column":27}}},"fnMap":{"0":{"name":"(anonymous_1)","decl":{"start":{"line":4,"column":24},"end":{"line":4,"column":25}},"loc":{"start":{"line":4,"column":59},"end":{"line":6,"column":1}}},"1":{"name":"(anonymous_2)","decl":{"start":{"line":8,"column":27},"end":{"line":8,"column":28}},"loc":{"start":{"line":8,"column":45},"end":{"line":10,"column":1}}}},"branchMap":{},"s":{"0":7,"1":7,"2":7,"3":52,"4":7,"5":7,"6":133,"7":7},"f":{"0":52,"1":133},"b":{}}
}
