TN:
SF:src\app.ts
FNF:0
FNH:0
DA:1,7
DA:2,7
DA:3,7
DA:4,7
DA:5,7
DA:6,7
DA:7,7
DA:8,7
DA:9,7
DA:10,7
DA:12,7
DA:15,7
DA:20,7
DA:21,7
DA:22,7
DA:23,7
DA:24,7
DA:25,7
DA:26,7
DA:27,7
DA:29,7
DA:31,7
LF:22
LH:22
BRF:0
BRH:0
end_of_record
TN:
SF:src\config\database.ts
FNF:0
FNH:0
DA:1,7
DA:2,7
DA:4,7
LF:3
LH:3
BRF:0
BRH:0
end_of_record
TN:
SF:src\config\env.ts
FNF:0
FNH:0
DA:1,7
DA:2,7
DA:5,7
DA:6,0
DA:9,7
LF:5
LH:4
BRDA:5,0,0,0
BRDA:5,0,1,7
BRDA:10,1,0,7
BRDA:10,1,1,0
BRDA:12,2,0,7
BRDA:12,2,1,0
BRDA:13,3,0,7
BRDA:13,3,1,0
BRDA:14,4,0,7
BRDA:14,4,1,0
BRDA:15,5,0,7
BRDA:15,5,1,0
BRDA:16,6,0,7
BRDA:16,6,1,0
BRF:14
BRH:7
end_of_record
TN:
SF:src\config\upload.ts
FN:11,(anonymous_1)
FN:12,(anonymous_2)
FN:18,(anonymous_3)
FNF:3
FNH:3
FNDA:47,(anonymous_1)
FNDA:47,(anonymous_2)
FNDA:47,(anonymous_3)
DA:1,7
DA:2,7
DA:3,7
DA:5,7
DA:6,7
DA:7,0
DA:10,7
DA:11,47
DA:13,47
DA:14,47
DA:18,7
DA:19,47
DA:20,47
DA:21,47
DA:22,47
DA:23,47
DA:25,0
DA:29,7
LF:18
LH:16
BRDA:6,0,0,0
BRDA:6,0,1,7
BRDA:22,1,0,47
BRDA:22,1,1,0
BRDA:22,2,0,47
BRDA:22,2,1,47
BRF:6
BRH:4
end_of_record
TN:
SF:src\constants\enums.ts
FN:2,(anonymous_0)
FN:9,(anonymous_1)
FN:15,(anonymous_2)
FN:21,(anonymous_3)
FN:27,(anonymous_4)
FN:32,(anonymous_5)
FN:39,(anonymous_6)
FN:45,(anonymous_7)
FN:56,(anonymous_8)
FN:62,(anonymous_9)
FNF:10
FNH:10
FNDA:7,(anonymous_0)
FNDA:7,(anonymous_1)
FNDA:7,(anonymous_2)
FNDA:7,(anonymous_3)
FNDA:7,(anonymous_4)
FNDA:7,(anonymous_5)
FNDA:7,(anonymous_6)
FNDA:7,(anonymous_7)
FNDA:7,(anonymous_8)
FNDA:7,(anonymous_9)
DA:2,7
DA:3,7
DA:4,7
DA:5,7
DA:6,7
DA:9,7
DA:10,7
DA:11,7
DA:12,7
DA:15,7
DA:16,7
DA:17,7
DA:18,7
DA:21,7
DA:22,7
DA:23,7
DA:24,7
DA:27,7
DA:28,7
DA:29,7
DA:32,7
DA:33,7
DA:34,7
DA:35,7
DA:39,7
DA:40,7
DA:41,7
DA:42,7
DA:45,7
DA:46,7
DA:47,7
DA:48,7
DA:49,7
DA:50,7
DA:51,7
DA:52,7
DA:53,7
DA:56,7
DA:57,7
DA:58,7
DA:59,7
DA:62,7
DA:63,7
DA:64,7
DA:67,7
DA:80,7
DA:81,7
DA:82,7
DA:83,7
DA:84,7
DA:85,7
DA:86,7
DA:87,7
DA:88,7
DA:89,7
LF:55
LH:55
BRDA:2,0,0,7
BRDA:2,0,1,7
BRDA:9,1,0,7
BRDA:9,1,1,7
BRDA:15,2,0,7
BRDA:15,2,1,7
BRDA:21,3,0,7
BRDA:21,3,1,7
BRDA:27,4,0,7
BRDA:27,4,1,7
BRDA:32,5,0,7
BRDA:32,5,1,7
BRDA:39,6,0,7
BRDA:39,6,1,7
BRDA:45,7,0,7
BRDA:45,7,1,7
BRDA:56,8,0,7
BRDA:56,8,1,7
BRDA:62,9,0,7
BRDA:62,9,1,7
BRF:20
BRH:20
end_of_record
TN:
SF:src\controllers\authController.ts
FN:25,(anonymous_0)
FN:51,(anonymous_1)
FNF:2
FNH:2
FNDA:53,(anonymous_0)
FNDA:3,(anonymous_1)
DA:1,7
DA:2,7
DA:6,7
DA:16,7
DA:25,7
DA:27,53
DA:28,53
DA:29,52
DA:37,51
DA:39,2
DA:40,1
DA:41,1
DA:42,1
DA:44,0
DA:45,0
DA:51,7
DA:52,3
DA:53,3
DA:54,3
DA:58,1
DA:60,2
DA:61,0
DA:62,2
DA:63,2
DA:65,0
DA:66,0
LF:26
LH:21
BRDA:39,0,0,1
BRDA:39,0,1,1
BRDA:41,1,0,1
BRDA:41,1,1,0
BRDA:60,2,0,0
BRDA:60,2,1,2
BRDA:62,3,0,2
BRDA:62,3,1,0
BRDA:62,4,0,2
BRDA:62,4,1,2
BRDA:62,4,2,1
BRF:11
BRH:8
end_of_record
TN:
SF:src\controllers\bookController.ts
FN:44,(anonymous_0)
FN:60,(anonymous_1)
FN:61,(anonymous_2)
FN:62,(anonymous_3)
FN:63,(anonymous_4)
FN:82,(anonymous_5)
FN:108,(anonymous_6)
FN:127,(anonymous_7)
FN:142,(anonymous_8)
FN:158,(anonymous_9)
FN:178,(anonymous_10)
FN:202,(anonymous_11)
FN:228,(anonymous_12)
FNF:13
FNH:10
FNDA:2,(anonymous_0)
FNDA:0,(anonymous_1)
FNDA:0,(anonymous_2)
FNDA:1,(anonymous_3)
FNDA:0,(anonymous_4)
FNDA:2,(anonymous_5)
FNDA:2,(anonymous_6)
FNDA:46,(anonymous_7)
FNDA:46,(anonymous_8)
FNDA:1,(anonymous_9)
FNDA:1,(anonymous_10)
FNDA:1,(anonymous_11)
FNDA:1,(anonymous_12)
DA:1,7
DA:3,7
DA:4,7
DA:5,7
DA:7,7
DA:19,7
DA:43,7
DA:45,2
DA:47,2
DA:48,2
DA:49,0
DA:50,0
DA:51,0
DA:52,0
DA:56,2
DA:58,2
DA:60,0
DA:61,0
DA:62,1
DA:63,0
DA:71,2
DA:72,2
DA:74,0
DA:75,0
DA:77,0
DA:78,0
DA:83,2
DA:84,2
DA:85,2
DA:86,0
DA:89,2
DA:90,2
DA:92,2
DA:93,1
DA:94,1
DA:97,2
DA:98,2
DA:100,0
DA:101,0
DA:103,0
DA:109,2
DA:110,2
DA:111,2
DA:112,0
DA:114,2
DA:115,2
DA:116,0
DA:119,2
DA:120,2
DA:122,0
DA:128,46
DA:129,46
DA:130,46
DA:131,0
DA:134,46
DA:135,0
DA:138,46
DA:139,46
DA:141,46
DA:142,46
DA:147,46
DA:148,46
DA:150,0
DA:151,0
DA:153,0
DA:159,1
DA:160,1
DA:161,1
DA:162,0
DA:165,1
DA:166,1
DA:167,0
DA:170,1
DA:171,0
DA:174,1
DA:175,1
DA:177,1
DA:178,1
DA:184,1
DA:185,1
DA:187,0
DA:188,0
DA:190,0
DA:191,0
DA:193,0
DA:194,0
DA:196,0
DA:203,1
DA:204,1
DA:205,1
DA:206,0
DA:209,1
DA:210,1
DA:211,0
DA:214,1
DA:215,1
DA:217,0
DA:218,0
DA:220,0
DA:221,0
DA:223,0
DA:229,1
DA:230,1
DA:231,1
DA:233,1
DA:235,1
DA:237,1
DA:238,1
DA:240,0
LF:109
LH:68
BRDA:48,0,0,0
BRDA:48,0,1,2
BRDA:74,1,0,0
BRDA:74,1,1,0
BRDA:85,2,0,0
BRDA:85,2,1,2
BRDA:92,3,0,1
BRDA:92,3,1,1
BRDA:100,4,0,0
BRDA:100,4,1,0
BRDA:111,5,0,0
BRDA:111,5,1,2
BRDA:115,6,0,0
BRDA:115,6,1,2
BRDA:130,7,0,0
BRDA:130,7,1,46
BRDA:134,8,0,0
BRDA:134,8,1,46
BRDA:142,9,0,46
BRDA:142,9,1,0
BRDA:150,10,0,0
BRDA:150,10,1,0
BRDA:161,11,0,0
BRDA:161,11,1,1
BRDA:166,12,0,0
BRDA:166,12,1,1
BRDA:170,13,0,0
BRDA:170,13,1,1
BRDA:178,14,0,1
BRDA:178,14,1,0
BRDA:187,15,0,0
BRDA:187,15,1,0
BRDA:190,16,0,0
BRDA:190,16,1,0
BRDA:193,17,0,0
BRDA:193,17,1,0
BRDA:205,18,0,0
BRDA:205,18,1,1
BRDA:210,19,0,0
BRDA:210,19,1,1
BRDA:217,20,0,0
BRDA:217,20,1,0
BRDA:220,21,0,0
BRDA:220,21,1,0
BRDA:233,22,0,0
BRDA:233,22,1,1
BRDA:235,23,0,0
BRDA:235,23,1,1
BRF:48
BRH:17
end_of_record
TN:
SF:src\controllers\cityController.ts
FN:4,(anonymous_0)
FN:7,(anonymous_1)
FNF:2
FNH:2
FNDA:1,(anonymous_0)
FNDA:41,(anonymous_1)
DA:2,7
DA:4,7
DA:5,1
DA:6,1
DA:7,41
DA:9,0
DA:10,0
LF:7
LH:5
BRF:0
BRH:0
end_of_record
TN:
SF:src\controllers\exchangeController.ts
FN:16,(anonymous_0)
FN:62,(anonymous_1)
FN:79,(anonymous_2)
FN:103,(anonymous_3)
FN:134,(anonymous_4)
FNF:5
FNH:5
FNDA:20,(anonymous_0)
FNDA:1,(anonymous_1)
FNDA:1,(anonymous_2)
FNDA:3,(anonymous_3)
FNDA:44,(anonymous_4)
DA:2,7
DA:3,7
DA:4,7
DA:5,7
DA:7,7
DA:13,7
DA:17,20
DA:18,20
DA:19,20
DA:20,0
DA:23,20
DA:25,20
DA:26,20
DA:27,1
DA:30,19
DA:31,1
DA:32,1
DA:35,18
DA:37,18
DA:43,17
DA:46,1
DA:47,0
DA:50,1
DA:56,1
DA:63,1
DA:64,1
DA:66,1
DA:67,0
DA:70,1
DA:71,1
DA:73,0
DA:74,0
DA:80,1
DA:81,1
DA:83,1
DA:84,0
DA:87,1
DA:88,1
DA:89,0
DA:92,1
DA:93,1
DA:95,0
DA:96,0
DA:98,0
DA:104,3
DA:105,3
DA:107,3
DA:108,0
DA:111,3
DA:112,3
DA:113,0
DA:117,3
DA:118,0
DA:119,0
DA:123,3
DA:124,3
DA:126,0
DA:127,0
DA:129,0
DA:135,44
DA:136,44
DA:138,44
DA:139,0
DA:142,44
DA:143,44
DA:144,0
DA:147,44
DA:148,44
DA:149,0
DA:152,44
DA:153,44
DA:155,0
DA:156,0
DA:158,0
LF:74
LH:51
BRDA:19,0,0,0
BRDA:19,0,1,20
BRDA:26,1,0,1
BRDA:26,1,1,19
BRDA:30,2,0,1
BRDA:30,2,1,18
BRDA:46,3,0,0
BRDA:46,3,1,1
BRDA:50,4,0,0
BRDA:50,4,1,1
BRDA:51,5,0,1
BRDA:51,5,1,0
BRDA:52,6,0,0
BRDA:52,6,1,0
BRDA:53,7,0,0
BRDA:53,7,1,0
BRDA:54,8,0,0
BRDA:54,8,1,0
BRDA:66,9,0,0
BRDA:66,9,1,1
BRDA:74,10,0,0
BRDA:74,10,1,0
BRDA:83,11,0,0
BRDA:83,11,1,1
BRDA:88,12,0,0
BRDA:88,12,1,1
BRDA:95,13,0,0
BRDA:95,13,1,0
BRDA:107,14,0,0
BRDA:107,14,1,3
BRDA:112,15,0,0
BRDA:112,15,1,3
BRDA:112,16,0,3
BRDA:112,16,1,3
BRDA:112,16,2,2
BRDA:112,16,3,1
BRDA:117,17,0,0
BRDA:117,17,1,3
BRDA:119,18,0,0
BRDA:119,18,1,0
BRDA:126,19,0,0
BRDA:126,19,1,0
BRDA:138,20,0,0
BRDA:138,20,1,44
BRDA:143,21,0,0
BRDA:143,21,1,44
BRDA:148,22,0,0
BRDA:148,22,1,44
BRDA:148,23,0,44
BRDA:148,23,1,1
BRDA:155,24,0,0
BRDA:155,24,1,0
BRF:52
BRH:23
end_of_record
TN:
SF:src\controllers\notificationController.ts
FN:7,(anonymous_0)
FN:19,(anonymous_1)
FNF:2
FNH:2
FNDA:1,(anonymous_0)
FNDA:1,(anonymous_1)
DA:1,7
DA:5,7
DA:8,1
DA:9,1
DA:10,1
DA:11,1
DA:12,1
DA:14,0
DA:20,1
DA:21,1
DA:22,1
DA:23,1
DA:24,0
DA:26,1
DA:27,1
DA:29,0
LF:16
LH:13
BRDA:23,0,0,0
BRDA:23,0,1,1
BRF:2
BRH:1
end_of_record
TN:
SF:src\controllers\reviewController.ts
FN:13,(anonymous_0)
FNF:1
FNH:1
FNDA:6,(anonymous_0)
DA:2,7
DA:3,7
DA:6,7
DA:12,7
DA:14,6
DA:15,6
DA:16,6
DA:19,6
DA:21,5
DA:23,2
DA:25,4
DA:26,1
DA:29,3
DA:33,3
LF:14
LH:14
BRDA:16,0,0,0
BRDA:16,0,1,6
BRDA:25,1,0,1
BRDA:25,1,1,3
BRDA:29,2,0,1
BRDA:29,2,1,2
BRDA:30,3,0,1
BRDA:30,3,1,1
BRDA:31,4,0,1
BRDA:31,4,1,0
BRF:10
BRH:8
end_of_record
TN:
SF:src\controllers\userController.ts
FN:12,(anonymous_0)
FN:24,(anonymous_1)
FN:35,(anonymous_2)
FN:58,(anonymous_3)
FN:90,(anonymous_4)
FNF:5
FNH:3
FNDA:0,(anonymous_0)
FNDA:1,(anonymous_1)
FNDA:2,(anonymous_2)
FNDA:0,(anonymous_3)
FNDA:1,(anonymous_4)
DA:2,7
DA:3,7
DA:4,7
DA:5,7
DA:6,7
DA:8,7
DA:13,0
DA:14,0
DA:22,7
DA:25,1
DA:26,1
DA:27,1
DA:28,1
DA:30,0
DA:36,2
DA:38,2
DA:39,2
DA:40,2
DA:41,2
DA:42,2
DA:43,2
DA:47,2
DA:48,2
DA:49,0
DA:51,2
DA:52,2
DA:54,0
DA:59,0
DA:60,0
DA:61,0
DA:63,0
DA:73,0
DA:74,0
DA:75,0
DA:76,0
DA:78,0
DA:83,0
DA:84,0
DA:86,0
DA:91,1
DA:92,1
DA:93,1
DA:94,1
DA:96,0
LF:44
LH:26
BRDA:13,0,0,0
BRDA:13,0,1,0
BRDA:39,1,0,2
BRDA:39,1,1,0
BRDA:47,2,0,1
BRDA:47,2,1,1
BRDA:48,3,0,0
BRDA:48,3,1,2
BRDA:73,4,0,0
BRDA:73,4,1,0
BRDA:75,5,0,0
BRDA:75,5,1,0
BRF:12
BRH:4
end_of_record
TN:
SF:src\middlewares\auth.ts
FN:4,(anonymous_0)
FNF:1
FNH:1
FNDA:130,(anonymous_0)
DA:2,7
DA:4,7
DA:5,130
DA:6,130
DA:7,0
DA:10,130
DA:11,130
DA:12,130
DA:13,130
DA:14,130
DA:16,0
LF:11
LH:9
BRDA:6,0,0,0
BRDA:6,0,1,130
BRF:2
BRH:1
end_of_record
TN:
SF:src\middlewares\errorHandler.ts
FN:3,(anonymous_0)
FNF:1
FNH:0
FNDA:0,(anonymous_0)
DA:3,7
DA:9,0
DA:10,0
LF:3
LH:1
BRF:0
BRH:0
end_of_record
TN:
SF:src\models\Book.ts
FN:60,(anonymous_1)
FN:64,(anonymous_2)
FNF:2
FNH:0
FNDA:0,(anonymous_1)
FNDA:0,(anonymous_2)
DA:1,7
DA:2,7
DA:3,7
DA:15,7
DA:61,0
DA:65,0
DA:69,7
DA:186,7
LF:8
LH:6
BRF:0
BRH:0
end_of_record
TN:
SF:src\models\BookPhoto.ts
FNF:0
FNH:0
DA:1,7
DA:2,7
DA:3,7
DA:23,7
DA:61,7
LF:5
LH:5
BRF:0
BRH:0
end_of_record
TN:
SF:src\models\City.ts
FNF:0
FNH:0
DA:1,7
DA:2,7
DA:3,7
DA:19,7
DA:44,7
LF:5
LH:5
BRF:0
BRH:0
end_of_record
TN:
SF:src\models\Favorite.ts
FNF:0
FNH:0
DA:1,7
DA:2,7
DA:3,7
DA:4,7
DA:23,7
DA:67,7
LF:6
LH:6
BRF:0
BRH:0
end_of_record
TN:
SF:src\models\Notification.ts
FNF:0
FNH:0
DA:1,7
DA:2,7
DA:3,7
DA:4,7
DA:5,7
DA:35,7
DA:109,7
LF:7
LH:7
BRF:0
BRH:0
end_of_record
TN:
SF:src\models\OfferingBook.ts
FNF:0
FNH:0
DA:1,7
DA:2,7
DA:3,7
DA:4,7
DA:22,7
DA:58,7
LF:6
LH:6
BRF:0
BRH:0
end_of_record
TN:
SF:src\models\Region.ts
FNF:0
FNH:0
DA:1,7
DA:2,7
DA:16,7
DA:35,7
LF:4
LH:4
BRF:0
BRH:0
end_of_record
TN:
SF:src\models\Review.ts
FN:89,(anonymous_1)
FNF:1
FNH:1
FNDA:2,(anonymous_1)
DA:1,7
DA:2,7
DA:3,7
DA:4,7
DA:31,7
DA:90,2
DA:91,0
DA:118,7
LF:8
LH:7
BRDA:90,0,0,0
BRDA:90,0,1,2
BRDA:90,1,0,2
BRDA:90,1,1,2
BRDA:90,1,2,2
BRF:5
BRH:4
end_of_record
TN:
SF:src\models\Transfer.ts
FNF:0
FNH:0
DA:1,7
DA:2,7
DA:3,7
DA:4,7
DA:5,7
DA:42,7
DA:117,7
LF:7
LH:7
BRF:0
BRH:0
end_of_record
TN:
SF:src\models\User.ts
FN:86,(anonymous_1)
FNF:1
FNH:1
FNDA:53,(anonymous_1)
DA:1,7
DA:2,7
DA:4,7
DA:41,7
DA:87,53
DA:88,0
DA:130,7
LF:7
LH:6
BRDA:87,0,0,0
BRDA:87,0,1,53
BRDA:87,1,0,53
BRDA:87,1,1,2
BRDA:87,1,2,2
BRF:5
BRH:4
end_of_record
TN:
SF:src\models\index.ts
FNF:0
FNH:0
DA:2,7
DA:3,7
DA:4,7
DA:5,7
DA:6,7
DA:7,7
DA:8,7
DA:9,7
DA:10,7
DA:11,7
DA:13,7
DA:14,7
DA:16,7
DA:17,7
DA:19,7
DA:20,7
DA:22,7
DA:23,7
DA:25,7
DA:26,7
DA:27,7
DA:28,7
DA:29,7
DA:30,7
DA:32,7
DA:33,7
DA:34,7
DA:35,7
DA:37,7
DA:38,7
DA:39,7
DA:40,7
DA:41,7
DA:42,7
DA:46,7
DA:47,7
DA:49,7
DA:50,7
DA:53,7
DA:60,7
DA:69,7
DA:70,7
DA:71,7
DA:72,7
DA:73,7
DA:76,7
LF:46
LH:46
BRF:0
BRH:0
end_of_record
TN:
SF:src\repositories\bookRepository.ts
FN:63,(anonymous_1)
FN:170,(anonymous_2)
FN:177,(anonymous_3)
FN:201,(anonymous_4)
FN:260,(anonymous_5)
FN:294,(anonymous_6)
FN:324,(anonymous_7)
FN:336,(anonymous_8)
FN:348,(anonymous_9)
FN:357,(anonymous_10)
FN:373,(anonymous_11)
FN:374,(anonymous_12)
FN:383,(anonymous_13)
FN:402,(anonymous_14)
FN:423,(anonymous_15)
FNF:15
FNH:13
FNDA:2,(anonymous_1)
FNDA:0,(anonymous_2)
FNDA:0,(anonymous_3)
FNDA:49,(anonymous_4)
FNDA:50,(anonymous_5)
FNDA:49,(anonymous_6)
FNDA:2,(anonymous_7)
FNDA:2,(anonymous_8)
FNDA:1,(anonymous_9)
FNDA:48,(anonymous_10)
FNDA:46,(anonymous_11)
FNDA:46,(anonymous_12)
FNDA:46,(anonymous_13)
FNDA:1,(anonymous_14)
FNDA:1,(anonymous_15)
DA:1,7
DA:2,7
DA:3,7
DA:4,7
DA:5,7
DA:6,7
DA:7,7
DA:8,7
DA:9,7
DA:60,7
DA:64,2
DA:65,2
DA:66,2
DA:68,2
DA:69,0
DA:70,0
DA:71,0
DA:74,0
DA:75,0
DA:76,0
DA:77,0
DA:78,0
DA:79,0
DA:80,0
DA:81,0
DA:85,2
DA:86,2
DA:90,2
DA:91,0
DA:94,2
DA:95,1
DA:99,2
DA:100,0
DA:103,2
DA:104,0
DA:110,2
DA:112,2
DA:113,0
DA:116,2
DA:117,0
DA:124,2
DA:125,0
DA:134,2
DA:158,2
DA:160,2
DA:170,2
DA:171,0
DA:172,0
DA:174,0
DA:175,0
DA:176,0
DA:177,0
DA:181,0
DA:192,2
DA:202,49
DA:225,49
DA:226,48
DA:235,49
DA:236,49
DA:238,49
DA:243,49
DA:244,48
DA:247,49
DA:248,49
DA:249,49
DA:253,49
DA:256,49
DA:258,49
DA:260,50
DA:299,49
DA:324,49
DA:340,2
DA:341,2
DA:342,2
DA:344,0
DA:352,1
DA:361,48
DA:362,48
DA:366,48
DA:367,0
DA:369,48
DA:374,46
DA:380,46
DA:384,46
DA:403,1
DA:424,1
LF:86
LH:60
BRDA:68,0,0,0
BRDA:68,0,1,2
BRDA:68,1,0,2
BRDA:68,1,1,0
BRDA:69,2,0,0
BRDA:69,2,1,0
BRDA:70,3,0,0
BRDA:70,3,1,0
BRDA:74,4,0,0
BRDA:74,4,1,0
BRDA:74,5,0,0
BRDA:74,5,1,0
BRDA:77,6,0,0
BRDA:77,6,1,0
BRDA:79,7,0,0
BRDA:79,7,1,0
BRDA:85,8,0,2
BRDA:85,8,1,0
BRDA:90,9,0,0
BRDA:90,9,1,2
BRDA:90,10,0,2
BRDA:90,10,1,0
BRDA:94,11,0,1
BRDA:94,11,1,1
BRDA:94,12,0,2
BRDA:94,12,1,1
BRDA:99,13,0,0
BRDA:99,13,1,2
BRDA:99,14,0,2
BRDA:99,14,1,0
BRDA:103,15,0,0
BRDA:103,15,1,2
BRDA:103,16,0,2
BRDA:103,16,1,0
BRDA:112,17,0,0
BRDA:112,17,1,2
BRDA:112,18,0,2
BRDA:112,18,1,0
BRDA:116,19,0,0
BRDA:116,19,1,2
BRDA:116,20,0,2
BRDA:116,20,1,0
BRDA:124,21,0,0
BRDA:124,21,1,2
BRDA:175,22,0,0
BRDA:175,22,1,0
BRDA:175,23,0,0
BRDA:175,23,1,0
BRDA:176,24,0,0
BRDA:176,24,1,0
BRDA:185,25,0,0
BRDA:185,25,1,0
BRDA:186,26,0,0
BRDA:186,26,1,0
BRDA:225,27,0,48
BRDA:225,27,1,1
BRDA:236,28,0,0
BRDA:236,28,1,49
BRDA:238,29,0,49
BRDA:238,29,1,0
BRDA:243,30,0,48
BRDA:243,30,1,1
BRDA:256,31,0,49
BRDA:256,31,1,48
BRDA:269,32,0,49
BRDA:269,32,1,48
BRDA:270,33,0,49
BRDA:270,33,1,0
BRDA:272,34,0,48
BRDA:272,34,1,1
BRDA:273,35,0,49
BRDA:273,35,1,49
BRDA:275,36,0,49
BRDA:275,36,1,49
BRDA:276,37,0,49
BRDA:276,37,1,49
BRDA:282,38,0,49
BRDA:282,38,1,0
BRDA:287,39,0,49
BRDA:287,39,1,49
BRDA:297,40,0,49
BRDA:328,41,0,2
BRDA:328,41,1,0
BRDA:329,42,0,2
BRDA:329,42,1,0
BRDA:361,43,0,0
BRDA:361,43,1,48
BRDA:366,44,0,0
BRDA:366,44,1,48
BRDA:387,45,0,46
BRDA:387,45,1,0
BRDA:407,46,0,1
BRDA:407,46,1,0
BRF:93
BRH:47
end_of_record
TN:
SF:src\repositories\cityRepository.ts
FN:6,(anonymous_1)
FN:19,(anonymous_2)
FN:23,(anonymous_3)
FN:31,(anonymous_4)
FNF:4
FNH:1
FNDA:1,(anonymous_1)
FNDA:0,(anonymous_2)
FNDA:0,(anonymous_3)
FNDA:0,(anonymous_4)
DA:1,7
DA:2,7
DA:4,7
DA:7,1
DA:20,0
DA:24,0
DA:26,0
DA:31,0
LF:8
LH:4
BRF:0
BRH:0
end_of_record
TN:
SF:src\repositories\exchangeRepository.ts
FN:10,(anonymous_0)
FN:20,(anonymous_1)
FN:21,(anonymous_2)
FN:29,(anonymous_3)
FN:48,(anonymous_4)
FN:54,(anonymous_5)
FN:72,(anonymous_6)
FN:119,(anonymous_7)
FN:143,(anonymous_8)
FN:206,(anonymous_9)
FN:227,(anonymous_10)
FN:243,(anonymous_11)
FN:260,(anonymous_12)
FN:272,(anonymous_13)
FN:282,(anonymous_14)
FN:324,(anonymous_15)
FN:375,(anonymous_16)
FNF:17
FNH:14
FNDA:18,(anonymous_0)
FNDA:17,(anonymous_1)
FNDA:17,(anonymous_2)
FNDA:0,(anonymous_3)
FNDA:62,(anonymous_4)
FNDA:1,(anonymous_5)
FNDA:1,(anonymous_6)
FNDA:44,(anonymous_7)
FNDA:11,(anonymous_8)
FNDA:6,(anonymous_9)
FNDA:1,(anonymous_10)
FNDA:0,(anonymous_11)
FNDA:0,(anonymous_12)
FNDA:10,(anonymous_13)
FNDA:11,(anonymous_14)
FNDA:3,(anonymous_15)
FNDA:3,(anonymous_16)
DA:1,7
DA:2,7
DA:3,7
DA:7,7
DA:11,18
DA:21,17
DA:26,17
DA:30,0
DA:32,0
DA:33,0
DA:34,0
DA:36,0
DA:43,0
DA:49,62
DA:55,1
DA:74,1
DA:83,1
DA:85,1
DA:90,1
DA:95,1
DA:96,1
DA:97,2
DA:100,2
DA:101,2
DA:102,2
DA:106,1
DA:107,1
DA:113,1
DA:120,44
DA:121,44
DA:123,44
DA:124,43
DA:125,11
DA:129,11
DA:130,10
DA:132,11
DA:134,11
DA:139,11
DA:143,11
DA:144,11
DA:145,11
DA:151,32
DA:152,8
DA:157,24
DA:158,12
DA:159,6
DA:163,6
DA:164,6
DA:170,12
DA:171,12
DA:172,6
DA:178,12
DA:179,12
DA:180,6
DA:184,6
DA:185,6
DA:191,12
DA:192,12
DA:193,6
DA:201,6
DA:205,6
DA:206,6
DA:207,6
DA:208,6
DA:216,1
DA:217,1
DA:218,1
DA:222,1
DA:226,1
DA:227,1
DA:228,1
DA:229,1
DA:234,0
DA:235,0
DA:238,0
DA:242,0
DA:243,0
DA:244,0
DA:245,0
DA:250,0
DA:251,0
DA:255,0
DA:259,0
DA:260,0
DA:261,0
DA:262,0
DA:269,44
DA:274,10
DA:284,11
DA:292,11
DA:294,0
DA:295,0
DA:296,0
DA:299,0
DA:300,0
DA:301,0
DA:306,0
DA:307,0
DA:313,0
DA:326,3
DA:339,3
DA:341,3
DA:342,0
DA:346,3
DA:347,0
DA:348,0
DA:349,3
DA:350,1
DA:351,1
DA:352,2
DA:353,1
DA:357,1
DA:358,1
DA:359,1
DA:363,1
DA:366,3
DA:376,3
DA:377,3
LF:118
LH:86
BRDA:32,0,0,0
BRDA:32,0,1,0
BRDA:33,1,0,0
BRDA:33,1,1,0
BRDA:34,2,0,0
BRDA:34,2,1,0
BRDA:83,3,0,0
BRDA:83,3,1,1
BRDA:100,4,0,2
BRDA:100,4,1,0
BRDA:106,5,0,1
BRDA:106,5,1,0
BRDA:121,6,0,0
BRDA:121,6,1,44
BRDA:123,7,0,43
BRDA:123,7,1,1
BRDA:124,8,0,11
BRDA:124,8,1,32
BRDA:129,9,0,10
BRDA:129,9,1,1
BRDA:144,10,0,11
BRDA:144,10,1,0
BRDA:151,11,0,8
BRDA:151,11,1,24
BRDA:157,12,0,12
BRDA:157,12,1,12
BRDA:158,13,0,6
BRDA:158,13,1,6
BRDA:163,14,0,6
BRDA:163,14,1,0
BRDA:171,15,0,6
BRDA:171,15,1,6
BRDA:171,16,0,12
BRDA:171,16,1,6
BRDA:178,17,0,12
BRDA:178,17,1,0
BRDA:179,18,0,6
BRDA:179,18,1,6
BRDA:184,19,0,6
BRDA:184,19,1,0
BRDA:192,20,0,6
BRDA:192,20,1,6
BRDA:192,21,0,12
BRDA:192,21,1,6
BRDA:207,22,0,6
BRDA:207,22,1,0
BRDA:216,23,0,1
BRDA:216,23,1,0
BRDA:217,24,0,1
BRDA:217,24,1,0
BRDA:228,25,0,1
BRDA:228,25,1,0
BRDA:234,26,0,0
BRDA:234,26,1,0
BRDA:244,27,0,0
BRDA:244,27,1,0
BRDA:250,28,0,0
BRDA:250,28,1,0
BRDA:250,29,0,0
BRDA:250,29,1,0
BRDA:261,30,0,0
BRDA:261,30,1,0
BRDA:292,31,0,11
BRDA:292,31,1,0
BRDA:299,32,0,0
BRDA:299,32,1,0
BRDA:306,33,0,0
BRDA:306,33,1,0
BRDA:341,34,0,0
BRDA:341,34,1,3
BRDA:346,35,0,0
BRDA:346,35,1,3
BRDA:349,36,0,1
BRDA:349,36,1,2
BRDA:352,37,0,1
BRDA:352,37,1,1
BRDA:358,38,0,1
BRDA:358,38,1,0
BRF:78
BRH:42
end_of_record
TN:
SF:src\repositories\notificationRepository.ts
FN:7,(anonymous_0)
FN:17,(anonymous_1)
FN:35,(anonymous_2)
FN:43,(anonymous_3)
FNF:4
FNH:4
FNDA:70,(anonymous_0)
FNDA:1,(anonymous_1)
FNDA:1,(anonymous_2)
FNDA:1,(anonymous_3)
DA:3,7
DA:5,7
DA:14,70
DA:20,1
DA:32,1
DA:36,1
DA:40,1
DA:44,1
LF:8
LH:8
BRF:0
BRH:0
end_of_record
TN:
SF:src\repositories\userRepository.ts
FN:12,(anonymous_0)
FN:23,(anonymous_1)
FN:27,(anonymous_2)
FN:40,(anonymous_3)
FN:53,(anonymous_4)
FN:68,(anonymous_5)
FN:77,(anonymous_6)
FN:90,(anonymous_7)
FN:101,(anonymous_8)
FN:114,(anonymous_9)
FN:127,(anonymous_10)
FN:131,(anonymous_11)
FN:146,(anonymous_12)
FN:152,(anonymous_13)
FNF:14
FNH:11
FNDA:51,(anonymous_0)
FNDA:55,(anonymous_1)
FNDA:1,(anonymous_2)
FNDA:2,(anonymous_3)
FNDA:2,(anonymous_4)
FNDA:2,(anonymous_5)
FNDA:0,(anonymous_6)
FNDA:2,(anonymous_7)
FNDA:0,(anonymous_8)
FNDA:0,(anonymous_9)
FNDA:1,(anonymous_10)
FNDA:1,(anonymous_11)
FNDA:70,(anonymous_12)
FNDA:1,(anonymous_13)
DA:1,7
DA:2,7
DA:4,7
DA:5,7
DA:6,7
DA:10,7
DA:20,51
DA:24,55
DA:28,1
DA:41,2
DA:54,2
DA:55,2
DA:63,2
DA:65,2
DA:69,2
DA:77,2
DA:92,2
DA:101,2
DA:123,0
DA:128,1
DA:131,1
DA:147,70
DA:153,1
LF:23
LH:22
BRDA:81,0,0,0
BRDA:81,0,1,0
BRDA:82,1,0,0
BRDA:82,1,1,0
BRDA:109,2,0,0
BRDA:109,2,1,0
BRDA:134,3,0,1
BRDA:134,3,1,0
BRDA:139,4,0,1
BRDA:139,4,1,0
BRDA:140,5,0,1
BRDA:140,5,1,0
BRDA:140,6,0,0
BRDA:140,6,1,0
BRDA:141,7,0,1
BRDA:141,7,1,0
BRDA:142,8,0,1
BRDA:142,8,1,1
BRF:18
BRH:6
end_of_record
TN:
SF:src\routes\authRoutes.ts
FNF:0
FNH:0
DA:1,7
DA:2,7
DA:4,7
DA:6,7
DA:7,7
DA:9,7
LF:6
LH:6
BRF:0
BRH:0
end_of_record
TN:
SF:src\routes\bookRoutes.ts
FNF:0
FNH:0
DA:1,7
DA:2,7
DA:3,7
DA:4,7
DA:7,7
DA:9,7
DA:10,7
DA:11,7
DA:12,7
DA:14,7
DA:15,7
DA:16,7
DA:18,7
LF:13
LH:13
BRF:0
BRH:0
end_of_record
TN:
SF:src\routes\cityRoutes.ts
FNF:0
FNH:0
DA:1,7
DA:2,7
DA:4,7
DA:6,7
DA:8,7
LF:5
LH:5
BRF:0
BRH:0
end_of_record
TN:
SF:src\routes\exchangeRoutes.ts
FNF:0
FNH:0
DA:1,7
DA:2,7
DA:3,7
DA:7,7
DA:9,7
DA:10,7
DA:11,7
DA:13,7
DA:14,7
DA:16,7
LF:10
LH:10
BRF:0
BRH:0
end_of_record
TN:
SF:src\routes\reviewRoutes.ts
FNF:0
FNH:0
DA:1,7
DA:2,7
DA:3,7
DA:7,7
DA:9,7
DA:11,7
LF:6
LH:6
BRF:0
BRH:0
end_of_record
TN:
SF:src\routes\userRoutes.ts
FNF:0
FNH:0
DA:1,7
DA:2,7
DA:3,7
DA:4,7
DA:5,7
DA:7,7
DA:11,7
DA:12,7
DA:13,7
DA:14,7
DA:15,7
DA:16,7
DA:18,7
LF:13
LH:13
BRF:0
BRH:0
end_of_record
TN:
SF:src\services\bookService.ts
FN:11,(anonymous_1)
FN:19,(anonymous_2)
FN:27,(anonymous_3)
FN:37,(anonymous_4)
FN:45,(anonymous_5)
FN:76,(anonymous_6)
FN:105,(anonymous_7)
FN:115,(anonymous_8)
FN:124,(anonymous_9)
FNF:9
FNH:9
FNDA:2,(anonymous_1)
FNDA:49,(anonymous_2)
FNDA:2,(anonymous_3)
FNDA:46,(anonymous_4)
FNDA:1,(anonymous_5)
FNDA:1,(anonymous_6)
FNDA:1,(anonymous_7)
FNDA:1,(anonymous_8)
FNDA:1,(anonymous_9)
DA:1,7
DA:3,7
DA:4,7
DA:5,7
DA:9,7
DA:12,2
DA:14,2
DA:20,49
DA:21,49
DA:22,0
DA:24,49
DA:28,2
DA:30,2
DA:31,0
DA:33,2
DA:38,46
DA:39,46
DA:40,46
DA:42,46
DA:46,1
DA:47,1
DA:48,0
DA:50,1
DA:51,0
DA:53,1
DA:56,1
DA:57,0
DA:61,1
DA:62,0
DA:64,0
DA:66,0
DA:74,1
DA:75,1
DA:76,1
DA:82,1
DA:85,1
DA:90,1
DA:91,1
DA:92,2
DA:100,1
DA:106,1
DA:107,1
DA:108,0
DA:110,1
DA:111,0
DA:114,1
DA:115,1
DA:117,1
DA:118,1
DA:119,0
DA:121,1
DA:125,1
DA:127,1
DA:128,1
LF:54
LH:43
BRDA:21,0,0,0
BRDA:21,0,1,49
BRDA:30,1,0,0
BRDA:30,1,1,2
BRDA:39,2,0,46
BRDA:39,2,1,0
BRDA:39,3,0,46
BRDA:39,3,1,46
BRDA:47,4,0,0
BRDA:47,4,1,1
BRDA:50,5,0,0
BRDA:50,5,1,1
BRDA:56,6,0,0
BRDA:56,6,1,1
BRDA:61,7,0,0
BRDA:61,7,1,1
BRDA:61,8,0,1
BRDA:61,8,1,0
BRDA:74,9,0,1
BRDA:74,9,1,0
BRDA:75,10,0,1
BRDA:75,10,1,1
BRDA:90,11,0,1
BRDA:90,11,1,0
BRDA:107,12,0,0
BRDA:107,12,1,1
BRDA:110,13,0,0
BRDA:110,13,1,1
BRDA:118,14,0,0
BRDA:118,14,1,1
BRDA:127,15,0,0
BRDA:127,15,1,1
BRF:32
BRH:18
end_of_record
TN:
SF:src\services\exchangeService.ts
FN:15,(anonymous_0)
FN:64,(anonymous_1)
FN:96,(anonymous_2)
FN:125,(anonymous_3)
FN:137,(anonymous_4)
FN:147,(anonymous_5)
FN:156,(anonymous_6)
FN:159,(anonymous_7)
FN:177,(anonymous_8)
FN:195,(anonymous_9)
FNF:10
FNH:9
FNDA:18,(anonymous_0)
FNDA:1,(anonymous_1)
FNDA:1,(anonymous_2)
FNDA:0,(anonymous_3)
FNDA:1,(anonymous_4)
FNDA:1,(anonymous_5)
FNDA:3,(anonymous_6)
FNDA:3,(anonymous_7)
FNDA:3,(anonymous_8)
FNDA:44,(anonymous_9)
DA:3,7
DA:4,7
DA:5,7
DA:6,7
DA:7,7
DA:12,7
DA:16,18
DA:17,18
DA:18,0
DA:21,18
DA:22,1
DA:25,17
DA:26,0
DA:29,17
DA:33,17
DA:34,0
DA:37,17
DA:38,17
DA:39,0
DA:41,17
DA:42,0
DA:46,17
DA:48,17
DA:53,17
DA:61,17
DA:65,1
DA:66,1
DA:67,0
DA:70,1
DA:71,0
DA:74,1
DA:75,0
DA:78,1
DA:85,1
DA:93,1
DA:97,1
DA:106,1
DA:108,1
DA:109,1
DA:110,1
DA:111,0
DA:113,1
DA:114,1
DA:115,1
DA:124,1
DA:125,1
DA:127,1
DA:128,1
DA:137,1
DA:148,1
DA:149,1
DA:150,0
DA:153,1
DA:157,3
DA:159,3
DA:160,3
DA:161,3
DA:162,3
DA:163,3
DA:164,3
DA:166,3
DA:177,3
DA:190,3
DA:196,44
DA:197,44
DA:198,0
DA:202,44
DA:203,44
DA:204,44
DA:205,44
DA:212,44
DA:213,6
DA:223,44
LF:73
LH:62
BRDA:17,0,0,0
BRDA:17,0,1,18
BRDA:21,1,0,1
BRDA:21,1,1,17
BRDA:25,2,0,0
BRDA:25,2,1,17
BRDA:33,3,0,0
BRDA:33,3,1,17
BRDA:38,4,0,0
BRDA:38,4,1,17
BRDA:41,5,0,0
BRDA:41,5,1,17
BRDA:66,6,0,0
BRDA:66,6,1,1
BRDA:70,7,0,0
BRDA:70,7,1,1
BRDA:74,8,0,0
BRDA:74,8,1,1
BRDA:110,9,0,0
BRDA:110,9,1,1
BRDA:113,10,0,1
BRDA:113,10,1,0
BRDA:114,11,0,1
BRDA:114,11,1,0
BRDA:127,12,0,1
BRDA:127,12,1,0
BRDA:131,13,0,1
BRDA:131,13,1,1
BRDA:140,14,0,1
BRDA:140,14,1,0
BRDA:149,15,0,0
BRDA:149,15,1,1
BRDA:163,16,0,3
BRDA:163,16,1,0
BRDA:168,17,0,1
BRDA:168,17,1,2
BRDA:169,18,0,1
BRDA:169,18,1,2
BRDA:169,19,0,2
BRDA:169,19,1,2
BRDA:170,20,0,1
BRDA:170,20,1,2
BRDA:174,21,0,3
BRDA:174,21,1,0
BRDA:175,22,0,3
BRDA:175,22,1,0
BRDA:178,23,0,3
BRDA:178,23,1,0
BRDA:179,24,0,3
BRDA:179,24,1,0
BRDA:180,25,0,3
BRDA:180,25,1,0
BRDA:185,26,0,3
BRDA:185,26,1,3
BRDA:197,27,0,0
BRDA:197,27,1,44
BRDA:203,28,0,44
BRDA:203,28,1,0
BRDA:204,29,0,24
BRDA:204,29,1,20
BRDA:212,30,0,6
BRDA:212,30,1,38
BRDA:212,31,0,44
BRDA:212,31,1,38
BRF:64
BRH:42
end_of_record
TN:
SF:src\services\notificationService.ts
FN:9,(anonymous_0)
FN:22,(anonymous_1)
FN:31,(anonymous_2)
FNF:3
FNH:3
FNDA:70,(anonymous_0)
FNDA:1,(anonymous_1)
FNDA:1,(anonymous_2)
DA:3,7
DA:4,7
DA:6,7
DA:16,70
DA:17,70
DA:18,70
DA:23,1
DA:24,1
DA:25,0
DA:27,1
DA:28,1
DA:32,1
DA:33,1
DA:34,0
DA:36,1
LF:15
LH:13
BRDA:24,0,0,0
BRDA:24,0,1,1
BRDA:33,1,0,0
BRDA:33,1,1,1
BRF:4
BRH:2
end_of_record
TN:
SF:src\services\reviewService.ts
FN:9,(anonymous_0)
FN:21,(anonymous_1)
FN:27,(anonymous_2)
FNF:3
FNH:3
FNDA:2,(anonymous_0)
FNDA:2,(anonymous_1)
FNDA:5,(anonymous_2)
DA:1,7
DA:3,7
DA:4,7
DA:7,7
DA:10,2
DA:16,2
DA:17,0
DA:18,0
DA:21,2
DA:23,2
DA:29,5
DA:31,5
DA:32,1
DA:35,4
DA:36,1
DA:39,3
DA:42,3
DA:43,1
DA:46,2
DA:48,2
DA:56,2
DA:58,2
DA:65,2
LF:23
LH:21
BRDA:16,0,0,0
BRDA:16,0,1,2
BRDA:31,1,0,1
BRDA:31,1,1,4
BRDA:31,2,0,5
BRDA:31,2,1,5
BRDA:31,2,2,1
BRDA:35,3,0,1
BRDA:35,3,1,3
BRDA:35,4,0,4
BRDA:35,4,1,4
BRDA:42,5,0,1
BRDA:42,5,1,2
BRDA:46,6,0,2
BRDA:46,6,1,0
BRDA:53,7,0,2
BRDA:53,7,1,1
BRF:17
BRH:15
end_of_record
TN:
SF:src\services\userService.ts
FN:7,(anonymous_0)
FN:30,(anonymous_1)
FN:50,(anonymous_2)
FN:62,(anonymous_3)
FN:88,(anonymous_4)
FN:112,(anonymous_5)
FN:130,(anonymous_6)
FNF:7
FNH:5
FNDA:52,(anonymous_0)
FNDA:3,(anonymous_1)
FNDA:1,(anonymous_2)
FNDA:2,(anonymous_3)
FNDA:0,(anonymous_4)
FNDA:0,(anonymous_5)
FNDA:1,(anonymous_6)
DA:1,7
DA:2,7
DA:3,7
DA:7,7
DA:8,52
DA:9,52
DA:10,1
DA:13,51
DA:15,51
DA:24,51
DA:25,51
DA:27,51
DA:30,7
DA:31,3
DA:32,3
DA:33,1
DA:36,2
DA:38,2
DA:39,1
DA:42,1
DA:44,1
DA:46,1
DA:50,7
DA:51,1
DA:52,1
DA:53,0
DA:56,1
DA:62,7
DA:63,2
DA:64,2
DA:65,0
DA:68,2
DA:69,2
DA:70,2
DA:73,2
DA:88,0
DA:112,7
DA:113,0
DA:114,0
DA:115,0
DA:117,0
DA:130,7
DA:131,1
LF:43
LH:36
BRDA:9,0,0,1
BRDA:9,0,1,51
BRDA:32,1,0,1
BRDA:32,1,1,2
BRDA:38,2,0,1
BRDA:38,2,1,1
BRDA:52,3,0,0
BRDA:52,3,1,1
BRDA:64,4,0,0
BRDA:64,4,1,2
BRDA:77,5,0,2
BRDA:77,5,1,2
BRDA:80,6,0,0
BRDA:80,6,1,2
BRDA:81,7,0,2
BRDA:81,7,1,2
BRDA:82,8,0,2
BRDA:82,8,1,1
BRDA:114,9,0,0
BRDA:114,9,1,0
BRF:20
BRH:15
end_of_record
TN:
SF:src\utils\bcrypt.ts
FN:4,(anonymous_1)
FN:8,(anonymous_2)
FNF:2
FNH:2
FNDA:51,(anonymous_1)
FNDA:2,(anonymous_2)
DA:1,7
DA:4,7
DA:5,51
DA:8,7
DA:9,2
LF:5
LH:5
BRF:0
BRH:0
end_of_record
TN:
SF:src\utils\fs.ts
FN:4,(anonymous_1)
FNF:1
FNH:1
FNDA:1,(anonymous_1)
DA:1,7
DA:2,7
DA:4,7
DA:6,1
DA:8,1
DA:10,1
DA:11,1
LF:7
LH:7
BRDA:6,0,0,0
BRDA:6,0,1,1
BRDA:6,1,0,1
BRDA:6,1,1,1
BRDA:10,2,0,1
BRDA:10,2,1,0
BRF:6
BRH:4
end_of_record
TN:
SF:src\utils\jwt.ts
FN:4,(anonymous_1)
FN:8,(anonymous_2)
FNF:2
FNH:2
FNDA:52,(anonymous_1)
FNDA:133,(anonymous_2)
DA:1,7
DA:2,7
DA:4,7
DA:5,52
DA:8,7
DA:9,133
LF:6
LH:6
BRF:0
BRH:0
end_of_record
